<?xml version="1.0" ?>
<!DOCTYPE coverage SYSTEM "http://cobertura.sourceforge.net/xml/coverage-04.dtd">
<coverage lines-valid="2001" lines-covered="405" line-rate="0.2023" branches-valid="1298" branches-covered="239" branch-rate="0.1841" timestamp="1750966111707" complexity="0" version="0.1">
  <sources>
    <source>/Users/z/work/hanzo/chat/packages/api</source>
  </sources>
  <packages>
    <package name="src" line-rate="1" branch-rate="1">
      <classes>
        <class name="index.ts" filename="src/index.ts" line-rate="1" branch-rate="1">
          <methods>
          </methods>
          <lines>
          </lines>
        </class>
      </classes>
    </package>
    <package name="src.agents" line-rate="0.2959" branch-rate="0.29510000000000003">
      <classes>
        <class name="auth.ts" filename="src/agents/auth.ts" line-rate="0" branch-rate="0">
          <methods>
            <method name="getPluginAuthMap" hits="0" signature="()V">
              <lines>
                <line number="18" hits="0"/>
              </lines>
            </method>
            <method name="(anonymous_1)" hits="0" signature="()V">
              <lines>
                <line number="55" hits="0"/>
              </lines>
            </method>
            <method name="(anonymous_2)" hits="0" signature="()V">
              <lines>
                <line number="81" hits="0"/>
              </lines>
            </method>
          </methods>
          <lines>
            <line number="24" hits="0" branch="false"/>
            <line number="26" hits="0" branch="true" condition-coverage="0% (0/2)"/>
            <line number="27" hits="0" branch="false"/>
            <line number="31" hits="0" branch="false"/>
            <line number="34" hits="0" branch="false"/>
            <line number="35" hits="0" branch="false"/>
            <line number="36" hits="0" branch="true" condition-coverage="0% (0/2)"/>
            <line number="37" hits="0" branch="false"/>
            <line number="38" hits="0" branch="false"/>
            <line number="40" hits="0" branch="true" condition-coverage="0% (0/2)"/>
            <line number="41" hits="0" branch="false"/>
            <line number="42" hits="0" branch="false"/>
            <line number="45" hits="0" branch="false"/>
            <line number="46" hits="0" branch="false"/>
            <line number="49" hits="0" branch="false"/>
            <line number="50" hits="0" branch="false"/>
            <line number="51" hits="0" branch="true" condition-coverage="0% (0/2)"/>
            <line number="53" hits="0" branch="false"/>
            <line number="54" hits="0" branch="false"/>
            <line number="56" hits="0" branch="false"/>
            <line number="57" hits="0" branch="false"/>
            <line number="58" hits="0" branch="false"/>
            <line number="60" hits="0" branch="true" condition-coverage="0% (0/2)"/>
            <line number="61" hits="0" branch="false"/>
            <line number="65" hits="0" branch="true" condition-coverage="0% (0/2)"/>
            <line number="66" hits="0" branch="false"/>
            <line number="76" hits="0" branch="false"/>
            <line number="77" hits="0" branch="false"/>
            <line number="79" hits="0" branch="true" condition-coverage="0% (0/2)"/>
            <line number="81" hits="0" branch="false"/>
            <line number="82" hits="0" branch="false"/>
            <line number="83" hits="0" branch="false"/>
            <line number="87" hits="0" branch="true" condition-coverage="0% (0/2)"/>
            <line number="88" hits="0" branch="false"/>
            <line number="91" hits="0" branch="false"/>
          </lines>
        </class>
        <class name="config.ts" filename="src/agents/config.ts" line-rate="0" branch-rate="0">
          <methods>
            <method name="agentsConfigSetup" hits="0" signature="()V">
              <lines>
                <line number="12" hits="0"/>
              </lines>
            </method>
          </methods>
          <lines>
            <line number="16" hits="0" branch="false"/>
            <line number="18" hits="0" branch="true" condition-coverage="0% (0/2)"/>
            <line number="19" hits="0" branch="true" condition-coverage="0% (0/2)"/>
            <line number="22" hits="0" branch="false"/>
            <line number="23" hits="0" branch="false"/>
          </lines>
        </class>
        <class name="index.ts" filename="src/agents/index.ts" line-rate="1" branch-rate="1">
          <methods>
          </methods>
          <lines>
          </lines>
        </class>
        <class name="memory.ts" filename="src/agents/memory.ts" line-rate="0" branch-rate="0">
          <methods>
            <method name="(anonymous_0)" hits="0" signature="()V">
              <lines>
                <line number="40" hits="0"/>
              </lines>
            </method>
            <method name="(anonymous_1)" hits="0" signature="()V">
              <lines>
                <line number="52" hits="0"/>
              </lines>
            </method>
            <method name="(anonymous_2)" hits="0" signature="()V">
              <lines>
                <line number="74" hits="0"/>
              </lines>
            </method>
            <method name="(anonymous_3)" hits="0" signature="()V">
              <lines>
                <line number="88" hits="0"/>
              </lines>
            </method>
            <method name="(anonymous_4)" hits="0" signature="()V">
              <lines>
                <line number="162" hits="0"/>
              </lines>
            </method>
            <method name="(anonymous_5)" hits="0" signature="()V">
              <lines>
                <line number="172" hits="0"/>
              </lines>
            </method>
            <method name="(anonymous_6)" hits="0" signature="()V">
              <lines>
                <line number="221" hits="0"/>
              </lines>
            </method>
            <method name="(anonymous_7)" hits="0" signature="()V">
              <lines>
                <line number="224" hits="0"/>
              </lines>
            </method>
            <method name="processMemory" hits="0" signature="()V">
              <lines>
                <line number="242" hits="0"/>
              </lines>
            </method>
            <method name="createMemoryProcessor" hits="0" signature="()V">
              <lines>
                <line number="356" hits="0"/>
              </lines>
            </method>
            <method name="(anonymous_10)" hits="0" signature="()V">
              <lines>
                <line number="380" hits="0"/>
              </lines>
            </method>
            <method name="handleMemoryArtifact" hits="0" signature="()V">
              <lines>
                <line number="404" hits="0"/>
              </lines>
            </method>
            <method name="createMemoryCallback" hits="0" signature="()V">
              <lines>
                <line number="448" hits="0"/>
              </lines>
            </method>
            <method name="(anonymous_13)" hits="0" signature="()V">
              <lines>
                <line number="455" hits="0"/>
              </lines>
            </method>
            <method name="(anonymous_14)" hits="0" signature="()V">
              <lines>
                <line number="462" hits="0"/>
              </lines>
            </method>
          </methods>
          <lines>
            <line number="38" hits="0" branch="false"/>
            <line number="40" hits="0" branch="false"/>
            <line number="43" hits="0" branch="false"/>
            <line number="52" hits="0" branch="false"/>
            <line number="74" hits="0" branch="false"/>
            <line number="87" hits="0" branch="false"/>
            <line number="89" hits="0" branch="false"/>
            <line number="90" hits="0" branch="true" condition-coverage="0% (0/5)"/>
            <line number="91" hits="0" branch="false"/>
            <line number="96" hits="0" branch="false"/>
            <line number="99" hits="0" branch="false"/>
            <line number="101" hits="0" branch="true" condition-coverage="0% (0/4)"/>
            <line number="102" hits="0" branch="false"/>
            <line number="105" hits="0" branch="false"/>
            <line number="108" hits="0" branch="true" condition-coverage="0% (0/4)"/>
            <line number="109" hits="0" branch="false"/>
            <line number="110" hits="0" branch="false"/>
            <line number="113" hits="0" branch="false"/>
            <line number="116" hits="0" branch="false"/>
            <line number="125" hits="0" branch="false"/>
            <line number="126" hits="0" branch="true" condition-coverage="0% (0/2)"/>
            <line number="127" hits="0" branch="false"/>
            <line number="128" hits="0" branch="false"/>
            <line number="130" hits="0" branch="false"/>
            <line number="131" hits="0" branch="false"/>
            <line number="133" hits="0" branch="false"/>
            <line number="134" hits="0" branch="false"/>
            <line number="162" hits="0" branch="false"/>
            <line number="171" hits="0" branch="false"/>
            <line number="173" hits="0" branch="false"/>
            <line number="174" hits="0" branch="true" condition-coverage="0% (0/5)"/>
            <line number="175" hits="0" branch="false"/>
            <line number="180" hits="0" branch="false"/>
            <line number="183" hits="0" branch="false"/>
            <line number="190" hits="0" branch="false"/>
            <line number="191" hits="0" branch="true" condition-coverage="0% (0/2)"/>
            <line number="192" hits="0" branch="false"/>
            <line number="193" hits="0" branch="false"/>
            <line number="195" hits="0" branch="false"/>
            <line number="196" hits="0" branch="false"/>
            <line number="198" hits="0" branch="false"/>
            <line number="199" hits="0" branch="false"/>
            <line number="222" hits="0" branch="false"/>
            <line number="229" hits="0" branch="true" condition-coverage="0% (0/2)"/>
            <line number="230" hits="0" branch="false"/>
            <line number="231" hits="0" branch="false"/>
            <line number="233" hits="0" branch="false"/>
            <line number="234" hits="0" branch="true" condition-coverage="0% (0/2)"/>
            <line number="235" hits="0" branch="false"/>
            <line number="236" hits="0" branch="false"/>
            <line number="238" hits="0" branch="false"/>
            <line number="271" hits="0" branch="false"/>
            <line number="272" hits="0" branch="false"/>
            <line number="273" hits="0" branch="false"/>
            <line number="279" hits="0" branch="false"/>
            <line number="281" hits="0" branch="true" condition-coverage="0% (0/2)"/>
            <line number="283" hits="0" branch="true" condition-coverage="0% (0/2)"/>
            <line number="284" hits="0" branch="false"/>
            <line number="285" hits="0" branch="false"/>
            <line number="294" hits="0" branch="false"/>
            <line number="302" hits="0" branch="false"/>
            <line number="312" hits="0" branch="false"/>
            <line number="313" hits="0" branch="false"/>
            <line number="314" hits="0" branch="false"/>
            <line number="318" hits="0" branch="false"/>
            <line number="332" hits="0" branch="false"/>
            <line number="341" hits="0" branch="false"/>
            <line number="344" hits="0" branch="false"/>
            <line number="345" hits="0" branch="true" condition-coverage="0% (0/2)"/>
            <line number="346" hits="0" branch="false"/>
            <line number="348" hits="0" branch="false"/>
            <line number="350" hits="0" branch="false"/>
            <line number="352" hits="0" branch="false"/>
            <line number="371" hits="0" branch="false"/>
            <line number="372" hits="0" branch="true" condition-coverage="0% (0/2)"/>
            <line number="374" hits="0" branch="false"/>
            <line number="378" hits="0" branch="false"/>
            <line number="381" hits="0" branch="false"/>
            <line number="382" hits="0" branch="false"/>
            <line number="398" hits="0" branch="false"/>
            <line number="413" hits="0" branch="false"/>
            <line number="414" hits="0" branch="true" condition-coverage="0% (0/2)"/>
            <line number="415" hits="0" branch="false"/>
            <line number="418" hits="0" branch="true" condition-coverage="0% (0/2)"/>
            <line number="419" hits="0" branch="false"/>
            <line number="422" hits="0" branch="false"/>
            <line number="423" hits="0" branch="true" condition-coverage="0% (0/2)"/>
            <line number="424" hits="0" branch="false"/>
            <line number="427" hits="0" branch="false"/>
            <line number="434" hits="0" branch="true" condition-coverage="0% (0/2)"/>
            <line number="435" hits="0" branch="false"/>
            <line number="437" hits="0" branch="false"/>
            <line number="438" hits="0" branch="false"/>
            <line number="455" hits="0" branch="false"/>
            <line number="456" hits="0" branch="false"/>
            <line number="457" hits="0" branch="false"/>
            <line number="458" hits="0" branch="true" condition-coverage="0% (0/2)"/>
            <line number="459" hits="0" branch="false"/>
            <line number="461" hits="0" branch="false"/>
            <line number="463" hits="0" branch="false"/>
            <line number="464" hits="0" branch="false"/>
          </lines>
        </class>
        <class name="resources.ts" filename="src/agents/resources.ts" line-rate="0.9704999999999999" branch-rate="0.875">
          <methods>
            <method name="(anonymous_0)" hits="12" signature="()V">
              <lines>
                <line number="30" hits="12"/>
              </lines>
            </method>
            <method name="(anonymous_1)" hits="2" signature="()V">
              <lines>
                <line number="60" hits="2"/>
              </lines>
            </method>
            <method name="(anonymous_2)" hits="37" signature="()V">
              <lines>
                <line number="80" hits="37"/>
              </lines>
            </method>
            <method name="(anonymous_3)" hits="23" signature="()V">
              <lines>
                <line number="142" hits="23"/>
              </lines>
            </method>
            <method name="(anonymous_4)" hits="1" signature="()V">
              <lines>
                <line number="269" hits="1"/>
              </lines>
            </method>
          </methods>
          <lines>
            <line number="30" hits="1" branch="false"/>
            <line number="41" hits="12" branch="true" condition-coverage="50% (1/2)"/>
            <line number="42" hits="0" branch="false"/>
            <line number="45" hits="12" branch="false"/>
            <line number="46" hits="12" branch="true" condition-coverage="100% (2/2)"/>
            <line number="47" hits="5" branch="false"/>
            <line number="50" hits="7" branch="true" condition-coverage="100% (2/2)"/>
            <line number="51" hits="7" branch="true" condition-coverage="100% (2/2)"/>
            <line number="52" hits="5" branch="false"/>
            <line number="59" hits="7" branch="false"/>
            <line number="60" hits="7" branch="false"/>
            <line number="62" hits="7" branch="true" condition-coverage="50% (1/2)"/>
            <line number="63" hits="7" branch="false"/>
            <line number="64" hits="7" branch="false"/>
            <line number="80" hits="1" branch="false"/>
            <line number="91" hits="37" branch="true" condition-coverage="100% (2/2)"/>
            <line number="92" hits="8" branch="false"/>
            <line number="98" hits="8" branch="false"/>
            <line number="101" hits="29" branch="true" condition-coverage="100% (2/2)"/>
            <line number="102" hits="2" branch="false"/>
            <line number="108" hits="2" branch="false"/>
            <line number="111" hits="27" branch="true" condition-coverage="100% (2/2)"/>
            <line number="117" hits="2" branch="false"/>
            <line number="142" hits="1" branch="false"/>
            <line number="158" hits="23" branch="false"/>
            <line number="163" hits="23" branch="false"/>
            <line number="169" hits="23" branch="false"/>
            <line number="175" hits="23" branch="false"/>
            <line number="180" hits="23" branch="true" condition-coverage="100% (2/2)"/>
            <line number="183" hits="23" branch="false"/>
            <line number="184" hits="14" branch="true" condition-coverage="100% (4/4)"/>
            <line number="185" hits="4" branch="false"/>
            <line number="186" hits="4" branch="true" condition-coverage="50% (1/2)"/>
            <line number="187" hits="4" branch="false"/>
            <line number="189" hits="4" branch="true" condition-coverage="50% (1/2)"/>
            <line number="190" hits="4" branch="false"/>
            <line number="197" hits="23" branch="true" condition-coverage="50% (1/2)"/>
            <line number="201" hits="22" branch="true" condition-coverage="100% (4/4)"/>
            <line number="202" hits="8" branch="false"/>
            <line number="210" hits="7" branch="false"/>
            <line number="211" hits="9" branch="true" condition-coverage="50% (1/2)"/>
            <line number="212" hits="0" branch="false"/>
            <line number="216" hits="9" branch="false"/>
            <line number="219" hits="9" branch="false"/>
            <line number="220" hits="9" branch="false"/>
            <line number="223" hits="9" branch="false"/>
            <line number="232" hits="21" branch="true" condition-coverage="100% (2/2)"/>
            <line number="233" hits="3" branch="true" condition-coverage="100% (2/2)"/>
            <line number="236" hits="18" branch="false"/>
            <line number="238" hits="17" branch="false"/>
            <line number="239" hits="29" branch="true" condition-coverage="100% (2/2)"/>
            <line number="240" hits="1" branch="false"/>
            <line number="243" hits="28" branch="false"/>
            <line number="250" hits="28" branch="true" condition-coverage="100% (4/4)"/>
            <line number="251" hits="11" branch="false"/>
            <line number="254" hits="17" branch="false"/>
            <line number="255" hits="17" branch="true" condition-coverage="100% (2/2)"/>
            <line number="256" hits="16" branch="false"/>
            <line number="260" hits="17" branch="true" condition-coverage="100% (2/2)"/>
            <line number="262" hits="3" branch="false"/>
            <line number="265" hits="3" branch="false"/>
            <line number="266" hits="3" branch="true" condition-coverage="100% (2/2)"/>
            <line number="267" hits="2" branch="false"/>
            <line number="268" hits="2" branch="false"/>
            <line number="269" hits="1" branch="true" condition-coverage="50% (1/2)"/>
            <line number="272" hits="1" branch="false"/>
            <line number="273" hits="1" branch="false"/>
            <line number="277" hits="3" branch="false"/>
          </lines>
        </class>
        <class name="run.ts" filename="src/agents/run.ts" line-rate="0" branch-rate="0">
          <methods>
            <method name="createRun" hits="0" signature="()V">
              <lines>
                <line number="33" hits="0"/>
              </lines>
            </method>
          </methods>
          <lines>
            <line number="13" hits="0" branch="false"/>
            <line number="49" hits="0" branch="true" condition-coverage="0% (0/2)"/>
            <line number="53" hits="0" branch="false"/>
            <line number="63" hits="0" branch="true" condition-coverage="0% (0/2)"/>
            <line number="67" hits="0" branch="false"/>
            <line number="68" hits="0" branch="false"/>
            <line number="72" hits="0" branch="true" condition-coverage="0% (0/2)"/>
            <line number="73" hits="0" branch="false"/>
            <line number="74" hits="0" branch="true" condition-coverage="0% (0/2)"/>
            <line number="78" hits="0" branch="false"/>
            <line number="81" hits="0" branch="false"/>
            <line number="92" hits="0" branch="true" condition-coverage="0% (0/4)"/>
            <line number="93" hits="0" branch="false"/>
            <line number="96" hits="0" branch="false"/>
          </lines>
        </class>
      </classes>
    </package>
    <package name="src.crypto" line-rate="0" branch-rate="0">
      <classes>
        <class name="encryption.ts" filename="src/crypto/encryption.ts" line-rate="0" branch-rate="0">
          <methods>
            <method name="encrypt" hits="0" signature="()V">
              <lines>
                <line number="12" hits="0"/>
              </lines>
            </method>
            <method name="decrypt" hits="0" signature="()V">
              <lines>
                <line number="26" hits="0"/>
              </lines>
            </method>
            <method name="encryptV2" hits="0" signature="()V">
              <lines>
                <line number="42" hits="0"/>
              </lines>
            </method>
            <method name="decryptV2" hits="0" signature="()V">
              <lines>
                <line number="57" hits="0"/>
              </lines>
            </method>
            <method name="encryptV3" hits="0" signature="()V">
              <lines>
                <line number="87" hits="0"/>
              </lines>
            </method>
            <method name="decryptV3" hits="0" signature="()V">
              <lines>
                <line number="97" hits="0"/>
              </lines>
            </method>
            <method name="getRandomValues" hits="0" signature="()V">
              <lines>
                <line number="109" hits="0"/>
              </lines>
            </method>
            <method name="hashBackupCode" hits="0" signature="()V">
              <lines>
                <line number="123" hits="0"/>
              </lines>
            </method>
            <method name="(anonymous_8)" hits="0" signature="()V">
              <lines>
                <line number="128" hits="0"/>
              </lines>
            </method>
          </methods>
          <lines>
            <line number="3" hits="0" branch="false"/>
            <line number="6" hits="0" branch="true" condition-coverage="0% (0/2)"/>
            <line number="7" hits="0" branch="true" condition-coverage="0% (0/2)"/>
            <line number="8" hits="0" branch="false"/>
            <line number="13" hits="0" branch="false"/>
            <line number="16" hits="0" branch="false"/>
            <line number="17" hits="0" branch="false"/>
            <line number="18" hits="0" branch="false"/>
            <line number="23" hits="0" branch="false"/>
            <line number="27" hits="0" branch="false"/>
            <line number="30" hits="0" branch="false"/>
            <line number="31" hits="0" branch="false"/>
            <line number="36" hits="0" branch="false"/>
            <line number="37" hits="0" branch="false"/>
            <line number="43" hits="0" branch="false"/>
            <line number="44" hits="0" branch="false"/>
            <line number="47" hits="0" branch="false"/>
            <line number="48" hits="0" branch="false"/>
            <line number="49" hits="0" branch="false"/>
            <line number="54" hits="0" branch="false"/>
            <line number="58" hits="0" branch="false"/>
            <line number="59" hits="0" branch="true" condition-coverage="0% (0/2)"/>
            <line number="60" hits="0" branch="false"/>
            <line number="62" hits="0" branch="true" condition-coverage="0% (0/2)"/>
            <line number="63" hits="0" branch="false"/>
            <line number="64" hits="0" branch="false"/>
            <line number="67" hits="0" branch="false"/>
            <line number="68" hits="0" branch="false"/>
            <line number="73" hits="0" branch="false"/>
            <line number="74" hits="0" branch="false"/>
            <line number="78" hits="0" branch="false"/>
            <line number="88" hits="0" branch="true" condition-coverage="0% (0/2)"/>
            <line number="89" hits="0" branch="false"/>
            <line number="91" hits="0" branch="false"/>
            <line number="92" hits="0" branch="false"/>
            <line number="93" hits="0" branch="false"/>
            <line number="94" hits="0" branch="false"/>
            <line number="98" hits="0" branch="false"/>
            <line number="99" hits="0" branch="true" condition-coverage="0% (0/2)"/>
            <line number="100" hits="0" branch="false"/>
            <line number="102" hits="0" branch="false"/>
            <line number="103" hits="0" branch="false"/>
            <line number="104" hits="0" branch="false"/>
            <line number="105" hits="0" branch="false"/>
            <line number="106" hits="0" branch="false"/>
            <line number="110" hits="0" branch="true" condition-coverage="0% (0/4)"/>
            <line number="111" hits="0" branch="false"/>
            <line number="113" hits="0" branch="false"/>
            <line number="114" hits="0" branch="false"/>
            <line number="115" hits="0" branch="false"/>
            <line number="124" hits="0" branch="false"/>
            <line number="125" hits="0" branch="false"/>
            <line number="126" hits="0" branch="false"/>
            <line number="127" hits="0" branch="false"/>
            <line number="128" hits="0" branch="false"/>
          </lines>
        </class>
        <class name="index.ts" filename="src/crypto/index.ts" line-rate="1" branch-rate="1">
          <methods>
          </methods>
          <lines>
          </lines>
        </class>
      </classes>
    </package>
    <package name="src.endpoints" line-rate="1" branch-rate="1">
      <classes>
        <class name="index.ts" filename="src/endpoints/index.ts" line-rate="1" branch-rate="1">
          <methods>
          </methods>
          <lines>
          </lines>
        </class>
      </classes>
    </package>
    <package name="src.endpoints.google" line-rate="0" branch-rate="0">
      <classes>
        <class name="index.ts" filename="src/endpoints/google/index.ts" line-rate="1" branch-rate="1">
          <methods>
          </methods>
          <lines>
          </lines>
        </class>
        <class name="llm.ts" filename="src/endpoints/google/llm.ts" line-rate="0" branch-rate="0">
          <methods>
            <method name="getThresholdMapping" hits="0" signature="()V">
              <lines>
                <line number="7" hits="0"/>
              </lines>
            </method>
            <method name="(anonymous_1)" hits="0" signature="()V">
              <lines>
                <line number="12" hits="0"/>
              </lines>
            </method>
            <method name="(anonymous_2)" hits="0" signature="()V">
              <lines>
                <line number="21" hits="0"/>
              </lines>
            </method>
            <method name="(anonymous_3)" hits="0" signature="()V">
              <lines>
                <line number="29" hits="0"/>
              </lines>
            </method>
            <method name="getSafetySettings" hits="0" signature="()V">
              <lines>
                <line number="32" hits="0"/>
              </lines>
            </method>
            <method name="getGoogleConfig" hits="0" signature="()V">
              <lines>
                <line number="80" hits="0"/>
              </lines>
            </method>
          </methods>
          <lines>
            <line number="8" hits="0" branch="false"/>
            <line number="9" hits="0" branch="false"/>
            <line number="11" hits="0" branch="true" condition-coverage="0% (0/2)"/>
            <line number="12" hits="0" branch="false"/>
            <line number="13" hits="0" branch="true" condition-coverage="0% (0/2)"/>
            <line number="14" hits="0" branch="false"/>
            <line number="16" hits="0" branch="false"/>
            <line number="20" hits="0" branch="true" condition-coverage="0% (0/2)"/>
            <line number="21" hits="0" branch="false"/>
            <line number="22" hits="0" branch="true" condition-coverage="0% (0/4)"/>
            <line number="23" hits="0" branch="false"/>
            <line number="25" hits="0" branch="false"/>
            <line number="29" hits="0" branch="false"/>
            <line number="35" hits="0" branch="true" condition-coverage="0% (0/2)"/>
            <line number="36" hits="0" branch="false"/>
            <line number="38" hits="0" branch="true" condition-coverage="0% (0/2)"/>
            <line number="40" hits="0" branch="false"/>
            <line number="84" hits="0" branch="false"/>
            <line number="85" hits="0" branch="true" condition-coverage="0% (0/2)"/>
            <line number="86" hits="0" branch="false"/>
            <line number="87" hits="0" branch="false"/>
            <line number="89" hits="0" branch="false"/>
            <line number="93" hits="0" branch="true" condition-coverage="0% (0/4)"/>
            <line number="94" hits="0" branch="false"/>
            <line number="97" hits="0" branch="true" condition-coverage="0% (0/2)"/>
            <line number="99" hits="0" branch="true" condition-coverage="0% (0/4)"/>
            <line number="101" hits="0" branch="true" condition-coverage="0% (0/2)"/>
            <line number="102" hits="0" branch="true" condition-coverage="0% (0/2)"/>
            <line number="104" hits="0" branch="false"/>
            <line number="105" hits="0" branch="false"/>
            <line number="111" hits="0" branch="true" condition-coverage="0% (0/2)"/>
            <line number="113" hits="0" branch="false"/>
            <line number="120" hits="0" branch="false"/>
            <line number="124" hits="0" branch="true" condition-coverage="0% (0/2)"/>
            <line number="125" hits="0" branch="false"/>
            <line number="127" hits="0" branch="false"/>
            <line number="131" hits="0" branch="true" condition-coverage="0% (0/4)"/>
            <line number="132" hits="0" branch="false"/>
            <line number="136" hits="0" branch="true" condition-coverage="0% (0/2)"/>
            <line number="137" hits="0" branch="true" condition-coverage="0% (0/4)"/>
            <line number="138" hits="0" branch="false"/>
            <line number="142" hits="0" branch="true" condition-coverage="0% (0/4)"/>
            <line number="144" hits="0" branch="true" condition-coverage="0% (0/4)"/>
            <line number="145" hits="0" branch="false"/>
            <line number="149" hits="0" branch="true" condition-coverage="0% (0/4)"/>
            <line number="150" hits="0" branch="true" condition-coverage="0% (0/2)"/>
            <line number="153" hits="0" branch="false"/>
            <line number="176" hits="0" branch="true" condition-coverage="0% (0/2)"/>
            <line number="177" hits="0" branch="false"/>
            <line number="180" hits="0" branch="true" condition-coverage="0% (0/2)"/>
            <line number="181" hits="0" branch="false"/>
            <line number="187" hits="0" branch="false"/>
          </lines>
        </class>
      </classes>
    </package>
    <package name="src.endpoints.openai" line-rate="0" branch-rate="0">
      <classes>
        <class name="index.ts" filename="src/endpoints/openai/index.ts" line-rate="1" branch-rate="1">
          <methods>
          </methods>
          <lines>
          </lines>
        </class>
        <class name="initialize.ts" filename="src/endpoints/openai/initialize.ts" line-rate="0" branch-rate="0">
          <methods>
            <method name="(anonymous_0)" hits="0" signature="()V">
              <lines>
                <line number="22" hits="0"/>
              </lines>
            </method>
          </methods>
          <lines>
            <line number="22" hits="0" branch="false"/>
            <line number="31" hits="0" branch="false"/>
            <line number="33" hits="0" branch="false"/>
            <line number="34" hits="0" branch="true" condition-coverage="0% (0/2)"/>
            <line number="35" hits="0" branch="true" condition-coverage="0% (0/2)"/>
            <line number="37" hits="0" branch="true" condition-coverage="0% (0/2)"/>
            <line number="38" hits="0" branch="false"/>
            <line number="41" hits="0" branch="false"/>
            <line number="46" hits="0" branch="false"/>
            <line number="51" hits="0" branch="false"/>
            <line number="52" hits="0" branch="false"/>
            <line number="54" hits="0" branch="false"/>
            <line number="55" hits="0" branch="true" condition-coverage="0% (0/5)"/>
            <line number="56" hits="0" branch="false"/>
            <line number="57" hits="0" branch="false"/>
            <line number="60" hits="0" branch="true" condition-coverage="0% (0/2)"/>
            <line number="63" hits="0" branch="true" condition-coverage="0% (0/2)"/>
            <line number="67" hits="0" branch="false"/>
            <line number="73" hits="0" branch="false"/>
            <line number="74" hits="0" branch="true" condition-coverage="0% (0/2)"/>
            <line number="76" hits="0" branch="true" condition-coverage="0% (0/4)"/>
            <line number="77" hits="0" branch="false"/>
            <line number="83" hits="0" branch="false"/>
            <line number="89" hits="0" branch="true" condition-coverage="0% (0/2)"/>
            <line number="90" hits="0" branch="false"/>
            <line number="95" hits="0" branch="true" condition-coverage="0% (0/2)"/>
            <line number="96" hits="0" branch="true" condition-coverage="0% (0/4)"/>
            <line number="97" hits="0" branch="false"/>
            <line number="98" hits="0" branch="false"/>
            <line number="101" hits="0" branch="false"/>
            <line number="102" hits="0" branch="true" condition-coverage="0% (0/2)"/>
            <line number="104" hits="0" branch="true" condition-coverage="0% (0/2)"/>
            <line number="105" hits="0" branch="true" condition-coverage="0% (0/2)"/>
            <line number="109" hits="0" branch="true" condition-coverage="0% (0/2)"/>
            <line number="110" hits="0" branch="false"/>
            <line number="112" hits="0" branch="false"/>
            <line number="114" hits="0" branch="true" condition-coverage="0% (0/2)"/>
            <line number="115" hits="0" branch="false"/>
            <line number="117" hits="0" branch="false"/>
            <line number="120" hits="0" branch="true" condition-coverage="0% (0/4)"/>
            <line number="121" hits="0" branch="false"/>
            <line number="128" hits="0" branch="true" condition-coverage="0% (0/2)"/>
            <line number="129" hits="0" branch="false"/>
            <line number="132" hits="0" branch="false"/>
            <line number="138" hits="0" branch="false"/>
            <line number="143" hits="0" branch="false"/>
            <line number="145" hits="0" branch="false"/>
            <line number="146" hits="0" branch="false"/>
            <line number="147" hits="0" branch="true" condition-coverage="0% (0/2)"/>
            <line number="151" hits="0" branch="true" condition-coverage="0% (0/4)"/>
            <line number="152" hits="0" branch="true" condition-coverage="0% (0/2)"/>
            <line number="153" hits="0" branch="true" condition-coverage="0% (0/4)"/>
            <line number="154" hits="0" branch="false"/>
            <line number="157" hits="0" branch="true" condition-coverage="0% (0/2)"/>
            <line number="158" hits="0" branch="false"/>
            <line number="161" hits="0" branch="true" condition-coverage="0% (0/2)"/>
            <line number="162" hits="0" branch="false"/>
            <line number="169" hits="0" branch="false"/>
            <line number="174" hits="0" branch="false"/>
          </lines>
        </class>
        <class name="llm.ts" filename="src/endpoints/openai/llm.ts" line-rate="0" branch-rate="0">
          <methods>
            <method name="getOpenAIConfig" hits="0" signature="()V">
              <lines>
                <line number="14" hits="0"/>
              </lines>
            </method>
            <method name="(anonymous_1)" hits="0" signature="()V">
              <lines>
                <line number="63" hits="0"/>
              </lines>
            </method>
            <method name="(anonymous_2)" hits="0" signature="()V">
              <lines>
                <line number="69" hits="0"/>
              </lines>
            </method>
          </methods>
          <lines>
            <line number="29" hits="0" branch="false"/>
            <line number="31" hits="0" branch="false"/>
            <line number="39" hits="0" branch="true" condition-coverage="0% (0/4)"/>
            <line number="40" hits="0" branch="false"/>
            <line number="44" hits="0" branch="true" condition-coverage="0% (0/4)"/>
            <line number="45" hits="0" branch="false"/>
            <line number="60" hits="0" branch="true" condition-coverage="0% (0/2)"/>
            <line number="61" hits="0" branch="false"/>
            <line number="63" hits="0" branch="false"/>
            <line number="64" hits="0" branch="true" condition-coverage="0% (0/2)"/>
            <line number="65" hits="0" branch="false"/>
            <line number="68" hits="0" branch="true" condition-coverage="0% (0/4)"/>
            <line number="69" hits="0" branch="false"/>
            <line number="70" hits="0" branch="true" condition-coverage="0% (0/2)"/>
            <line number="71" hits="0" branch="false"/>
            <line number="76" hits="0" branch="false"/>
            <line number="77" hits="0" branch="false"/>
            <line number="79" hits="0" branch="true" condition-coverage="0% (0/2)"/>
            <line number="83" hits="0" branch="false"/>
            <line number="84" hits="0" branch="false"/>
            <line number="85" hits="0" branch="false"/>
            <line number="86" hits="0" branch="false"/>
            <line number="93" hits="0" branch="true" condition-coverage="0% (0/2)"/>
            <line number="94" hits="0" branch="false"/>
            <line number="95" hits="0" branch="true" condition-coverage="0% (0/2)"/>
            <line number="96" hits="0" branch="false"/>
            <line number="100" hits="0" branch="true" condition-coverage="0% (0/2)"/>
            <line number="101" hits="0" branch="false"/>
            <line number="104" hits="0" branch="true" condition-coverage="0% (0/2)"/>
            <line number="105" hits="0" branch="false"/>
            <line number="106" hits="0" branch="false"/>
            <line number="111" hits="0" branch="true" condition-coverage="0% (0/2)"/>
            <line number="112" hits="0" branch="false"/>
            <line number="113" hits="0" branch="false"/>
            <line number="114" hits="0" branch="true" condition-coverage="0% (0/2)"/>
            <line number="118" hits="0" branch="true" condition-coverage="0% (0/2)"/>
            <line number="119" hits="0" branch="false"/>
            <line number="122" hits="0" branch="true" condition-coverage="0% (0/2)"/>
            <line number="123" hits="0" branch="false"/>
            <line number="127" hits="0" branch="false"/>
            <line number="132" hits="0" branch="false"/>
            <line number="133" hits="0" branch="false"/>
            <line number="135" hits="0" branch="false"/>
            <line number="138" hits="0" branch="true" condition-coverage="0% (0/4)"/>
            <line number="139" hits="0" branch="false"/>
            <line number="142" hits="0" branch="true" condition-coverage="0% (0/4)"/>
            <line number="143" hits="0" branch="false"/>
            <line number="146" hits="0" branch="false"/>
            <line number="149" hits="0" branch="true" condition-coverage="0% (0/2)"/>
            <line number="150" hits="0" branch="false"/>
            <line number="151" hits="0" branch="false"/>
            <line number="154" hits="0" branch="false"/>
          </lines>
        </class>
      </classes>
    </package>
    <package name="src.files" line-rate="1" branch-rate="1">
      <classes>
        <class name="index.ts" filename="src/files/index.ts" line-rate="1" branch-rate="1">
          <methods>
          </methods>
          <lines>
          </lines>
        </class>
      </classes>
    </package>
    <package name="src.files.mistral" line-rate="0.9693" branch-rate="0.8421">
      <classes>
        <class name="crud.ts" filename="src/files/mistral/crud.ts" line-rate="0.9693" branch-rate="0.8421">
          <methods>
            <method name="uploadDocumentToMistral" hits="12" signature="()V">
              <lines>
                <line number="62" hits="12"/>
              </lines>
            </method>
            <method name="(anonymous_1)" hits="10" signature="()V">
              <lines>
                <line number="88" hits="10"/>
              </lines>
            </method>
            <method name="(anonymous_2)" hits="2" signature="()V">
              <lines>
                <line number="89" hits="2"/>
              </lines>
            </method>
            <method name="getSignedUrl" hits="11" signature="()V">
              <lines>
                <line number="94" hits="11"/>
              </lines>
            </method>
            <method name="(anonymous_4)" hits="10" signature="()V">
              <lines>
                <line number="111" hits="10"/>
              </lines>
            </method>
            <method name="(anonymous_5)" hits="1" signature="()V">
              <lines>
                <line number="112" hits="1"/>
              </lines>
            </method>
            <method name="performOCR" hits="15" signature="()V">
              <lines>
                <line number="127" hits="15"/>
              </lines>
            </method>
            <method name="(anonymous_7)" hits="14" signature="()V">
              <lines>
                <line number="160" hits="14"/>
              </lines>
            </method>
            <method name="(anonymous_8)" hits="1" signature="()V">
              <lines>
                <line number="161" hits="1"/>
              </lines>
            </method>
            <method name="needsEnvLoad" hits="58" signature="()V">
              <lines>
                <line number="170" hits="58"/>
              </lines>
            </method>
            <method name="getEnvVarName" hits="32" signature="()V">
              <lines>
                <line number="177" hits="32"/>
              </lines>
            </method>
            <method name="resolveConfigValue" hits="20" signature="()V">
              <lines>
                <line number="187" hits="20"/>
              </lines>
            </method>
            <method name="loadAuthConfig" hits="13" signature="()V">
              <lines>
                <line number="206" hits="13"/>
              </lines>
            </method>
            <method name="getModelConfig" hits="13" signature="()V">
              <lines>
                <line number="248" hits="13"/>
              </lines>
            </method>
            <method name="getDocumentType" hits="12" signature="()V">
              <lines>
                <line number="265" hits="12"/>
              </lines>
            </method>
            <method name="processOCRResult" hits="12" signature="()V">
              <lines>
                <line number="277" hits="12"/>
              </lines>
            </method>
            <method name="(anonymous_16)" hits="13" signature="()V">
              <lines>
                <line number="281" hits="13"/>
              </lines>
            </method>
            <method name="(anonymous_17)" hits="4" signature="()V">
              <lines>
                <line number="292" hits="4"/>
              </lines>
            </method>
            <method name="createOCRError" hits="1" signature="()V">
              <lines>
                <line number="305" hits="1"/>
              </lines>
            </method>
            <method name="(anonymous_19)" hits="10" signature="()V">
              <lines>
                <line number="329" hits="10"/>
              </lines>
            </method>
            <method name="(anonymous_20)" hits="3" signature="()V">
              <lines>
                <line number="387" hits="3"/>
              </lines>
            </method>
          </methods>
          <lines>
            <line number="25" hits="1" branch="false"/>
            <line number="26" hits="1" branch="false"/>
            <line number="27" hits="1" branch="false"/>
            <line number="73" hits="12" branch="false"/>
            <line number="74" hits="12" branch="false"/>
            <line number="75" hits="12" branch="true" condition-coverage="50% (1/2)"/>
            <line number="76" hits="12" branch="false"/>
            <line number="77" hits="12" branch="false"/>
            <line number="79" hits="12" branch="false"/>
            <line number="88" hits="10" branch="false"/>
            <line number="90" hits="2" branch="false"/>
            <line number="105" hits="11" branch="false"/>
            <line number="111" hits="10" branch="false"/>
            <line number="113" hits="1" branch="false"/>
            <line number="114" hits="1" branch="false"/>
            <line number="140" hits="15" branch="true" condition-coverage="100% (2/2)"/>
            <line number="141" hits="15" branch="false"/>
            <line number="160" hits="14" branch="false"/>
            <line number="162" hits="1" branch="false"/>
            <line number="163" hits="1" branch="false"/>
            <line number="171" hits="58" branch="true" condition-coverage="100% (2/2)"/>
            <line number="178" hits="32" branch="true" condition-coverage="100% (2/2)"/>
            <line number="179" hits="4" branch="false"/>
            <line number="181" hits="28" branch="true" condition-coverage="50% (1/2)"/>
            <line number="194" hits="20" branch="true" condition-coverage="100% (2/2)"/>
            <line number="195" hits="4" branch="false"/>
            <line number="199" hits="16" branch="false"/>
            <line number="200" hits="16" branch="true" condition-coverage="100% (3/3)"/>
            <line number="207" hits="13" branch="false"/>
            <line number="208" hits="13" branch="true" condition-coverage="100% (2/2)"/>
            <line number="209" hits="13" branch="true" condition-coverage="100% (2/2)"/>
            <line number="211" hits="13" branch="true" condition-coverage="100% (4/4)"/>
            <line number="212" hits="3" branch="false"/>
            <line number="218" hits="10" branch="false"/>
            <line number="220" hits="10" branch="true" condition-coverage="100% (2/2)"/>
            <line number="221" hits="8" branch="false"/>
            <line number="224" hits="10" branch="true" condition-coverage="100% (2/2)"/>
            <line number="225" hits="8" branch="false"/>
            <line number="228" hits="10" branch="false"/>
            <line number="234" hits="10" branch="false"/>
            <line number="235" hits="10" branch="false"/>
            <line number="242" hits="10" branch="false"/>
            <line number="249" hits="13" branch="true" condition-coverage="100% (2/2)"/>
            <line number="251" hits="13" branch="true" condition-coverage="100% (2/2)"/>
            <line number="252" hits="2" branch="false"/>
            <line number="255" hits="11" branch="true" condition-coverage="100% (2/2)"/>
            <line number="256" hits="1" branch="true" condition-coverage="50% (1/2)"/>
            <line number="259" hits="10" branch="false"/>
            <line number="266" hits="12" branch="true" condition-coverage="50% (1/2)"/>
            <line number="267" hits="12" branch="true" condition-coverage="50% (1/2)"/>
            <line number="269" hits="12" branch="true" condition-coverage="100% (2/2)"/>
            <line number="271" hits="12" branch="true" condition-coverage="100% (2/2)"/>
            <line number="278" hits="12" branch="false"/>
            <line number="279" hits="12" branch="false"/>
            <line number="281" hits="12" branch="false"/>
            <line number="282" hits="13" branch="true" condition-coverage="100% (2/2)"/>
            <line number="283" hits="2" branch="false"/>
            <line number="286" hits="13" branch="false"/>
            <line number="288" hits="13" branch="true" condition-coverage="100% (4/4)"/>
            <line number="289" hits="9" branch="false"/>
            <line number="292" hits="4" branch="false"/>
            <line number="293" hits="4" branch="true" condition-coverage="50% (1/2)"/>
            <line number="294" hits="4" branch="false"/>
            <line number="299" hits="12" branch="false"/>
            <line number="306" hits="1" branch="false"/>
            <line number="307" hits="1" branch="false"/>
            <line number="308" hits="1" branch="true" condition-coverage="100% (2/2)"/>
            <line number="310" hits="1" branch="false"/>
            <line number="311" hits="1" branch="false"/>
            <line number="312" hits="1" branch="true" condition-coverage="50% (1/2)"/>
            <line number="314" hits="1" branch="false"/>
            <line number="329" hits="1" branch="false"/>
            <line number="330" hits="10" branch="false"/>
            <line number="331" hits="10" branch="false"/>
            <line number="332" hits="10" branch="false"/>
            <line number="334" hits="10" branch="false"/>
            <line number="341" hits="9" branch="false"/>
            <line number="347" hits="9" branch="false"/>
            <line number="348" hits="9" branch="false"/>
            <line number="356" hits="9" branch="true" condition-coverage="80% (4/5)"/>
            <line number="357" hits="0" branch="false"/>
            <line number="361" hits="9" branch="false"/>
            <line number="363" hits="9" branch="false"/>
            <line number="371" hits="1" branch="false"/>
            <line number="387" hits="1" branch="false"/>
            <line number="390" hits="3" branch="false"/>
            <line number="391" hits="3" branch="false"/>
            <line number="392" hits="3" branch="false"/>
            <line number="394" hits="3" branch="false"/>
            <line number="395" hits="3" branch="false"/>
            <line number="397" hits="3" branch="true" condition-coverage="50% (1/2)"/>
            <line number="399" hits="3" branch="false"/>
            <line number="400" hits="3" branch="false"/>
            <line number="408" hits="3" branch="true" condition-coverage="80% (4/5)"/>
            <line number="409" hits="0" branch="false"/>
            <line number="414" hits="3" branch="false"/>
            <line number="416" hits="3" branch="false"/>
            <line number="424" hits="0" branch="false"/>
          </lines>
        </class>
      </classes>
    </package>
    <package name="src.flow" line-rate="0.6936" branch-rate="0.575">
      <classes>
        <class name="manager.ts" filename="src/flow/manager.ts" line-rate="0.6936" branch-rate="0.575">
          <methods>
            <method name="(anonymous_0)" hits="7" signature="()V">
              <lines>
                <line number="11" hits="7"/>
              </lines>
            </method>
            <method name="(anonymous_1)" hits="7" signature="()V">
              <lines>
                <line number="27" hits="7"/>
              </lines>
            </method>
            <method name="(anonymous_2)" hits="0" signature="()V">
              <lines>
                <line number="28" hits="0"/>
              </lines>
            </method>
            <method name="(anonymous_3)" hits="0" signature="()V">
              <lines>
                <line number="30" hits="0"/>
              </lines>
            </method>
            <method name="(anonymous_4)" hits="21" signature="()V">
              <lines>
                <line number="41" hits="21"/>
              </lines>
            </method>
            <method name="(anonymous_5)" hits="4" signature="()V">
              <lines>
                <line number="48" hits="4"/>
              </lines>
            </method>
            <method name="(anonymous_6)" hits="4" signature="()V">
              <lines>
                <line number="62" hits="4"/>
              </lines>
            </method>
            <method name="(anonymous_7)" hits="14" signature="()V">
              <lines>
                <line number="82" hits="14"/>
              </lines>
            </method>
            <method name="(anonymous_8)" hits="14" signature="()V">
              <lines>
                <line number="83" hits="14"/>
              </lines>
            </method>
            <method name="(anonymous_9)" hits="14" signature="()V">
              <lines>
                <line number="87" hits="14"/>
              </lines>
            </method>
            <method name="(anonymous_10)" hits="4" signature="()V">
              <lines>
                <line number="149" hits="4"/>
              </lines>
            </method>
            <method name="(anonymous_11)" hits="1" signature="()V">
              <lines>
                <line number="171" hits="1"/>
              </lines>
            </method>
            <method name="(anonymous_12)" hits="0" signature="()V">
              <lines>
                <line number="193" hits="0"/>
              </lines>
            </method>
            <method name="(anonymous_13)" hits="12" signature="()V">
              <lines>
                <line number="205" hits="12"/>
              </lines>
            </method>
            <method name="(anonymous_14)" hits="12" signature="()V">
              <lines>
                <line number="218" hits="12"/>
              </lines>
            </method>
          </methods>
          <lines>
            <line number="12" hits="7" branch="true" condition-coverage="50% (1/2)"/>
            <line number="13" hits="0" branch="false"/>
            <line number="15" hits="7" branch="true" condition-coverage="0% (0/1)"/>
            <line number="17" hits="7" branch="true" condition-coverage="50% (2/4)"/>
            <line number="18" hits="0" branch="false"/>
            <line number="21" hits="7" branch="false"/>
            <line number="22" hits="7" branch="false"/>
            <line number="23" hits="7" branch="false"/>
            <line number="24" hits="7" branch="false"/>
            <line number="28" hits="7" branch="false"/>
            <line number="29" hits="0" branch="false"/>
            <line number="30" hits="0" branch="false"/>
            <line number="31" hits="0" branch="false"/>
            <line number="32" hits="0" branch="false"/>
            <line number="35" hits="7" branch="false"/>
            <line number="36" hits="7" branch="false"/>
            <line number="37" hits="7" branch="false"/>
            <line number="38" hits="7" branch="false"/>
            <line number="42" hits="21" branch="false"/>
            <line number="54" hits="4" branch="false"/>
            <line number="56" hits="4" branch="false"/>
            <line number="57" hits="4" branch="true" condition-coverage="50% (1/2)"/>
            <line number="58" hits="0" branch="false"/>
            <line number="59" hits="0" branch="false"/>
            <line number="62" hits="4" branch="false"/>
            <line number="64" hits="4" branch="false"/>
            <line number="65" hits="4" branch="true" condition-coverage="50% (1/2)"/>
            <line number="66" hits="0" branch="false"/>
            <line number="67" hits="0" branch="false"/>
            <line number="70" hits="4" branch="false"/>
            <line number="77" hits="4" branch="false"/>
            <line number="78" hits="4" branch="false"/>
            <line number="79" hits="4" branch="false"/>
            <line number="83" hits="14" branch="false"/>
            <line number="84" hits="14" branch="false"/>
            <line number="85" hits="14" branch="false"/>
            <line number="87" hits="14" branch="false"/>
            <line number="88" hits="14" branch="false"/>
            <line number="89" hits="14" branch="false"/>
            <line number="91" hits="14" branch="true" condition-coverage="50% (1/2)"/>
            <line number="92" hits="0" branch="false"/>
            <line number="93" hits="0" branch="false"/>
            <line number="94" hits="0" branch="false"/>
            <line number="95" hits="0" branch="false"/>
            <line number="96" hits="0" branch="false"/>
            <line number="99" hits="14" branch="true" condition-coverage="50% (1/2)"/>
            <line number="100" hits="0" branch="false"/>
            <line number="101" hits="0" branch="false"/>
            <line number="102" hits="0" branch="false"/>
            <line number="103" hits="0" branch="false"/>
            <line number="104" hits="0" branch="false"/>
            <line number="105" hits="0" branch="false"/>
            <line number="106" hits="0" branch="false"/>
            <line number="109" hits="14" branch="true" condition-coverage="100% (2/2)"/>
            <line number="110" hits="13" branch="false"/>
            <line number="111" hits="13" branch="false"/>
            <line number="112" hits="13" branch="false"/>
            <line number="114" hits="13" branch="true" condition-coverage="100% (4/4)"/>
            <line number="115" hits="12" branch="false"/>
            <line number="116" hits="1" branch="true" condition-coverage="50% (1/2)"/>
            <line number="117" hits="1" branch="false"/>
            <line number="118" hits="1" branch="true" condition-coverage="50% (1/2)"/>
            <line number="120" hits="13" branch="false"/>
            <line number="123" hits="1" branch="false"/>
            <line number="124" hits="1" branch="true" condition-coverage="50% (1/2)"/>
            <line number="125" hits="1" branch="false"/>
            <line number="126" hits="1" branch="false"/>
            <line number="127" hits="1" branch="false"/>
            <line number="130" hits="1" branch="false"/>
            <line number="131" hits="1" branch="false"/>
            <line number="133" hits="1" branch="false"/>
            <line number="135" hits="0" branch="false"/>
            <line number="136" hits="0" branch="false"/>
            <line number="137" hits="0" branch="false"/>
            <line number="138" hits="0" branch="false"/>
            <line number="142" hits="14" branch="false"/>
            <line number="150" hits="4" branch="false"/>
            <line number="151" hits="4" branch="false"/>
            <line number="153" hits="4" branch="true" condition-coverage="50% (1/2)"/>
            <line number="154" hits="0" branch="false"/>
            <line number="157" hits="4" branch="false"/>
            <line number="164" hits="4" branch="false"/>
            <line number="165" hits="4" branch="false"/>
            <line number="172" hits="1" branch="false"/>
            <line number="173" hits="1" branch="false"/>
            <line number="175" hits="1" branch="true" condition-coverage="50% (1/2)"/>
            <line number="176" hits="0" branch="false"/>
            <line number="179" hits="1" branch="false"/>
            <line number="186" hits="1" branch="false"/>
            <line number="187" hits="1" branch="false"/>
            <line number="194" hits="0" branch="false"/>
            <line number="195" hits="0" branch="false"/>
            <line number="211" hits="12" branch="false"/>
            <line number="212" hits="12" branch="false"/>
            <line number="213" hits="12" branch="true" condition-coverage="50% (1/2)"/>
            <line number="214" hits="0" branch="false"/>
            <line number="215" hits="0" branch="false"/>
            <line number="218" hits="12" branch="false"/>
            <line number="220" hits="12" branch="false"/>
            <line number="221" hits="12" branch="true" condition-coverage="100% (2/2)"/>
            <line number="222" hits="10" branch="false"/>
            <line number="223" hits="10" branch="false"/>
            <line number="226" hits="2" branch="false"/>
            <line number="232" hits="2" branch="false"/>
            <line number="233" hits="2" branch="false"/>
            <line number="235" hits="2" branch="false"/>
            <line number="236" hits="2" branch="false"/>
            <line number="237" hits="2" branch="false"/>
            <line number="238" hits="2" branch="false"/>
            <line number="240" hits="0" branch="true" condition-coverage="0% (0/2)"/>
            <line number="241" hits="0" branch="false"/>
          </lines>
        </class>
        <class name="types.ts" filename="src/flow/types.ts" line-rate="1" branch-rate="1">
          <methods>
          </methods>
          <lines>
          </lines>
        </class>
      </classes>
    </package>
    <package name="src.mcp" line-rate="0.0143" branch-rate="0.009899999999999999">
      <classes>
        <class name="auth.ts" filename="src/mcp/auth.ts" line-rate="0" branch-rate="0">
          <methods>
            <method name="getUserMCPAuthMap" hits="0" signature="()V">
              <lines>
                <line number="8" hits="0"/>
              </lines>
            </method>
          </methods>
          <lines>
            <line number="19" hits="0" branch="true" condition-coverage="0% (0/4)"/>
            <line number="20" hits="0" branch="false"/>
            <line number="23" hits="0" branch="false"/>
            <line number="25" hits="0" branch="false"/>
            <line number="26" hits="0" branch="false"/>
            <line number="27" hits="0" branch="true" condition-coverage="0% (0/5)"/>
            <line number="28" hits="0" branch="false"/>
            <line number="29" hits="0" branch="false"/>
            <line number="30" hits="0" branch="false"/>
            <line number="34" hits="0" branch="true" condition-coverage="0% (0/2)"/>
            <line number="35" hits="0" branch="false"/>
            <line number="38" hits="0" branch="false"/>
            <line number="40" hits="0" branch="false"/>
            <line number="41" hits="0" branch="false"/>
            <line number="42" hits="0" branch="false"/>
            <line number="49" hits="0" branch="false"/>
            <line number="57" hits="0" branch="false"/>
          </lines>
        </class>
        <class name="connection.ts" filename="src/mcp/connection.ts" line-rate="0" branch-rate="0">
          <methods>
            <method name="isStdioOptions" hits="0" signature="()V">
              <lines>
                <line number="17" hits="0"/>
              </lines>
            </method>
            <method name="isWebSocketOptions" hits="0" signature="()V">
              <lines>
                <line number="21" hits="0"/>
              </lines>
            </method>
            <method name="isSSEOptions" hits="0" signature="()V">
              <lines>
                <line number="29" hits="0"/>
              </lines>
            </method>
            <method name="isStreamableHTTPOptions" hits="0" signature="()V">
              <lines>
                <line number="47" hits="0"/>
              </lines>
            </method>
            <method name="(anonymous_4)" hits="0" signature="()V">
              <lines>
                <line number="79" hits="0"/>
              </lines>
            </method>
            <method name="(anonymous_5)" hits="0" signature="()V">
              <lines>
                <line number="108" hits="0"/>
              </lines>
            </method>
            <method name="(anonymous_6)" hits="0" signature="()V">
              <lines>
                <line number="113" hits="0"/>
              </lines>
            </method>
            <method name="(anonymous_7)" hits="0" signature="()V">
              <lines>
                <line number="124" hits="0"/>
              </lines>
            </method>
            <method name="(anonymous_8)" hits="0" signature="()V">
              <lines>
                <line number="128" hits="0"/>
              </lines>
            </method>
            <method name="(anonymous_9)" hits="0" signature="()V">
              <lines>
                <line number="135" hits="0"/>
              </lines>
            </method>
            <method name="(anonymous_10)" hits="0" signature="()V">
              <lines>
                <line number="141" hits="0"/>
              </lines>
            </method>
            <method name="(anonymous_11)" hits="0" signature="()V">
              <lines>
                <line number="199" hits="0"/>
              </lines>
            </method>
            <method name="(anonymous_12)" hits="0" signature="()V">
              <lines>
                <line number="209" hits="0"/>
              </lines>
            </method>
            <method name="(anonymous_13)" hits="0" signature="()V">
              <lines>
                <line number="214" hits="0"/>
              </lines>
            </method>
            <method name="(anonymous_14)" hits="0" signature="()V">
              <lines>
                <line number="219" hits="0"/>
              </lines>
            </method>
            <method name="(anonymous_15)" hits="0" signature="()V">
              <lines>
                <line number="251" hits="0"/>
              </lines>
            </method>
            <method name="(anonymous_16)" hits="0" signature="()V">
              <lines>
                <line number="256" hits="0"/>
              </lines>
            </method>
            <method name="(anonymous_17)" hits="0" signature="()V">
              <lines>
                <line number="261" hits="0"/>
              </lines>
            </method>
            <method name="(anonymous_18)" hits="0" signature="()V">
              <lines>
                <line number="279" hits="0"/>
              </lines>
            </method>
            <method name="(anonymous_19)" hits="0" signature="()V">
              <lines>
                <line number="281" hits="0"/>
              </lines>
            </method>
            <method name="(anonymous_20)" hits="0" signature="()V">
              <lines>
                <line number="300" hits="0"/>
              </lines>
            </method>
            <method name="(anonymous_21)" hits="0" signature="()V">
              <lines>
                <line number="309" hits="0"/>
              </lines>
            </method>
            <method name="(anonymous_22)" hits="0" signature="()V">
              <lines>
                <line number="323" hits="0"/>
              </lines>
            </method>
            <method name="(anonymous_23)" hits="0" signature="()V">
              <lines>
                <line number="337" hits="0"/>
              </lines>
            </method>
            <method name="(anonymous_24)" hits="0" signature="()V">
              <lines>
                <line number="360" hits="0"/>
              </lines>
            </method>
            <method name="(anonymous_25)" hits="0" signature="()V">
              <lines>
                <line number="361" hits="0"/>
              </lines>
            </method>
            <method name="(anonymous_26)" hits="0" signature="()V">
              <lines>
                <line number="367" hits="0"/>
              </lines>
            </method>
            <method name="(anonymous_27)" hits="0" signature="()V">
              <lines>
                <line number="372" hits="0"/>
              </lines>
            </method>
            <method name="(anonymous_28)" hits="0" signature="()V">
              <lines>
                <line number="387" hits="0"/>
              </lines>
            </method>
            <method name="(anonymous_29)" hits="0" signature="()V">
              <lines>
                <line number="404" hits="0"/>
              </lines>
            </method>
            <method name="(anonymous_30)" hits="0" signature="()V">
              <lines>
                <line number="406" hits="0"/>
              </lines>
            </method>
            <method name="(anonymous_31)" hits="0" signature="()V">
              <lines>
                <line number="425" hits="0"/>
              </lines>
            </method>
            <method name="(anonymous_32)" hits="0" signature="()V">
              <lines>
                <line number="431" hits="0"/>
              </lines>
            </method>
            <method name="(anonymous_33)" hits="0" signature="()V">
              <lines>
                <line number="444" hits="0"/>
              </lines>
            </method>
            <method name="(anonymous_34)" hits="0" signature="()V">
              <lines>
                <line number="450" hits="0"/>
              </lines>
            </method>
            <method name="(anonymous_35)" hits="0" signature="()V">
              <lines>
                <line number="456" hits="0"/>
              </lines>
            </method>
            <method name="(anonymous_36)" hits="0" signature="()V">
              <lines>
                <line number="504" hits="0"/>
              </lines>
            </method>
            <method name="(anonymous_37)" hits="0" signature="()V">
              <lines>
                <line number="509" hits="0"/>
              </lines>
            </method>
            <method name="(anonymous_38)" hits="0" signature="()V">
              <lines>
                <line number="514" hits="0"/>
              </lines>
            </method>
            <method name="(anonymous_39)" hits="0" signature="()V">
              <lines>
                <line number="526" hits="0"/>
              </lines>
            </method>
            <method name="(anonymous_40)" hits="0" signature="()V">
              <lines>
                <line number="539" hits="0"/>
              </lines>
            </method>
            <method name="(anonymous_41)" hits="0" signature="()V">
              <lines>
                <line number="540" hits="0"/>
              </lines>
            </method>
            <method name="(anonymous_42)" hits="0" signature="()V">
              <lines>
                <line number="556" hits="0"/>
              </lines>
            </method>
            <method name="(anonymous_43)" hits="0" signature="()V">
              <lines>
                <line number="576" hits="0"/>
              </lines>
            </method>
            <method name="(anonymous_44)" hits="0" signature="()V">
              <lines>
                <line number="586" hits="0"/>
              </lines>
            </method>
            <method name="(anonymous_45)" hits="0" signature="()V">
              <lines>
                <line number="596" hits="0"/>
              </lines>
            </method>
            <method name="(anonymous_46)" hits="0" signature="()V">
              <lines>
                <line number="679" hits="0"/>
              </lines>
            </method>
            <method name="(anonymous_47)" hits="0" signature="()V">
              <lines>
                <line number="689" hits="0"/>
              </lines>
            </method>
            <method name="(anonymous_48)" hits="0" signature="()V">
              <lines>
                <line number="693" hits="0"/>
              </lines>
            </method>
          </methods>
          <lines>
            <line number="18" hits="0" branch="false"/>
            <line number="22" hits="0" branch="true" condition-coverage="0% (0/2)"/>
            <line number="23" hits="0" branch="false"/>
            <line number="24" hits="0" branch="true" condition-coverage="0% (0/2)"/>
            <line number="26" hits="0" branch="false"/>
            <line number="30" hits="0" branch="true" condition-coverage="0% (0/2)"/>
            <line number="31" hits="0" branch="false"/>
            <line number="32" hits="0" branch="true" condition-coverage="0% (0/2)"/>
            <line number="34" hits="0" branch="false"/>
            <line number="48" hits="0" branch="true" condition-coverage="0% (0/4)"/>
            <line number="49" hits="0" branch="false"/>
            <line number="50" hits="0" branch="true" condition-coverage="0% (0/2)"/>
            <line number="52" hits="0" branch="false"/>
            <line number="55" hits="0" branch="false"/>
            <line number="57" hits="0" branch="false"/>
            <line number="59" hits="0" branch="false"/>
            <line number="60" hits="0" branch="false"/>
            <line number="61" hits="0" branch="false"/>
            <line number="62" hits="0" branch="false"/>
            <line number="63" hits="0" branch="false"/>
            <line number="64" hits="0" branch="false"/>
            <line number="65" hits="0" branch="false"/>
            <line number="67" hits="0" branch="false"/>
            <line number="68" hits="0" branch="false"/>
            <line number="69" hits="0" branch="false"/>
            <line number="70" hits="0" branch="false"/>
            <line number="74" hits="0" branch="false"/>
            <line number="85" hits="0" branch="false"/>
            <line number="86" hits="0" branch="false"/>
            <line number="87" hits="0" branch="false"/>
            <line number="88" hits="0" branch="false"/>
            <line number="89" hits="0" branch="false"/>
            <line number="90" hits="0" branch="false"/>
            <line number="91" hits="0" branch="true" condition-coverage="0% (0/2)"/>
            <line number="92" hits="0" branch="false"/>
            <line number="94" hits="0" branch="false"/>
            <line number="104" hits="0" branch="false"/>
            <line number="109" hits="0" branch="true" condition-coverage="0% (0/2)"/>
            <line number="110" hits="0" branch="false"/>
            <line number="118" hits="0" branch="true" condition-coverage="0% (0/2)"/>
            <line number="119" hits="0" branch="false"/>
            <line number="121" hits="0" branch="false"/>
            <line number="125" hits="0" branch="false"/>
            <line number="129" hits="0" branch="true" condition-coverage="0% (0/2)"/>
            <line number="130" hits="0" branch="false"/>
            <line number="131" hits="0" branch="false"/>
            <line number="136" hits="0" branch="true" condition-coverage="0% (0/2)"/>
            <line number="137" hits="0" branch="false"/>
            <line number="138" hits="0" branch="false"/>
            <line number="142" hits="0" branch="false"/>
            <line number="144" hits="0" branch="true" condition-coverage="0% (0/2)"/>
            <line number="145" hits="0" branch="false"/>
            <line number="146" hits="0" branch="true" condition-coverage="0% (0/2)"/>
            <line number="147" hits="0" branch="false"/>
            <line number="148" hits="0" branch="true" condition-coverage="0% (0/2)"/>
            <line number="149" hits="0" branch="false"/>
            <line number="150" hits="0" branch="true" condition-coverage="0% (0/2)"/>
            <line number="151" hits="0" branch="false"/>
            <line number="153" hits="0" branch="false"/>
            <line number="158" hits="0" branch="true" condition-coverage="0% (0/5)"/>
            <line number="160" hits="0" branch="true" condition-coverage="0% (0/2)"/>
            <line number="161" hits="0" branch="false"/>
            <line number="163" hits="0" branch="false"/>
            <line number="172" hits="0" branch="true" condition-coverage="0% (0/2)"/>
            <line number="173" hits="0" branch="false"/>
            <line number="175" hits="0" branch="false"/>
            <line number="176" hits="0" branch="false"/>
            <line number="179" hits="0" branch="true" condition-coverage="0% (0/2)"/>
            <line number="180" hits="0" branch="false"/>
            <line number="182" hits="0" branch="false"/>
            <line number="183" hits="0" branch="false"/>
            <line number="184" hits="0" branch="false"/>
            <line number="185" hits="0" branch="false"/>
            <line number="188" hits="0" branch="false"/>
            <line number="189" hits="0" branch="true" condition-coverage="0% (0/2)"/>
            <line number="190" hits="0" branch="false"/>
            <line number="193" hits="0" branch="false"/>
            <line number="200" hits="0" branch="false"/>
            <line number="201" hits="0" branch="false"/>
            <line number="209" hits="0" branch="false"/>
            <line number="210" hits="0" branch="false"/>
            <line number="211" hits="0" branch="false"/>
            <line number="214" hits="0" branch="false"/>
            <line number="215" hits="0" branch="false"/>
            <line number="216" hits="0" branch="false"/>
            <line number="219" hits="0" branch="false"/>
            <line number="220" hits="0" branch="false"/>
            <line number="223" hits="0" branch="false"/>
            <line number="224" hits="0" branch="false"/>
            <line number="228" hits="0" branch="true" condition-coverage="0% (0/2)"/>
            <line number="229" hits="0" branch="false"/>
            <line number="231" hits="0" branch="false"/>
            <line number="232" hits="0" branch="false"/>
            <line number="233" hits="0" branch="false"/>
            <line number="236" hits="0" branch="false"/>
            <line number="239" hits="0" branch="false"/>
            <line number="240" hits="0" branch="true" condition-coverage="0% (0/2)"/>
            <line number="241" hits="0" branch="false"/>
            <line number="244" hits="0" branch="false"/>
            <line number="251" hits="0" branch="false"/>
            <line number="252" hits="0" branch="false"/>
            <line number="253" hits="0" branch="false"/>
            <line number="256" hits="0" branch="false"/>
            <line number="257" hits="0" branch="false"/>
            <line number="258" hits="0" branch="false"/>
            <line number="261" hits="0" branch="false"/>
            <line number="262" hits="0" branch="false"/>
            <line number="265" hits="0" branch="false"/>
            <line number="266" hits="0" branch="false"/>
            <line number="270" hits="0" branch="false"/>
            <line number="274" hits="0" branch="false"/>
            <line number="275" hits="0" branch="false"/>
            <line number="280" hits="0" branch="false"/>
            <line number="281" hits="0" branch="false"/>
            <line number="282" hits="0" branch="false"/>
            <line number="283" hits="0" branch="true" condition-coverage="0% (0/2)"/>
            <line number="284" hits="0" branch="false"/>
            <line number="285" hits="0" branch="false"/>
            <line number="286" hits="0" branch="false"/>
            <line number="287" hits="0" branch="false"/>
            <line number="299" hits="0" branch="true" condition-coverage="0% (0/5)"/>
            <line number="300" hits="0" branch="false"/>
            <line number="301" hits="0" branch="false"/>
            <line number="306" hits="0" branch="false"/>
            <line number="310" hits="0" branch="true" condition-coverage="0% (0/2)"/>
            <line number="316" hits="0" branch="true" condition-coverage="0% (0/2)"/>
[...]
              </lines>
            </method>
          </methods>
          <lines>
            <line number="19" hits="21" branch="true" condition-coverage="100% (2/2)"/>
            <line number="20" hits="2" branch="false"/>
            <line number="22" hits="19" branch="true" condition-coverage="100% (2/2)"/>
            <line number="23" hits="11" branch="false"/>
            <line number="25" hits="8" branch="false"/>
            <line number="34" hits="2" branch="false"/>
            <line number="42" hits="0" branch="false"/>
            <line number="43" hits="0" branch="true" condition-coverage="0% (0/5)"/>
            <line number="44" hits="0" branch="false"/>
            <line number="47" hits="0" branch="false"/>
          </lines>
        </class>
        <class name="env.ts" filename="src/utils/env.ts" line-rate="0.9777" branch-rate="0.975">
          <methods>
            <method name="processUserPlaceholders" hits="143" signature="()V">
              <lines>
                <line number="34" hits="143"/>
              </lines>
            </method>
            <method name="processSingleValue" hits="143" signature="()V">
              <lines>
                <line number="71" hits="143"/>
              </lines>
            </method>
            <method name="processMCPEnv" hits="27" signature="()V">
              <lines>
                <line number="108" hits="27"/>
              </lines>
            </method>
            <method name="resolveHeaders" hits="20" signature="()V">
              <lines>
                <line number="152" hits="20"/>
              </lines>
            </method>
            <method name="(anonymous_4)" hits="65" signature="()V">
              <lines>
                <line number="160" hits="65"/>
              </lines>
            </method>
          </methods>
          <lines>
            <line number="8" hits="2" branch="false"/>
            <line number="35" hits="143" branch="true" condition-coverage="100% (4/4)"/>
            <line number="36" hits="12" branch="false"/>
            <line number="39" hits="131" branch="false"/>
            <line number="40" hits="2227" branch="false"/>
            <line number="41" hits="2227" branch="true" condition-coverage="100% (2/2)"/>
            <line number="42" hits="2155" branch="false"/>
            <line number="45" hits="72" branch="false"/>
            <line number="48" hits="72" branch="true" condition-coverage="50% (1/2)"/>
            <line number="49" hits="0" branch="false"/>
            <line number="53" hits="72" branch="true" condition-coverage="100% (5/5)"/>
            <line number="54" hits="2" branch="false"/>
            <line number="57" hits="70" branch="true" condition-coverage="100% (2/2)"/>
            <line number="58" hits="70" branch="false"/>
            <line number="61" hits="131" branch="false"/>
            <line number="80" hits="143" branch="false"/>
            <line number="83" hits="143" branch="true" condition-coverage="100% (2/2)"/>
            <line number="84" hits="45" branch="false"/>
            <line number="86" hits="82" branch="false"/>
            <line number="87" hits="82" branch="false"/>
            <line number="88" hits="82" branch="false"/>
            <line number="93" hits="143" branch="false"/>
            <line number="96" hits="143" branch="false"/>
            <line number="98" hits="143" branch="false"/>
            <line number="113" hits="27" branch="true" condition-coverage="100% (4/4)"/>
            <line number="114" hits="2" branch="false"/>
            <line number="117" hits="25" branch="false"/>
            <line number="119" hits="25" branch="true" condition-coverage="100% (4/4)"/>
            <line number="120" hits="6" branch="false"/>
            <line number="121" hits="6" branch="false"/>
            <line number="122" hits="17" branch="false"/>
            <line number="124" hits="6" branch="false"/>
            <line number="129" hits="25" branch="true" condition-coverage="100% (4/4)"/>
            <line number="130" hits="16" branch="false"/>
            <line number="131" hits="16" branch="false"/>
            <line number="132" hits="42" branch="false"/>
            <line number="134" hits="16" branch="false"/>
            <line number="138" hits="25" branch="true" condition-coverage="100% (4/4)"/>
            <line number="139" hits="19" branch="false"/>
            <line number="142" hits="25" branch="false"/>
            <line number="157" hits="20" branch="true" condition-coverage="100% (2/2)"/>
            <line number="159" hits="20" branch="true" condition-coverage="100% (5/5)"/>
            <line number="160" hits="18" branch="false"/>
            <line number="161" hits="65" branch="false"/>
            <line number="169" hits="20" branch="false"/>
          </lines>
        </class>
        <class name="events.ts" filename="src/utils/events.ts" line-rate="0" branch-rate="0">
          <methods>
            <method name="sendEvent" hits="0" signature="()V">
              <lines>
                <line number="11" hits="0"/>
              </lines>
            </method>
            <method name="handleError" hits="0" signature="()V">
              <lines>
                <line number="23" hits="0"/>
              </lines>
            </method>
          </methods>
          <lines>
            <line number="12" hits="0" branch="true" condition-coverage="0% (0/4)"/>
            <line number="13" hits="0" branch="false"/>
            <line number="15" hits="0" branch="false"/>
            <line number="24" hits="0" branch="false"/>
            <line number="25" hits="0" branch="false"/>
          </lines>
        </class>
        <class name="files.ts" filename="src/utils/files.ts" line-rate="1" branch-rate="1">
          <methods>
            <method name="sanitizeFilename" hits="14" signature="()V">
              <lines>
                <line number="8" hits="14"/>
              </lines>
            </method>
          </methods>
          <lines>
            <line number="10" hits="14" branch="false"/>
            <line number="13" hits="14" branch="false"/>
            <line number="16" hits="14" branch="true" condition-coverage="100% (4/4)"/>
            <line number="17" hits="2" branch="false"/>
            <line number="21" hits="14" branch="false"/>
            <line number="22" hits="14" branch="true" condition-coverage="100% (2/2)"/>
            <line number="23" hits="7" branch="false"/>
            <line number="24" hits="7" branch="false"/>
            <line number="25" hits="7" branch="false"/>
            <line number="32" hits="14" branch="false"/>
          </lines>
        </class>
        <class name="generators.ts" filename="src/utils/generators.ts" line-rate="0" branch-rate="0">
          <methods>
            <method name="createFetch" hits="0" signature="()V">
              <lines>
                <line number="15" hits="0"/>
              </lines>
            </method>
            <method name="(anonymous_1)" hits="0" signature="()V">
              <lines>
                <line number="28" hits="0"/>
              </lines>
            </method>
            <method name="createStreamEventHandlers" hits="0" signature="()V">
              <lines>
                <line number="49" hits="0"/>
              </lines>
            </method>
            <method name="(anonymous_3)" hits="0" signature="()V">
              <lines>
                <line number="51" hits="0"/>
              </lines>
            </method>
            <method name="(anonymous_4)" hits="0" signature="()V">
              <lines>
                <line number="56" hits="0"/>
              </lines>
            </method>
            <method name="(anonymous_5)" hits="0" signature="()V">
              <lines>
                <line number="61" hits="0"/>
              </lines>
            </method>
            <method name="createHandleLLMNewToken" hits="0" signature="()V">
              <lines>
                <line number="69" hits="0"/>
              </lines>
            </method>
            <method name="(anonymous_7)" hits="0" signature="()V">
              <lines>
                <line number="70" hits="0"/>
              </lines>
            </method>
          </methods>
          <lines>
            <line number="28" hits="0" branch="false"/>
            <line number="32" hits="0" branch="false"/>
            <line number="33" hits="0" branch="true" condition-coverage="0% (0/2)"/>
            <line number="34" hits="0" branch="false"/>
            <line number="36" hits="0" branch="false"/>
            <line number="37" hits="0" branch="true" condition-coverage="0% (0/2)"/>
            <line number="38" hits="0" branch="false"/>
            <line number="40" hits="0" branch="false"/>
            <line number="50" hits="0" branch="false"/>
            <line number="52" hits="0" branch="true" condition-coverage="0% (0/2)"/>
            <line number="53" hits="0" branch="false"/>
            <line number="57" hits="0" branch="true" condition-coverage="0% (0/2)"/>
            <line number="58" hits="0" branch="false"/>
            <line number="62" hits="0" branch="true" condition-coverage="0% (0/2)"/>
            <line number="63" hits="0" branch="false"/>
            <line number="70" hits="0" branch="false"/>
            <line number="71" hits="0" branch="true" condition-coverage="0% (0/2)"/>
            <line number="72" hits="0" branch="false"/>
          </lines>
        </class>
        <class name="index.ts" filename="src/utils/index.ts" line-rate="1" branch-rate="1">
          <methods>
          </methods>
          <lines>
          </lines>
        </class>
        <class name="llm.ts" filename="src/utils/llm.ts" line-rate="1" branch-rate="1">
          <methods>
            <method name="extractChatParams" hits="10" signature="()V">
              <lines>
                <line number="18" hits="10"/>
              </lines>
            </method>
          </methods>
          <lines>
            <line number="21" hits="10" branch="true" condition-coverage="100% (2/2)"/>
            <line number="22" hits="2" branch="false"/>
            <line number="28" hits="8" branch="false"/>
            <line number="31" hits="8" branch="true" condition-coverage="100% (2/2)"/>
            <line number="33" hits="8" branch="false"/>
            <line number="34" hits="8" branch="false"/>
            <line number="35" hits="8" branch="false"/>
            <line number="37" hits="8" branch="false"/>
          </lines>
        </class>
        <class name="math.ts" filename="src/utils/math.ts" line-rate="0" branch-rate="0">
          <methods>
            <method name="math" hits="0" signature="()V">
              <lines>
                <line number="15" hits="0"/>
              </lines>
            </method>
          </methods>
          <lines>
            <line number="16" hits="0" branch="true" condition-coverage="0% (0/2)"/>
            <line number="17" hits="0" branch="true" condition-coverage="0% (0/4)"/>
            <line number="18" hits="0" branch="false"/>
            <line number="19" hits="0" branch="true" condition-coverage="0% (0/2)"/>
            <line number="20" hits="0" branch="true" condition-coverage="0% (0/2)"/>
            <line number="21" hits="0" branch="false"/>
            <line number="23" hits="0" branch="false"/>
            <line number="26" hits="0" branch="false"/>
            <line number="28" hits="0" branch="true" condition-coverage="0% (0/2)"/>
            <line number="29" hits="0" branch="true" condition-coverage="0% (0/2)"/>
            <line number="30" hits="0" branch="false"/>
            <line number="32" hits="0" branch="false"/>
            <line number="35" hits="0" branch="false"/>
            <line number="37" hits="0" branch="true" condition-coverage="0% (0/2)"/>
            <line number="38" hits="0" branch="true" condition-coverage="0% (0/2)"/>
            <line number="39" hits="0" branch="false"/>
            <line number="41" hits="0" branch="false"/>
            <line number="44" hits="0" branch="false"/>
          </lines>
        </class>
        <class name="openid.ts" filename="src/utils/openid.ts" line-rate="0" branch-rate="0">
          <methods>
            <method name="safeStringify" hits="0" signature="()V">
              <lines>
                <line number="7" hits="0"/>
              </lines>
            </method>
            <method name="(anonymous_1)" hits="0" signature="()V">
              <lines>
                <line number="9" hits="0"/>
              </lines>
            </method>
            <method name="logHeaders" hits="0" signature="()V">
              <lines>
                <line number="38" hits="0"/>
              </lines>
            </method>
          </methods>
          <lines>
            <line number="8" hits="0" branch="false"/>
            <line number="9" hits="0" branch="false"/>
            <line number="11" hits="0" branch="true" condition-coverage="0% (0/2)"/>
            <line number="17" hits="0" branch="true" condition-coverage="0% (0/4)"/>
            <line number="21" hits="0" branch="false"/>
            <line number="24" hits="0" branch="true" condition-coverage="0% (0/4)"/>
            <line number="25" hits="0" branch="false"/>
            <line number="27" hits="0" branch="false"/>
            <line number="29" hits="0" branch="false"/>
            <line number="39" hits="0" branch="false"/>
            <line number="40" hits="0" branch="true" condition-coverage="0% (0/4)"/>
            <line number="41" hits="0" branch="false"/>
            <line number="43" hits="0" branch="false"/>
            <line number="44" hits="0" branch="true" condition-coverage="0% (0/4)"/>
            <line number="45" hits="0" branch="false"/>
            <line number="47" hits="0" branch="false"/>
            <line number="50" hits="0" branch="false"/>
          </lines>
        </class>
        <class name="tempChatRetention.ts" filename="src/utils/tempChatRetention.ts" line-rate="1" branch-rate="1">
          <methods>
            <method name="getTempChatRetentionHours" hits="12" signature="()V">
              <lines>
                <line number="24" hits="12"/>
              </lines>
            </method>
            <method name="createTempChatExpirationDate" hits="4" signature="()V">
              <lines>
                <line number="72" hits="4"/>
              </lines>
            </method>
          </methods>
          <lines>
            <line number="7" hits="1" branch="false"/>
            <line number="12" hits="1" branch="false"/>
            <line number="17" hits="1" branch="false"/>
            <line number="25" hits="12" branch="false"/>
            <line number="28" hits="12" branch="true" condition-coverage="100% (2/2)"/>
            <line number="29" hits="3" branch="false"/>
            <line number="30" hits="3" branch="true" condition-coverage="100% (2/2)"/>
            <line number="31" hits="2" branch="false"/>
            <line number="33" hits="1" branch="false"/>
            <line number="40" hits="12" branch="true" condition-coverage="100% (2/2)"/>
            <line number="41" hits="6" branch="false"/>
            <line number="42" hits="6" branch="true" condition-coverage="100% (4/4)"/>
            <line number="43" hits="5" branch="false"/>
            <line number="45" hits="1" branch="false"/>
            <line number="52" hits="12" branch="true" condition-coverage="100% (2/2)"/>
            <line number="53" hits="1" branch="false"/>
            <line number="56" hits="1" branch="false"/>
            <line number="57" hits="11" branch="true" condition-coverage="100% (2/2)"/>
            <line number="58" hits="1" branch="false"/>
            <line number="61" hits="1" branch="false"/>
            <line number="64" hits="12" branch="false"/>
            <line number="73" hits="4" branch="false"/>
            <line number="74" hits="4" branch="false"/>
            <line number="75" hits="4" branch="false"/>
            <line number="76" hits="4" branch="false"/>
          </lines>
        </class>
        <class name="tokenizer.ts" filename="src/utils/tokenizer.ts" line-rate="0.9666" branch-rate="0.7692">
          <methods>
            <method name="(anonymous_0)" hits="1" signature="()V">
              <lines>
                <line number="14" hits="1"/>
              </lines>
            </method>
            <method name="(anonymous_1)" hits="35" signature="()V">
              <lines>
                <line number="19" hits="35"/>
              </lines>
            </method>
            <method name="(anonymous_2)" hits="7" signature="()V">
              <lines>
                <line number="38" hits="7"/>
              </lines>
            </method>
            <method name="(anonymous_3)" hits="8" signature="()V">
              <lines>
                <line number="40" hits="8"/>
              </lines>
            </method>
            <method name="(anonymous_4)" hits="27" signature="()V">
              <lines>
                <line number="52" hits="27"/>
              </lines>
            </method>
            <method name="(anonymous_5)" hits="27" signature="()V">
              <lines>
                <line number="62" hits="27"/>
              </lines>
            </method>
          </methods>
          <lines>
            <line number="15" hits="1" branch="false"/>
            <line number="16" hits="1" branch="false"/>
            <line number="25" hits="35" branch="true" condition-coverage="100% (2/2)"/>
            <line number="26" hits="27" branch="false"/>
            <line number="28" hits="8" branch="true" condition-coverage="100% (2/2)"/>
            <line number="29" hits="1" branch="false"/>
            <line number="31" hits="7" branch="false"/>
            <line number="33" hits="8" branch="false"/>
            <line number="35" hits="35" branch="false"/>
            <line number="39" hits="7" branch="false"/>
            <line number="40" hits="7" branch="false"/>
            <line number="41" hits="8" branch="true" condition-coverage="50% (1/2)"/>
            <line number="42" hits="8" branch="false"/>
            <line number="43" hits="7" branch="false"/>
            <line number="46" hits="6" branch="false"/>
            <line number="48" hits="1" branch="false"/>
            <line number="53" hits="27" branch="true" condition-coverage="100% (2/2)"/>
            <line number="54" hits="1" branch="true" condition-coverage="50% (1/2)"/>
            <line number="55" hits="0" branch="false"/>
            <line number="57" hits="1" branch="false"/>
            <line number="59" hits="27" branch="false"/>
            <line number="63" hits="27" branch="false"/>
            <line number="64" hits="27" branch="false"/>
            <line number="65" hits="27" branch="false"/>
            <line number="66" hits="27" branch="false"/>
            <line number="68" hits="1" branch="false"/>
            <line number="69" hits="1" branch="false"/>
            <line number="70" hits="1" branch="false"/>
            <line number="71" hits="1" branch="false"/>
            <line number="76" hits="1" branch="false"/>
          </lines>
        </class>
        <class name="yaml.ts" filename="src/utils/yaml.ts" line-rate="0" branch-rate="1">
          <methods>
            <method name="loadYaml" hits="0" signature="()V">
              <lines>
                <line number="4" hits="0"/>
              </lines>
            </method>
          </methods>
          <lines>
            <line number="5" hits="0" branch="false"/>
            <line number="6" hits="0" branch="false"/>
            <line number="7" hits="0" branch="false"/>
            <line number="9" hits="0" branch="false"/>
          </lines>
        </class>
      </classes>
    </package>
  </packages>
</coverage>
