<?xml version="1.0" ?>
<!DOCTYPE coverage SYSTEM "http://cobertura.sourceforge.net/xml/coverage-04.dtd">
<coverage lines-valid="1966" lines-covered="884" line-rate="0.4496" branches-valid="1463" branches-covered="684" branch-rate="0.4675" timestamp="1750966128072" complexity="0" version="0.1">
  <sources>
    <source>/Users/z/work/hanzo/chat/packages/data-provider</source>
  </sources>
  <packages>
    <package name="src" line-rate="0.4728" branch-rate="0.4717">
      <classes>
        <class name="actions.ts" filename="src/actions.ts" line-rate="0.8697" branch-rate="0.7475">
          <methods>
            <method name="sha1" hits="41" signature="()V">
              <lines>
                <line number="49" hits="41"/>
              </lines>
            </method>
            <method name="createURL" hits="47" signature="()V">
              <lines>
                <line number="53" hits="47"/>
              </lines>
            </method>
            <method name="(anonymous_2)" hits="20" signature="()V">
              <lines>
                <line number="61" hits="20"/>
              </lines>
            </method>
            <method name="(anonymous_3)" hits="1" signature="()V">
              <lines>
                <line number="75" hits="1"/>
              </lines>
            </method>
            <method name="(anonymous_4)" hits="0" signature="()V">
              <lines>
                <line number="85" hits="0"/>
              </lines>
            </method>
            <method name="(anonymous_5)" hits="0" signature="()V">
              <lines>
                <line number="86" hits="0"/>
              </lines>
            </method>
            <method name="(anonymous_6)" hits="1" signature="()V">
              <lines>
                <line number="87" hits="1"/>
              </lines>
            </method>
            <method name="(anonymous_7)" hits="8" signature="()V">
              <lines>
                <line number="98" hits="8"/>
              </lines>
            </method>
            <method name="(anonymous_8)" hits="22" signature="()V">
              <lines>
                <line number="101" hits="22"/>
              </lines>
            </method>
            <method name="openAPISchemaToZod" hits="30" signature="()V">
              <lines>
                <line number="115" hits="30"/>
              </lines>
            </method>
            <method name="(anonymous_10)" hits="0" signature="()V">
              <lines>
                <line number="120" hits="0"/>
              </lines>
            </method>
            <method name="(anonymous_11)" hits="14" signature="()V">
              <lines>
                <line number="133" hits="14"/>
              </lines>
            </method>
            <method name="(anonymous_12)" hits="1" signature="()V">
              <lines>
                <line number="140" hits="1"/>
              </lines>
            </method>
            <method name="(anonymous_13)" hits="37" signature="()V">
              <lines>
                <line number="159" hits="37"/>
              </lines>
            </method>
            <method name="(anonymous_14)" hits="49" signature="()V">
              <lines>
                <line number="177" hits="49"/>
              </lines>
            </method>
            <method name="(anonymous_15)" hits="41" signature="()V">
              <lines>
                <line number="181" hits="41"/>
              </lines>
            </method>
            <method name="(anonymous_16)" hits="8" signature="()V">
              <lines>
                <line number="208" hits="8"/>
              </lines>
            </method>
            <method name="(anonymous_17)" hits="40" signature="()V">
              <lines>
                <line number="286" hits="40"/>
              </lines>
            </method>
            <method name="(anonymous_18)" hits="13" signature="()V">
              <lines>
                <line number="334" hits="13"/>
              </lines>
            </method>
            <method name="(anonymous_19)" hits="37" signature="()V">
              <lines>
                <line number="342" hits="37"/>
              </lines>
            </method>
            <method name="(anonymous_20)" hits="2" signature="()V">
              <lines>
                <line number="363" hits="2"/>
              </lines>
            </method>
            <method name="(anonymous_21)" hits="3" signature="()V">
              <lines>
                <line number="366" hits="3"/>
              </lines>
            </method>
            <method name="(anonymous_22)" hits="3" signature="()V">
              <lines>
                <line number="369" hits="3"/>
              </lines>
            </method>
            <method name="(anonymous_23)" hits="0" signature="()V">
              <lines>
                <line number="372" hits="0"/>
              </lines>
            </method>
            <method name="(anonymous_24)" hits="0" signature="()V">
              <lines>
                <line number="375" hits="0"/>
              </lines>
            </method>
            <method name="(anonymous_25)" hits="0" signature="()V">
              <lines>
                <line number="378" hits="0"/>
              </lines>
            </method>
            <method name="(anonymous_26)" hits="49" signature="()V">
              <lines>
                <line number="382" hits="49"/>
              </lines>
            </method>
            <method name="(anonymous_27)" hits="12" signature="()V">
              <lines>
                <line number="387" hits="12"/>
              </lines>
            </method>
            <method name="(anonymous_28)" hits="0" signature="()V">
              <lines>
                <line number="393" hits="0"/>
              </lines>
            </method>
            <method name="(anonymous_29)" hits="8" signature="()V">
              <lines>
                <line number="398" hits="8"/>
              </lines>
            </method>
            <method name="resolveRef" hits="75" signature="()V">
              <lines>
                <line number="404" hits="75"/>
              </lines>
            </method>
            <method name="sanitizeOperationId" hits="0" signature="()V">
              <lines>
                <line number="429" hits="0"/>
              </lines>
            </method>
            <method name="openapiToFunction" hits="8" signature="()V">
              <lines>
                <line number="436" hits="8"/>
              </lines>
            </method>
            <method name="validateAndParseOpenAPISpec" hits="9" signature="()V">
              <lines>
                <line number="568" hits="9"/>
              </lines>
            </method>
          </methods>
          <lines>
            <line number="50" hits="41" branch="false"/>
            <line number="54" hits="47" branch="false"/>
            <line number="55" hits="47" branch="false"/>
            <line number="56" hits="47" branch="false"/>
            <line number="57" hits="47" branch="false"/>
            <line number="60" hits="1" branch="false"/>
            <line number="62" hits="20" branch="true" condition-coverage="100% (2/2)"/>
            <line number="63" hits="1" branch="false"/>
            <line number="66" hits="19" branch="false"/>
            <line number="67" hits="19" branch="true" condition-coverage="50% (1/2)"/>
            <line number="68" hits="0" branch="false"/>
            <line number="70" hits="19" branch="true" condition-coverage="50% (1/2)"/>
            <line number="71" hits="0" branch="false"/>
            <line number="73" hits="19" branch="false"/>
            <line number="76" hits="1" branch="false"/>
            <line number="77" hits="1" branch="true" condition-coverage="50% (1/2)"/>
            <line number="78" hits="0" branch="false"/>
            <line number="80" hits="1" branch="true" condition-coverage="50% (1/2)"/>
            <line number="81" hits="0" branch="false"/>
            <line number="83" hits="1" branch="false"/>
            <line number="85" hits="0" branch="false"/>
            <line number="86" hits="0" branch="false"/>
            <line number="88" hits="1" branch="true" condition-coverage="50% (1/2)"/>
            <line number="89" hits="1" branch="false"/>
            <line number="90" hits="1" branch="true" condition-coverage="50% (1/2)"/>
            <line number="91" hits="1" branch="false"/>
            <line number="94" hits="0" branch="false"/>
            <line number="96" hits="0" branch="false"/>
            <line number="99" hits="8" branch="false"/>
            <line number="100" hits="8" branch="true" condition-coverage="50% (1/2)"/>
            <line number="101" hits="8" branch="false"/>
            <line number="102" hits="22" branch="false"/>
            <line number="103" hits="22" branch="true" condition-coverage="50% (1/2)"/>
            <line number="104" hits="22" branch="true" condition-coverage="100% (4/4)"/>
            <line number="105" hits="13" branch="true" condition-coverage="100% (2/2)"/>
            <line number="107" hits="9" branch="true" condition-coverage="100% (2/2)"/>
            <line number="111" hits="8" branch="false"/>
            <line number="116" hits="30" branch="true" condition-coverage="66.66666666666666% (4/6)"/>
            <line number="117" hits="0" branch="false"/>
            <line number="120" hits="30" branch="true" condition-coverage="50% (1/2)"/>
            <line number="121" hits="30" branch="false"/>
            <line number="134" hits="14" branch="false"/>
            <line number="135" hits="14" branch="false"/>
            <line number="136" hits="14" branch="false"/>
            <line number="137" hits="14" branch="true" condition-coverage="100% (2/2)"/>
            <line number="141" hits="1" branch="false"/>
            <line number="146" hits="1" branch="false"/>
            <line number="174" hits="49" branch="false"/>
            <line number="178" hits="49" branch="false"/>
            <line number="182" hits="41" branch="false"/>
            <line number="183" hits="41" branch="false"/>
            <line number="184" hits="41" branch="true" condition-coverage="100% (2/2)"/>
            <line number="186" hits="6" branch="false"/>
            <line number="187" hits="16" branch="true" condition-coverage="100% (2/2)"/>
            <line number="188" hits="1" branch="false"/>
            <line number="189" hits="1" branch="true" condition-coverage="50% (1/2)"/>
            <line number="190" hits="1" branch="false"/>
            <line number="191" hits="1" branch="false"/>
            <line number="197" hits="35" branch="false"/>
            <line number="198" hits="55" branch="false"/>
            <line number="199" hits="55" branch="true" condition-coverage="100% (2/2)"/>
            <line number="200" hits="30" branch="false"/>
            <line number="201" hits="30" branch="false"/>
            <line number="205" hits="41" branch="false"/>
            <line number="209" hits="8" branch="true" condition-coverage="50% (1/2)"/>
            <line number="210" hits="0" branch="false"/>
            <line number="223" hits="8" branch="false"/>
            <line number="233" hits="8" branch="false"/>
            <line number="235" hits="8" branch="true" condition-coverage="100% (3/3)"/>
            <line number="236" hits="8" branch="false"/>
            <line number="251" hits="8" branch="true" condition-coverage="100% (4/4)"/>
            <line number="252" hits="2" branch="false"/>
            <line number="253" hits="2" branch="false"/>
            <line number="254" hits="6" branch="true" condition-coverage="100% (4/4)"/>
            <line number="255" hits="4" branch="false"/>
            <line number="256" hits="2" branch="true" condition-coverage="50% (1/2)"/>
            <line number="262" hits="2" branch="false"/>
            <line number="263" hits="0" branch="true" condition-coverage="0% (0/2)"/>
            <line number="266" hits="0" branch="false"/>
            <line number="269" hits="0" branch="true" condition-coverage="0% (0/2)"/>
            <line number="270" hits="0" branch="false"/>
            <line number="274" hits="0" branch="true" condition-coverage="0% (0/4)"/>
            <line number="276" hits="0" branch="false"/>
            <line number="280" hits="0" branch="false"/>
            <line number="281" hits="0" branch="false"/>
            <line number="283" hits="8" branch="false"/>
            <line number="287" hits="40" branch="false"/>
            <line number="288" hits="40" branch="false"/>
            <line number="292" hits="40" branch="false"/>
            <line number="293" hits="40" branch="false"/>
            <line number="296" hits="40" branch="false"/>
            <line number="297" hits="40" branch="false"/>
            <line number="299" hits="40" branch="true" condition-coverage="100% (4/4)"/>
            <line number="300" hits="6" branch="false"/>
            <line number="303" hits="15" branch="true" condition-coverage="25% (1/4)"/>
            <line number="305" hits="15" branch="false"/>
            <line number="306" hits="15" branch="true" condition-coverage="100% (2/2)"/>
            <line number="307" hits="5" branch="false"/>
            <line number="308" hits="10" branch="true" condition-coverage="100% (2/2)"/>
            <line number="309" hits="6" branch="false"/>
            <line number="310" hits="4" branch="true" condition-coverage="50% (1/2)"/>
            <line number="311" hits="4" branch="false"/>
            <line number="314" hits="34" branch="true" condition-coverage="100% (2/2)"/>
            <line number="315" hits="26" branch="false"/>
            <line number="316" hits="26" branch="false"/>
            <line number="319" hits="40" branch="true" condition-coverage="100% (2/2)"/>
            <line number="320" hits="30" branch="false"/>
            <line number="321" hits="10" branch="true" condition-coverage="100% (2/2)"/>
            <line number="322" hits="2" branch="false"/>
            <line number="323" hits="8" branch="true" condition-coverage="100% (2/2)"/>
            <line number="324" hits="2" branch="false"/>
            <line number="325" hits="6" branch="true" condition-coverage="100% (2/2)"/>
            <line number="326" hits="2" branch="false"/>
            <line number="327" hits="4" branch="true" condition-coverage="100% (2/2)"/>
            <line number="328" hits="2" branch="false"/>
            <line number="330" hits="2" branch="false"/>
            <line number="335" hits="13" branch="false"/>
            <line number="351" hits="37" branch="false"/>
            <line number="364" hits="2" branch="false"/>
            <line number="367" hits="3" branch="false"/>
            <line number="370" hits="3" branch="false"/>
            <line number="373" hits="0" branch="false"/>
            <line number="376" hits="0" branch="false"/>
            <line number="379" hits="0" branch="false"/>
            <line number="383" hits="49" branch="false"/>
            <line number="388" hits="12" branch="false"/>
            <line number="389" hits="12" branch="false"/>
            <line number="390" hits="12" branch="false"/>
            <line number="394" hits="0" branch="false"/>
            <line number="395" hits="0" branch="false"/>
            <line number="399" hits="8" branch="false"/>
            <line number="400" hits="8" branch="false"/>
            <line number="411" hits="75" branch="true" condition-coverage="100% (4/4)"/>
            <line number="412" hits="9" branch="false"/>
            <line number="414" hits="9" branch="false"/>
            <line number="415" hits="9" branch="false"/>
            <line number="416" hits="18" branch="true" condition-coverage="80% (4/5)"/>
            <line number="417" hits="18" branch="false"/>
            <line number="419" hits="0" branch="false"/>
            <line number="423" hits="9" branch="false"/>
            <line number="426" hits="66" branch="false"/>
            <line number="430" hits="0" branch="false"/>
            <line number="444" hits="8" branch="false"/>
            <line number="445" hits="8" branch="false"/>
            <line number="446" hits="8" branch="false"/>
            <line number="447" hits="8" branch="true" condition-coverage="50% (1/2)"/>
            <line number="450" hits="8" branch="false"/>
            <line number="451" hits="13" branch="false"/>
            <line number="452" hits="13" branch="false"/>
            <line number="453" hits="13" branch="false"/>
            <line number="460" hits="13" branch="false"/>
            <line number="461" hits="13" branch="true" condition-coverage="50% (1/2)"/>
            <line number="462" hits="13" branch="true" condition-coverage="100% (3/3)"/>
            <line number="463" hits="13" branch="true" condition-coverage="100% (2/2)"/>
            <line number="465" hits="13" branch="false"/>
            <line number="471" hits="13" branch="true" condition-coverage="100% (2/2)"/>
            <line number="472" hits="10" branch="true" condition-coverage="50% (1/2)"/>
            <line number="473" hits="28" branch="false"/>
            <line number="478" hits="28" branch="false"/>
            <line number="479" hits="28" branch="true" condition-coverage="75% (3/4)"/>
            <line number="480" hits="0" branch="false"/>
            <line number="483" hits="28" branch="false"/>
            <line number="488" hits="28" branch="false"/>
            <line number="489" hits="28" branch="true" condition-coverage="100% (2/2)"/>
            <line number="490" hits="16" branch="false"/>
            <line number="493" hits="28" branch="false"/>
            <line number="503" hits="13" branch="true" condition-coverage="100% (2/2)"/>
            <line number="504" hits="4" branch="false"/>
            <line number="505" hits="4" branch="false"/>
            <line number="506" hits="4" branch="true" condition-coverage="50% (1/2)"/>
            <line number="507" hits="4" branch="false"/>
            <line number="508" hits="4" branch="false"/>
            <line number="512" hits="4" branch="false"/>
            <line number="516" hits="4" branch="true" condition-coverage="100% (2/2)"/>
            <line number="517" hits="2" branch="false"/>
            <line number="520" hits="4" branch="true" condition-coverage="50% (1/2)"/>
            <line number="521" hits="4" branch="false"/>
            <line number="522" hits="6" branch="false"/>
            <line number="527" hits="13" branch="false"/>
            <line number="533" hits="13" branch="false"/>
            <line number="535" hits="13" branch="false"/>
            <line number="545" hits="13" branch="false"/>
            <line number="547" hits="13" branch="true" condition-coverage="100% (4/4)"/>
            <line number="548" hits="7" branch="false"/>
            <line number="549" hits="7" branch="true" condition-coverage="50% (1/2)"/>
            <line number="550" hits="7" branch="false"/>
            <line number="556" hits="8" branch="false"/>
            <line number="569" hits="9" branch="false"/>
            <line number="571" hits="9" branch="false"/>
            <line number="572" hits="9" branch="false"/>
            <line number="574" hits="4" branch="false"/>
            <line number="578" hits="9" branch="true" condition-coverage="100% (2/2)"/>
            <line number="583" hits="2" branch="false"/>
            <line number="586" hits="7" branch="true" condition-coverage="100% (2/2)"/>
            <line number="587" hits="1" branch="false"/>
            <line number="591" hits="6" branch="false"/>
            <line number="592" hits="6" branch="true" condition-coverage="100% (5/5)"/>
            <line number="593" hits="1" branch="false"/>
            <line number="596" hits="5" branch="true" condition-coverage="100% (2/2)"/>
            <line number="597" hits="5" branch="false"/>
            <line number="599" hits="5" branch="false"/>
            <line number="600" hits="10" branch="false"/>
            <line number="602" hits="9" branch="false"/>
            <line number="603" hits="9" branch="true" condition-coverage="75% (3/4)"/>
            <line number="604" hits="9" branch="false"/>
            <line number="605" hits="10" branch="false"/>
            <line number="606" hits="10" branch="true" condition-coverage="100% (5/5)"/>
            <line number="607" hits="9" branch="false"/>
            <line number="608" hits="9" branch="true" condition-coverage="100% (4/4)"/>
            <line number="609" hits="8" branch="false"/>
            <line number="610" hits="8" branch="true" condition-coverage="100% (4/4)"/>
            <line number="611" hits="1" branch="false"/>
            <line number="622" hits="5" branch="false"/>
            <line number="628" hits="0" branch="false"/>
            <line number="629" hits="0" branch="false"/>
          </lines>
        </class>
        <class name="api-endpoints.ts" filename="src/api-endpoints.ts" line-rate="0" branch-rate="0">
          <methods>
            <method name="(anonymous_0)" hits="0" signature="()V">
              <lines>
                <line number="5" hits="0"/>
              </lines>
            </method>
            <method name="(anonymous_1)" hits="0" signature="()V">
              <lines>
                <line number="7" hits="0"/>
              </lines>
            </method>
            <method name="(anonymous_2)" hits="0" signature="()V">
              <lines>
                <line number="13" hits="0"/>
              </lines>
            </method>
            <method name="(anonymous_3)" hits="0" signature="()V">
              <lines>
                <line number="15" hits="0"/>
              </lines>
            </method>
            <method name="(anonymous_4)" hits="0" signature="()V">
              <lines>
                <line number="23" hits="0"/>
              </lines>
            </method>
            <method name="(anonymous_5)" hits="0" signature="()V">
              <lines>
                <line number="24" hits="0"/>
              </lines>
            </method>
            <method name="(anonymous_6)" hits="0" signature="()V">
              <lines>
                <line number="26" hits="0"/>
              </lines>
            </method>
            <method name="(anonymous_7)" hits="0" signature="()V">
              <lines>
                <line number="28" hits="0"/>
              </lines>
            </method>
            <method name="(anonymous_8)" hits="0" signature="()V">
              <lines>
                <line number="30" hits="0"/>
              </lines>
            </method>
            <method name="(anonymous_9)" hits="0" signature="()V">
              <lines>
                <line number="32" hits="0"/>
              </lines>
            </method>
            <method name="(anonymous_10)" hits="0" signature="()V">
              <lines>
                <line number="47" hits="0"/>
              </lines>
            </method>
            <method name="(anonymous_11)" hits="0" signature="()V">
              <lines>
                <line number="48" hits="0"/>
              </lines>
            </method>
            <method name="(anonymous_12)" hits="0" signature="()V">
              <lines>
                <line number="49" hits="0"/>
              </lines>
            </method>
            <method name="(anonymous_13)" hits="0" signature="()V">
              <lines>
                <line number="60" hits="0"/>
              </lines>
            </method>
            <method name="(anonymous_14)" hits="0" signature="()V">
              <lines>
                <line number="61" hits="0"/>
              </lines>
            </method>
            <method name="(anonymous_15)" hits="0" signature="()V">
              <lines>
                <line number="65" hits="0"/>
              </lines>
            </method>
            <method name="(anonymous_16)" hits="0" signature="()V">
              <lines>
                <line number="67" hits="0"/>
              </lines>
            </method>
            <method name="(anonymous_17)" hits="0" signature="()V">
              <lines>
                <line number="69" hits="0"/>
              </lines>
            </method>
            <method name="(anonymous_18)" hits="0" signature="()V">
              <lines>
                <line number="71" hits="0"/>
              </lines>
            </method>
            <method name="(anonymous_19)" hits="0" signature="()V">
              <lines>
                <line number="75" hits="0"/>
              </lines>
            </method>
            <method name="(anonymous_20)" hits="0" signature="()V">
              <lines>
                <line number="79" hits="0"/>
              </lines>
            </method>
            <method name="(anonymous_21)" hits="0" signature="()V">
              <lines>
                <line number="81" hits="0"/>
              </lines>
            </method>
            <method name="(anonymous_22)" hits="0" signature="()V">
              <lines>
                <line number="83" hits="0"/>
              </lines>
            </method>
            <method name="(anonymous_23)" hits="0" signature="()V">
              <lines>
                <line number="85" hits="0"/>
              </lines>
            </method>
            <method name="(anonymous_24)" hits="0" signature="()V">
              <lines>
                <line number="87" hits="0"/>
              </lines>
            </method>
            <method name="(anonymous_25)" hits="0" signature="()V">
              <lines>
                <line number="89" hits="0"/>
              </lines>
            </method>
            <method name="(anonymous_26)" hits="0" signature="()V">
              <lines>
                <line number="91" hits="0"/>
              </lines>
            </method>
            <method name="(anonymous_27)" hits="0" signature="()V">
              <lines>
                <line number="93" hits="0"/>
              </lines>
            </method>
            <method name="(anonymous_28)" hits="0" signature="()V">
              <lines>
                <line number="95" hits="0"/>
              </lines>
            </method>
            <method name="(anonymous_29)" hits="0" signature="()V">
              <lines>
                <line number="98" hits="0"/>
              </lines>
            </method>
            <method name="(anonymous_30)" hits="0" signature="()V">
              <lines>
                <line number="100" hits="0"/>
              </lines>
            </method>
            <method name="(anonymous_31)" hits="0" signature="()V">
              <lines>
                <line number="102" hits="0"/>
              </lines>
            </method>
            <method name="(anonymous_32)" hits="0" signature="()V">
              <lines>
                <line number="104" hits="0"/>
              </lines>
            </method>
            <method name="(anonymous_33)" hits="0" signature="()V">
              <lines>
                <line number="106" hits="0"/>
              </lines>
            </method>
            <method name="(anonymous_34)" hits="0" signature="()V">
              <lines>
                <line number="108" hits="0"/>
              </lines>
            </method>
            <method name="(anonymous_35)" hits="0" signature="()V">
              <lines>
                <line number="110" hits="0"/>
              </lines>
            </method>
            <method name="(anonymous_36)" hits="0" signature="()V">
              <lines>
                <line number="112" hits="0"/>
              </lines>
            </method>
            <method name="(anonymous_37)" hits="0" signature="()V">
              <lines>
                <line number="114" hits="0"/>
              </lines>
            </method>
            <method name="(anonymous_38)" hits="0" signature="()V">
              <lines>
                <line number="116" hits="0"/>
              </lines>
            </method>
            <method name="(anonymous_39)" hits="0" signature="()V">
              <lines>
                <line number="118" hits="0"/>
              </lines>
            </method>
            <method name="(anonymous_40)" hits="0" signature="()V">
              <lines>
                <line number="120" hits="0"/>
              </lines>
            </method>
            <method name="(anonymous_41)" hits="0" signature="()V">
              <lines>
                <line number="122" hits="0"/>
              </lines>
            </method>
            <method name="(anonymous_42)" hits="0" signature="()V">
              <lines>
                <line number="125" hits="0"/>
              </lines>
            </method>
            <method name="(anonymous_43)" hits="0" signature="()V">
              <lines>
                <line number="127" hits="0"/>
              </lines>
            </method>
            <method name="(anonymous_44)" hits="0" signature="()V">
              <lines>
                <line number="129" hits="0"/>
              </lines>
            </method>
            <method name="(anonymous_45)" hits="0" signature="()V">
              <lines>
                <line number="131" hits="0"/>
              </lines>
            </method>
            <method name="(anonymous_46)" hits="0" signature="()V">
              <lines>
                <line number="133" hits="0"/>
              </lines>
            </method>
            <method name="(anonymous_47)" hits="0" signature="()V">
              <lines>
                <line number="135" hits="0"/>
              </lines>
            </method>
            <method name="(anonymous_48)" hits="0" signature="()V">
              <lines>
                <line number="137" hits="0"/>
              </lines>
            </method>
            <method name="(anonymous_49)" hits="0" signature="()V">
              <lines>
                <line number="139" hits="0"/>
              </lines>
            </method>
            <method name="(anonymous_50)" hits="0" signature="()V">
              <lines>
                <line number="173" hits="0"/>
              </lines>
            </method>
            <method name="(anonymous_51)" hits="0" signature="()V">
              <lines>
                <line number="188" hits="0"/>
              </lines>
            </method>
            <method name="(anonymous_52)" hits="0" signature="()V">
              <lines>
                <line number="190" hits="0"/>
              </lines>
            </method>
            <method name="(anonymous_53)" hits="0" signature="()V">
              <lines>
                <line number="192" hits="0"/>
              </lines>
            </method>
            <method name="(anonymous_54)" hits="0" signature="()V">
              <lines>
                <line number="194" hits="0"/>
              </lines>
            </method>
            <method name="(anonymous_55)" hits="0" signature="()V">
              <lines>
                <line number="196" hits="0"/>
              </lines>
            </method>
            <method name="(anonymous_56)" hits="0" signature="()V">
              <lines>
                <line number="198" hits="0"/>
              </lines>
            </method>
            <method name="(anonymous_57)" hits="0" signature="()V">
              <lines>
                <line number="200" hits="0"/>
              </lines>
            </method>
            <method name="(anonymous_58)" hits="0" signature="()V">
              <lines>
                <line number="202" hits="0"/>
              </lines>
            </method>
            <method name="(anonymous_59)" hits="0" signature="()V">
              <lines>
                <line number="204" hits="0"/>
              </lines>
            </method>
            <method name="(anonymous_60)" hits="0" signature="()V">
              <lines>
                <line number="206" hits="0"/>
              </lines>
            </method>
            <method name="(anonymous_61)" hits="0" signature="()V">
              <lines>
                <line number="208" hits="0"/>
              </lines>
            </method>
            <method name="(anonymous_62)" hits="0" signature="()V">
              <lines>
                <line number="210" hits="0"/>
              </lines>
            </method>
            <method name="(anonymous_63)" hits="0" signature="()V">
              <lines>
                <line number="219" hits="0"/>
              </lines>
            </method>
            <method name="(anonymous_64)" hits="0" signature="()V">
              <lines>
                <line number="228" hits="0"/>
              </lines>
            </method>
            <method name="(anonymous_65)" hits="0" signature="()V">
              <lines>
                <line number="230" hits="0"/>
              </lines>
            </method>
            <method name="(anonymous_66)" hits="0" signature="()V">
              <lines>
                <line number="237" hits="0"/>
              </lines>
            </method>
            <method name="(anonymous_67)" hits="0" signature="()V">
              <lines>
                <line number="239" hits="0"/>
              </lines>
            </method>
            <method name="(anonymous_68)" hits="0" signature="()V">
              <lines>
                <line number="243" hits="0"/>
              </lines>
            </method>
            <method name="(anonymous_69)" hits="0" signature="()V">
              <lines>
                <line number="247" hits="0"/>
              </lines>
            </method>
            <method name="(anonymous_70)" hits="0" signature="()V">
              <lines>
                <line number="249" hits="0"/>
              </lines>
            </method>
            <method name="(anonymous_71)" hits="0" signature="()V">
              <lines>
                <line number="252" hits="0"/>
              </lines>
            </method>
            <method name="(anonymous_72)" hits="0" signature="()V">
              <lines>
                <line number="253" hits="0"/>
              </lines>
            </method>
            <method name="(anonymous_73)" hits="0" signature="()V">
              <lines>
                <line number="254" hits="0"/>
              </lines>
            </method>
            <method name="(anonymous_74)" hits="0" signature="()V">
              <lines>
                <line number="255" hits="0"/>
              </lines>
            </method>
            <method name="(anonymous_75)" hits="0" signature="()V">
              <lines>
                <line number="256" hits="0"/>
              </lines>
            </method>
            <method name="(anonymous_76)" hits="0" signature="()V">
              <lines>
                <line number="259" hits="0"/>
              </lines>
            </method>
            <method name="(anonymous_77)" hits="0" signature="()V">
              <lines>
                <line number="262" hits="0"/>
              </lines>
            </method>
            <method name="(anonymous_78)" hits="0" signature="()V">
              <lines>
                <line number="267" hits="0"/>
              </lines>
            </method>
            <method name="(anonymous_79)" hits="0" signature="()V">
              <lines>
                <line number="270" hits="0"/>
              </lines>
            </method>
            <method name="(anonymous_80)" hits="0" signature="()V">
              <lines>
                <line number="271" hits="0"/>
              </lines>
            </method>
            <method name="(anonymous_81)" hits="0" signature="()V">
              <lines>
                <line number="272" hits="0"/>
              </lines>
            </method>
            <method name="(anonymous_82)" hits="0" signature="()V">
              <lines>
                <line number="275" hits="0"/>
              </lines>
            </method>
            <method name="(anonymous_83)" hits="0" signature="()V">
              <lines>
                <line number="279" hits="0"/>
              </lines>
            </method>
            <method name="(anonymous_84)" hits="0" signature="()V">
              <lines>
                <line number="280" hits="0"/>
              </lines>
            </method>
            <method name="(anonymous_85)" hits="0" signature="()V">
              <lines>
                <line number="281" hits="0"/>
              </lines>
            </method>
            <method name="(anonymous_86)" hits="0" signature="()V">
              <lines>
                <line number="282" hits="0"/>
              </lines>
            </method>
            <method name="(anonymous_87)" hits="0" signature="()V">
              <lines>
                <line number="283" hits="0"/>
              </lines>
            </method>
            <method name="(anonymous_88)" hits="0" signature="()V">
              <lines>
                <line number="284" hits="0"/>
              </lines>
            </method>
            <method name="(anonymous_89)" hits="0" signature="()V">
              <lines>
                <line number="287" hits="0"/>
              </lines>
            </method>
            <method name="(anonymous_90)" hits="0" signature="()V">
              <lines>
                <line number="288" hits="0"/>
              </lines>
            </method>
            <method name="(anonymous_91)" hits="0" signature="()V">
              <lines>
                <line number="289" hits="0"/>
              </lines>
            </method>
          </methods>
          <lines>
            <line number="5" hits="0" branch="false"/>
            <line number="6" hits="0" branch="false"/>
            <line number="8" hits="0" branch="true" condition-coverage="0% (0/2)"/>
            <line number="9" hits="0" branch="false"/>
            <line number="11" hits="0" branch="true" condition-coverage="0% (0/3)"/>
            <line number="14" hits="0" branch="true" condition-coverage="0% (0/2)"/>
            <line number="15" hits="0" branch="false"/>
            <line number="17" hits="0" branch="false"/>
            <line number="20" hits="0" branch="true" condition-coverage="0% (0/2)"/>
            <line number="23" hits="0" branch="false"/>
            <line number="24" hits="0" branch="false"/>
            <line number="26" hits="0" branch="false"/>
            <line number="28" hits="0" branch="false"/>
            <line number="30" hits="0" branch="false"/>
            <line number="32" hits="0" branch="false"/>
            <line number="33" hits="0" branch="false"/>
            <line number="35" hits="0" branch="true" condition-coverage="0% (0/4)"/>
            <line number="36" hits="0" branch="false"/>
            <line number="39" hits="0" branch="true" condition-coverage="0% (0/2)"/>
            <line number="40" hits="0" branch="false"/>
            <line number="43" hits="0" branch="false"/>
            <line number="46" hits="0" branch="false"/>
            <line number="47" hits="0" branch="false"/>
            <line number="48" hits="0" branch="false"/>
            <line number="49" hits="0" branch="false"/>
            <line number="57" hits="0" branch="false"/>
            <line number="60" hits="0" branch="false"/>
            <line number="61" hits="0" branch="false"/>
            <line number="63" hits="0" branch="false"/>
            <line number="65" hits="0" branch="false"/>
            <line number="67" hits="0" branch="false"/>
            <line number="69" hits="0" branch="false"/>
            <line number="71" hits="0" branch="false"/>
            <line number="73" hits="0" branch="false"/>
            <line number="75" hits="0" branch="false"/>
            <line number="76" hits="0" branch="false"/>
            <line number="79" hits="0" branch="false"/>
            <line number="81" hits="0" branch="false"/>
            <line number="83" hits="0" branch="false"/>
            <line number="85" hits="0" branch="false"/>
            <line number="87" hits="0" branch="false"/>
            <line number="89" hits="0" branch="false"/>
            <line number="91" hits="0" branch="false"/>
            <line number="93" hits="0" branch="false"/>
            <line number="95" hits="0" branch="false"/>
            <line number="96" hits="0" branch="true" condition-coverage="0% (0/2)"/>
            <line number="98" hits="0" branch="false"/>
            <line number="100" hits="0" branch="false"/>
            <line number="102" hits="0" branch="false"/>
            <line number="104" hits="0" branch="false"/>
            <line number="106" hits="0" branch="false"/>
            <line number="108" hits="0" branch="false"/>
            <line number="110" hits="0" branch="false"/>
            <line number="112" hits="0" branch="false"/>
            <line number="114" hits="0" branch="false"/>
            <line number="116" hits="0" branch="false"/>
            <line number="118" hits="0" branch="false"/>
            <line number="120" hits="0" branch="false"/>
            <line number="122" hits="0" branch="false"/>
            <line number="123" hits="0" branch="true" condition-coverage="0% (0/2)"/>
            <line number="125" hits="0" branch="false"/>
            <line number="127" hits="0" branch="false"/>
            <line number="129" hits="0" branch="false"/>
            <line number="131" hits="0" branch="false"/>
            <line number="133" hits="0" branch="false"/>
            <line number="135" hits="0" branch="false"/>
            <line number="137" hits="0" branch="false"/>
            <line number="139" hits="0" branch="false"/>
            <line number="152" hits="0" branch="true" condition-coverage="0% (0/2)"/>
            <line number="154" hits="0" branch="true" condition-coverage="0% (0/4)"/>
            <line number="155" hits="0" branch="false"/>
            <line number="158" hits="0" branch="true" condition-coverage="0% (0/2)"/>
            <line number="159" hits="0" branch="false"/>
            <line number="165" hits="0" branch="true" condition-coverage="0% (0/4)"/>
            <line number="166" hits="0" branch="false"/>
            <line number="167" hits="0" branch="false"/>
            <line number="170" hits="0" branch="false"/>
            <line number="173" hits="0" branch="true" condition-coverage="0% (0/1)"/>
            <line number="174" hits="0" branch="false"/>
            <line number="176" hits="0" branch="true" condition-coverage="0% (0/4)"/>
            <line number="177" hits="0" branch="false"/>
            <line number="180" hits="0" branch="true" condition-coverage="0% (0/4)"/>
            <line number="181" hits="0" branch="false"/>
            <line number="182" hits="0" branch="false"/>
            <line number="185" hits="0" branch="false"/>
            <line number="188" hits="0" branch="false"/>
            <line number="190" hits="0" branch="false"/>
            <line number="192" hits="0" branch="false"/>
            <line number="194" hits="0" branch="false"/>
            <line number="196" hits="0" branch="false"/>
            <line number="198" hits="0" branch="false"/>
            <line number="200" hits="0" branch="false"/>
            <line number="202" hits="0" branch="false"/>
            <line number="204" hits="0" branch="false"/>
            <line number="206" hits="0" branch="false"/>
            <line number="208" hits="0" branch="false"/>
            <line number="210" hits="0" branch="false"/>
            <line number="211" hits="0" branch="false"/>
            <line number="212" hits="0" branch="true" condition-coverage="0% (0/2)"/>
            <line number="213" hits="0" branch="false"/>
            <line number="214" hits="0" branch="false"/>
            <line number="216" hits="0" branch="false"/>
            <line number="219" hits="0" branch="false"/>
            <line number="220" hits="0" branch="false"/>
            <line number="221" hits="0" branch="true" condition-coverage="0% (0/2)"/>
            <line number="222" hits="0" branch="false"/>
            <line number="223" hits="0" branch="false"/>
            <line number="225" hits="0" branch="false"/>
            <line number="228" hits="0" branch="false"/>
            <line number="230" hits="0" branch="false"/>
            <line number="231" hits="0" branch="false"/>
            <line number="233" hits="0" branch="false"/>
            <line number="235" hits="0" branch="false"/>
            <line number="237" hits="0" branch="false"/>
            <line number="239" hits="0" branch="false"/>
            <line number="241" hits="0" branch="false"/>
            <line number="243" hits="0" branch="false"/>
            <line number="244" hits="0" branch="false"/>
            <line number="247" hits="0" branch="false"/>
            <line number="249" hits="0" branch="false"/>
            <line number="252" hits="0" branch="false"/>
            <line number="253" hits="0" branch="false"/>
            <line number="254" hits="0" branch="false"/>
            <line number="255" hits="0" branch="false"/>
            <line number="256" hits="0" branch="false"/>
            <line number="259" hits="0" branch="false"/>
            <line number="260" hits="0" branch="true" condition-coverage="0% (0/4)"/>
            <line number="262" hits="0" branch="false"/>
            <line number="263" hits="0" branch="true" condition-coverage="0% (0/2)"/>
            <line number="267" hits="0" branch="false"/>
            <line number="268" hits="0" branch="false"/>
            <line number="270" hits="0" branch="false"/>
            <line number="271" hits="0" branch="false"/>
            <line number="272" hits="0" branch="false"/>
            <line number="275" hits="0" branch="false"/>
            <line number="276" hits="0" branch="false"/>
            <line number="279" hits="0" branch="false"/>
            <line number="280" hits="0" branch="false"/>
            <line number="281" hits="0" branch="false"/>
            <line number="282" hits="0" branch="false"/>
            <line number="283" hits="0" branch="false"/>
            <line number="284" hits="0" branch="false"/>
            <line number="287" hits="0" branch="false"/>
            <line number="288" hits="0" branch="false"/>
            <line number="289" hits="0" branch="false"/>
          </lines>
        </class>
        <class name="artifacts.ts" filename="src/artifacts.ts" line-rate="0" branch-rate="1">
          <methods>
          </methods>
          <lines>
            <line number="7" hits="0" branch="false"/>
            <line number="15" hits="0" branch="false"/>
            <line number="72" hits="0" branch="false"/>
            <line number="212" hits="0" branch="false"/>
            <line number="273" hits="0" branch="false"/>
            <line number="323" hits="0" branch="false"/>
            <line number="361" hits="0" branch="false"/>
            <line number="478" hits="0" branch="false"/>
            <line number="535" hits="0" branch="false"/>
            <line number="601" hits="0" branch="false"/>
            <line number="681" hits="0" branch="false"/>
            <line number="943" hits="0" branch="false"/>
            <line number="973" hits="0" branch="false"/>
            <line number="984" hits="0" branch="false"/>
            <line number="1106" hits="0" branch="false"/>
            <line number="1224" hits="0" branch="false"/>
            <line number="1424" hits="0" branch="false"/>
            <line number="1453" hits="0" branch="false"/>
            <line number="1478" hits="0" branch="false"/>
            <line number="1503" hits="0" branch="false"/>
            <line number="1740" hits="0" branch="false"/>
            <line number="1870" hits="0" branch="false"/>
            <line number="1989" hits="0" branch="false"/>
            <line number="2020" hits="0" branch="false"/>
            <line number="2047" hits="0" branch="false"/>
            <line number="2091" hits="0" branch="false"/>
            <line number="2251" hits="0" branch="false"/>
            <line number="2282" hits="0" branch="false"/>
            <line number="2298" hits="0" branch="false"/>
            <line number="2326" hits="0" branch="false"/>
            <line number="2355" hits="0" branch="false"/>
            <line number="2474" hits="0" branch="false"/>
            <line number="2529" hits="0" branch="false"/>
            <line number="2555" hits="0" branch="false"/>
            <line number="2684" hits="0" branch="false"/>
            <line number="2719" hits="0" branch="false"/>
            <line number="2780" hits="0" branch="false"/>
            <line number="2825" hits="0" branch="false"/>
            <line number="2855" hits="0" branch="false"/>
            <line number="3048" hits="0" branch="false"/>
            <line number="3090" hits="0" branch="false"/>
          </lines>
        </class>
        <class name="azure.ts" filename="src/azure.ts" line-rate="0.8828" branch-rate="0.8062">
          <methods>
            <method name="validateAzureGroups" hits="16" signature="()V">
              <lines>
                <line number="51" hits="16"/>
              </lines>
            </method>
            <method name="mapModelToAzureConfig" hits="16" signature="()V">
              <lines>
                <line number="176" hits="16"/>
              </lines>
            </method>
            <method name="mapGroupToAzureConfig" hits="3" signature="()V">
              <lines>
                <line number="282" hits="3"/>
              </lines>
            </method>
          </methods>
          <lines>
            <line number="13" hits="1" branch="false"/>
            <line number="42" hits="1" branch="false"/>
            <line number="52" hits="16" branch="false"/>
            <line number="53" hits="16" branch="false"/>
            <line number="54" hits="16" branch="false"/>
            <line number="55" hits="16" branch="false"/>
            <line number="56" hits="16" branch="false"/>
            <line number="58" hits="16" branch="false"/>
            <line number="59" hits="16" branch="true" condition-coverage="100% (2/2)"/>
            <line number="60" hits="1" branch="false"/>
            <line number="61" hits="1" branch="false"/>
            <line number="63" hits="15" branch="false"/>
            <line number="75" hits="22" branch="false"/>
            <line number="77" hits="22" branch="true" condition-coverage="100% (2/2)"/>
            <line number="78" hits="1" branch="false"/>
            <line number="79" hits="1" branch="false"/>
            <line number="82" hits="21" branch="true" condition-coverage="100% (4/4)"/>
            <line number="83" hits="1" branch="false"/>
            <line number="84" hits="1" branch="false"/>
            <line number="87" hits="20" branch="true" condition-coverage="100% (4/4)"/>
            <line number="88" hits="1" branch="false"/>
            <line number="91" hits="1" branch="false"/>
            <line number="94" hits="19" branch="false"/>
            <line number="106" hits="19" branch="false"/>
            <line number="107" hits="28" branch="false"/>
            <line number="108" hits="28" branch="false"/>
            <line number="110" hits="28" branch="true" condition-coverage="100% (2/2)"/>
            <line number="111" hits="1" branch="false"/>
            <line number="114" hits="1" branch="false"/>
            <line number="117" hits="27" branch="true" condition-coverage="100% (2/2)"/>
            <line number="118" hits="4" branch="false"/>
            <line number="121" hits="4" branch="false"/>
            <line number="124" hits="23" branch="true" condition-coverage="100% (2/2)"/>
            <line number="125" hits="23" branch="true" condition-coverage="100% (2/2)"/>
            <line number="126" hits="23" branch="true" condition-coverage="100% (2/2)"/>
            <line number="128" hits="5" branch="true" condition-coverage="100% (4/4)"/>
            <line number="129" hits="2" branch="false"/>
            <line number="132" hits="2" branch="false"/>
            <line number="135" hits="3" branch="false"/>
            <line number="139" hits="18" branch="true" condition-coverage="100% (2/2)"/>
            <line number="140" hits="18" branch="true" condition-coverage="100% (2/2)"/>
            <line number="142" hits="18" branch="true" condition-coverage="100% (6/6)"/>
            <line number="143" hits="1" branch="false"/>
            <line number="146" hits="1" branch="false"/>
            <line number="149" hits="17" branch="false"/>
            <line number="159" hits="9" branch="false"/>
            <line number="183" hits="16" branch="false"/>
            <line number="184" hits="16" branch="true" condition-coverage="50% (1/2)"/>
            <line number="185" hits="0" branch="false"/>
            <line number="188" hits="16" branch="false"/>
            <line number="189" hits="16" branch="true" condition-coverage="50% (1/2)"/>
            <line number="190" hits="0" branch="false"/>
            <line number="195" hits="16" branch="true" condition-coverage="100% (2/2)"/>
            <line number="197" hits="16" branch="true" condition-coverage="75% (3/4)"/>
            <line number="198" hits="0" branch="false"/>
            <line number="203" hits="16" branch="true" condition-coverage="50% (1/2)"/>
            <line number="204" hits="16" branch="true" condition-coverage="75% (3/4)"/>
            <line number="205" hits="0" branch="false"/>
            <line number="210" hits="16" branch="true" condition-coverage="100% (2/2)"/>
            <line number="211" hits="5" branch="false"/>
            <line number="220" hits="5" branch="false"/>
            <line number="221" hits="5" branch="true" condition-coverage="100% (4/4)"/>
            <line number="222" hits="1" branch="false"/>
            <line number="225" hits="4" branch="true" condition-coverage="50% (1/2)"/>
            <line number="226" hits="0" branch="false"/>
            <line number="229" hits="4" branch="false"/>
            <line number="232" hits="11" branch="true" condition-coverage="50% (1/2)"/>
            <line number="233" hits="0" branch="false"/>
            <line number="238" hits="11" branch="false"/>
            <line number="240" hits="11" branch="true" condition-coverage="100% (2/2)"/>
            <line number="250" hits="11" branch="true" condition-coverage="75% (3/4)"/>
            <line number="251" hits="0" branch="false"/>
            <line number="256" hits="11" branch="false"/>
            <line number="263" hits="11" branch="false"/>
            <line number="264" hits="41" branch="true" condition-coverage="100% (4/4)"/>
            <line number="265" hits="1" branch="false"/>
            <line number="269" hits="10" branch="false"/>
            <line number="271" hits="10" branch="true" condition-coverage="100% (2/2)"/>
            <line number="272" hits="3" branch="false"/>
            <line number="275" hits="10" branch="true" condition-coverage="100% (2/2)"/>
            <line number="276" hits="3" branch="false"/>
            <line number="279" hits="10" branch="false"/>
            <line number="289" hits="3" branch="false"/>
            <line number="290" hits="3" branch="true" condition-coverage="100% (2/2)"/>
            <line number="291" hits="1" branch="false"/>
            <line number="294" hits="2" branch="true" condition-coverage="50% (1/2)"/>
            <line number="295" hits="2" branch="true" condition-coverage="100% (2/2)"/>
            <line number="296" hits="2" branch="true" condition-coverage="100% (2/2)"/>
            <line number="298" hits="2" branch="true" condition-coverage="50% (2/4)"/>
            <line number="299" hits="0" branch="false"/>
            <line number="304" hits="2" branch="true" condition-coverage="75% (3/4)"/>
            <line number="305" hits="0" branch="false"/>
            <line number="310" hits="2" branch="false"/>
            <line number="311" hits="2" branch="true" condition-coverage="50% (1/2)"/>
            <line number="312" hits="0" branch="false"/>
            <line number="316" hits="2" branch="false"/>
            <line number="317" hits="2" branch="false"/>
            <line number="319" hits="2" branch="false"/>
            <line number="326" hits="2" branch="true" condition-coverage="100% (2/2)"/>
            <line number="327" hits="1" branch="false"/>
            <line number="336" hits="1" branch="true" condition-coverage="50% (1/2)"/>
            <line number="346" hits="1" branch="true" condition-coverage="75% (3/4)"/>
            <line number="347" hits="0" branch="false"/>
            <line number="352" hits="1" branch="false"/>
            <line number="353" hits="1" branch="false"/>
            <line number="355" hits="1" branch="false"/>
            <line number="357" hits="1" branch="true" condition-coverage="50% (1/2)"/>
            <line number="358" hits="0" branch="false"/>
            <line number="361" hits="1" branch="true" condition-coverage="50% (1/2)"/>
            <line number="362" hits="0" branch="false"/>
            <line number="365" hits="1" branch="false"/>
          </lines>
        </class>
        <class name="bedrock.ts" filename="src/bedrock.ts" line-rate="0.3714" branch-rate="0.3787">
          <methods>
            <method name="(anonymous_0)" hits="0" signature="()V">
              <lines>
                <line number="44" hits="0"/>
              </lines>
            </method>
            <method name="(anonymous_1)" hits="0" signature="()V">
              <lines>
                <line number="56" hits="0"/>
              </lines>
            </method>
            <method name="(anonymous_2)" hits="10" signature="()V">
              <lines>
                <line number="86" hits="10"/>
              </lines>
            </method>
            <method name="(anonymous_3)" hits="13" signature="()V">
              <lines>
                <line number="108" hits="13"/>
              </lines>
            </method>
            <method name="(anonymous_4)" hits="0" signature="()V">
              <lines>
                <line number="158" hits="0"/>
              </lines>
            </method>
            <method name="configureThinking" hits="0" signature="()V">
              <lines>
                <line number="166" hits="0"/>
              </lines>
            </method>
            <method name="(anonymous_6)" hits="0" signature="()V">
              <lines>
                <line number="185" hits="0"/>
              </lines>
            </method>
            <method name="(anonymous_7)" hits="0" signature="()V">
              <lines>
                <line number="190" hits="0"/>
              </lines>
            </method>
            <method name="(anonymous_8)" hits="0" signature="()V">
              <lines>
                <line number="202" hits="0"/>
              </lines>
            </method>
          </methods>
          <lines>
            <line number="18" hits="3" branch="false"/>
            <line number="45" hits="0" branch="true" condition-coverage="0% (0/2)"/>
            <line number="46" hits="0" branch="false"/>
            <line number="47" hits="0" branch="false"/>
            <line number="48" hits="0" branch="false"/>
            <line number="52" hits="0" branch="false"/>
            <line number="54" hits="0" branch="false"/>
            <line number="56" hits="0" branch="false"/>
            <line number="60" hits="3" branch="false"/>
            <line number="87" hits="10" branch="false"/>
            <line number="105" hits="10" branch="false"/>
            <line number="106" hits="10" branch="false"/>
            <line number="108" hits="10" branch="false"/>
            <line number="109" hits="13" branch="true" condition-coverage="100% (2/2)"/>
            <line number="110" hits="3" branch="true" condition-coverage="50% (1/2)"/>
            <line number="111" hits="0" branch="false"/>
            <line number="113" hits="3" branch="false"/>
            <line number="115" hits="3" branch="false"/>
            <line number="120" hits="10" branch="true" condition-coverage="100% (2/2)"/>
            <line number="127" hits="9" branch="true" condition-coverage="100% (2/2)"/>
            <line number="128" hits="7" branch="false"/>
            <line number="129" hits="2" branch="true" condition-coverage="100% (2/2)"/>
            <line number="130" hits="1" branch="false"/>
            <line number="131" hits="1" branch="false"/>
            <line number="134" hits="9" branch="true" condition-coverage="100% (4/4)"/>
            <line number="135" hits="7" branch="false"/>
            <line number="137" hits="9" branch="false"/>
            <line number="138" hits="1" branch="true" condition-coverage="75% (3/4)"/>
            <line number="139" hits="0" branch="false"/>
            <line number="140" hits="0" branch="false"/>
            <line number="143" hits="10" branch="true" condition-coverage="100% (2/2)"/>
            <line number="144" hits="9" branch="false"/>
            <line number="150" hits="10" branch="true" condition-coverage="50% (1/2)"/>
            <line number="151" hits="0" branch="false"/>
            <line number="152" hits="10" branch="true" condition-coverage="50% (1/2)"/>
            <line number="153" hits="0" branch="false"/>
            <line number="156" hits="10" branch="false"/>
            <line number="158" hits="0" branch="false"/>
            <line number="167" hits="0" branch="false"/>
            <line number="168" hits="0" branch="true" condition-coverage="0% (0/2)"/>
            <line number="169" hits="0" branch="true" condition-coverage="0% (0/3)"/>
            <line number="170" hits="0" branch="false"/>
            <line number="171" hits="0" branch="false"/>
            <line number="176" hits="0" branch="true" condition-coverage="0% (0/2)"/>
            <line number="177" hits="0" branch="false"/>
            <line number="179" hits="0" branch="false"/>
            <line number="180" hits="0" branch="false"/>
            <line number="182" hits="0" branch="false"/>
            <line number="185" hits="3" branch="false"/>
            <line number="186" hits="0" branch="false"/>
            <line number="187" hits="0" branch="false"/>
            <line number="190" hits="0" branch="false"/>
            <line number="191" hits="0" branch="true" condition-coverage="0% (0/2)"/>
            <line number="192" hits="0" branch="false"/>
            <line number="197" hits="0" branch="true" condition-coverage="0% (0/2)"/>
            <line number="201" hits="0" branch="false"/>
            <line number="203" hits="0" branch="true" condition-coverage="0% (0/2)"/>
            <line number="204" hits="0" branch="true" condition-coverage="0% (0/2)"/>
            <line number="205" hits="0" branch="false"/>
            <line number="206" hits="0" branch="true" condition-coverage="0% (0/4)"/>
            <line number="207" hits="0" branch="false"/>
            <line number="209" hits="0" branch="false"/>
            <line number="217" hits="0" branch="true" condition-coverage="0% (0/4)"/>
            <line number="218" hits="0" branch="false"/>
            <line number="219" hits="0" branch="true" condition-coverage="0% (0/4)"/>
            <line number="220" hits="0" branch="false"/>
            <line number="223" hits="0" branch="false"/>
            <line number="225" hits="0" branch="true" condition-coverage="0% (0/2)"/>
            <line number="226" hits="0" branch="false"/>
            <line number="229" hits="0" branch="false"/>
          </lines>
        </class>
        <class name="config.ts" filename="src/config.ts" line-rate="0.7826000000000001" branch-rate="0.1333">
          <methods>
            <method name="getSchemaDefaults" hits="0" signature="()V">
              <lines>
                <line number="81" hits="0"/>
              </lines>
            </method>
            <method name="(anonymous_1)" hits="0" signature="()V">
              <lines>
                <line number="85" hits="0"/>
              </lines>
            </method>
            <method name="(anonymous_2)" hits="0" signature="()V">
              <lines>
                <line number="270" hits="0"/>
              </lines>
            </method>
            <method name="(anonymous_3)" hits="0" signature="()V">
              <lines>
                <line number="755" hits="0"/>
              </lines>
            </method>
            <method name="(anonymous_4)" hits="0" signature="()V">
              <lines>
                <line number="761" hits="0"/>
              </lines>
            </method>
            <method name="(anonymous_5)" hits="69" signature="()V">
              <lines>
                <line number="933" hits="69"/>
              </lines>
            </method>
            <method name="validateVisionModel" hits="0" signature="()V">
              <lines>
                <line number="1020" hits="0"/>
              </lines>
            </method>
            <method name="(anonymous_7)" hits="0" signature="()V">
              <lines>
                <line number="1041" hits="0"/>
              </lines>
            </method>
          </methods>
          <lines>
            <line number="10" hits="3" branch="false"/>
            <line number="12" hits="3" branch="false"/>
            <line number="35" hits="3" branch="false"/>
            <line number="63" hits="3" branch="false"/>
            <line number="84" hits="0" branch="false"/>
            <line number="85" hits="0" branch="false"/>
            <line number="86" hits="0" branch="true" condition-coverage="0% (0/2)"/>
            <line number="88" hits="0" branch="false"/>
            <line number="90" hits="0" branch="false"/>
            <line number="94" hits="0" branch="false"/>
            <line number="97" hits="3" branch="false"/>
            <line number="107" hits="3" branch="false"/>
            <line number="123" hits="3" branch="false"/>
            <line number="131" hits="3" branch="false"/>
            <line number="178" hits="3" branch="false"/>
            <line number="183" hits="3" branch="false"/>
            <line number="192" hits="3" branch="false"/>
            <line number="198" hits="3" branch="false"/>
            <line number="236" hits="3" branch="false"/>
            <line number="247" hits="3" branch="false"/>
            <line number="268" hits="3" branch="false"/>
            <line number="270" hits="0" branch="false"/>
            <line number="305" hits="3" branch="false"/>
            <line number="328" hits="3" branch="false"/>
            <line number="335" hits="3" branch="false"/>
            <line number="344" hits="3" branch="false"/>
            <line number="361" hits="3" branch="false"/>
            <line number="368" hits="3" branch="false"/>
            <line number="375" hits="3" branch="false"/>
            <line number="381" hits="3" branch="false"/>
            <line number="388" hits="3" branch="false"/>
            <line number="393" hits="3" branch="false"/>
            <line number="434" hits="3" branch="false"/>
            <line number="475" hits="3" branch="false"/>
            <line number="485" hits="3" branch="false"/>
            <line number="491" hits="3" branch="false"/>
            <line number="536" hits="3" branch="false"/>
            <line number="546" hits="3" branch="false"/>
            <line number="647" hits="3" branch="false"/>
            <line number="662" hits="3" branch="false"/>
            <line number="669" hits="3" branch="false"/>
            <line number="681" hits="3" branch="false"/>
            <line number="704" hits="3" branch="false"/>
            <line number="755" hits="0" branch="false"/>
            <line number="761" hits="3" branch="false"/>
            <line number="794" hits="3" branch="false"/>
            <line number="808" hits="3" branch="false"/>
            <line number="825" hits="3" branch="false"/>
            <line number="847" hits="3" branch="false"/>
            <line number="870" hits="3" branch="false"/>
            <line number="904" hits="3" branch="false"/>
            <line number="933" hits="3" branch="false"/>
            <line number="934" hits="69" branch="true" condition-coverage="100% (2/2)"/>
            <line number="937" hits="3" branch="false"/>
            <line number="939" hits="3" branch="false"/>
            <line number="952" hits="3" branch="false"/>
            <line number="958" hits="3" branch="false"/>
            <line number="969" hits="3" branch="false"/>
            <line number="981" hits="3" branch="false"/>
            <line number="1029" hits="0" branch="true" condition-coverage="0% (0/2)"/>
            <line number="1030" hits="0" branch="false"/>
            <line number="1033" hits="0" branch="true" condition-coverage="0% (0/4)"/>
            <line number="1034" hits="0" branch="false"/>
            <line number="1037" hits="0" branch="true" condition-coverage="0% (0/4)"/>
            <line number="1038" hits="0" branch="false"/>
            <line number="1041" hits="0" branch="false"/>
            <line number="1044" hits="3" branch="false"/>
            <line number="1513" hits="3" branch="false"/>
            <line number="1520" hits="3" branch="false"/>
          </lines>
        </class>
        <class name="createPayload.ts" filename="src/createPayload.ts" line-rate="0" branch-rate="0">
          <methods>
            <method name="createPayload" hits="0" signature="()V">
              <lines>
                <line number="5" hits="0"/>
              </lines>
            </method>
          </methods>
          <lines>
            <line number="14" hits="0" branch="false"/>
            <line number="15" hits="0" branch="false"/>
            <line number="16" hits="0" branch="false"/>
            <line number="21" hits="0" branch="false"/>
            <line number="22" hits="0" branch="false"/>
            <line number="24" hits="0" branch="true" condition-coverage="0% (0/4)"/>
            <line number="25" hits="0" branch="false"/>
            <line number="28" hits="0" branch="false"/>
            <line number="38" hits="0" branch="false"/>
          </lines>
        </class>
        <class name="data-service.ts" filename="src/data-service.ts" line-rate="0" branch-rate="0">
          <methods>
            <method name="revokeUserKey" hits="0" signature="()V">
              <lines>
                <line number="14" hits="0"/>
              </lines>
            </method>
            <method name="revokeAllUserKeys" hits="0" signature="()V">
              <lines>
                <line number="18" hits="0"/>
              </lines>
            </method>
            <method name="deleteUser" hits="0" signature="()V">
              <lines>
                <line number="22" hits="0"/>
              </lines>
            </method>
            <method name="getSharedMessages" hits="0" signature="()V">
              <lines>
                <line number="26" hits="0"/>
              </lines>
            </method>
            <method name="(anonymous_4)" hits="0" signature="()V">
              <lines>
                <line number="30" hits="0"/>
              </lines>
            </method>
            <method name="getSharedLink" hits="0" signature="()V">
              <lines>
                <line number="40" hits="0"/>
              </lines>
            </method>
            <method name="createSharedLink" hits="0" signature="()V">
              <lines>
                <line number="44" hits="0"/>
              </lines>
            </method>
            <method name="updateSharedLink" hits="0" signature="()V">
              <lines>
                <line number="48" hits="0"/>
              </lines>
            </method>
            <method name="deleteSharedLink" hits="0" signature="()V">
              <lines>
                <line number="52" hits="0"/>
              </lines>
            </method>
            <method name="updateUserKey" hits="0" signature="()V">
              <lines>
                <line number="56" hits="0"/>
              </lines>
            </method>
            <method name="getPresets" hits="0" signature="()V">
              <lines>
                <line number="65" hits="0"/>
              </lines>
            </method>
            <method name="createPreset" hits="0" signature="()V">
              <lines>
                <line number="69" hits="0"/>
              </lines>
            </method>
            <method name="updatePreset" hits="0" signature="()V">
              <lines>
                <line number="73" hits="0"/>
              </lines>
            </method>
            <method name="deletePreset" hits="0" signature="()V">
              <lines>
                <line number="77" hits="0"/>
              </lines>
            </method>
            <method name="getSearchEnabled" hits="0" signature="()V">
              <lines>
                <line number="81" hits="0"/>
              </lines>
            </method>
            <method name="getUser" hits="0" signature="()V">
              <lines>
                <line number="85" hits="0"/>
              </lines>
            </method>
            <method name="getUserBalance" hits="0" signature="()V">
              <lines>
                <line number="89" hits="0"/>
              </lines>
            </method>
            <method name="(anonymous_17)" hits="0" signature="()V">
              <lines>
                <line number="93" hits="0"/>
              </lines>
            </method>
            <method name="(anonymous_18)" hits="0" signature="()V">
              <lines>
                <line number="97" hits="0"/>
              </lines>
            </method>
            <method name="(anonymous_19)" hits="0" signature="()V">
              <lines>
                <line number="101" hits="0"/>
              </lines>
            </method>
            <method name="(anonymous_20)" hits="0" signature="()V">
              <lines>
                <line number="105" hits="0"/>
              </lines>
            </method>
            <method name="(anonymous_21)" hits="0" signature="()V">
              <lines>
                <line number="109" hits="0"/>
              </lines>
            </method>
            <method name="(anonymous_22)" hits="0" signature="()V">
              <lines>
                <line number="112" hits="0"/>
              </lines>
            </method>
            <method name="(anonymous_23)" hits="0" signature="()V">
              <lines>
                <line number="116" hits="0"/>
              </lines>
            </method>
            <method name="(anonymous_24)" hits="0" signature="()V">
              <lines>
                <line number="122" hits="0"/>
              </lines>
            </method>
            <method name="(anonymous_25)" hits="0" signature="()V">
              <lines>
                <line number="126" hits="0"/>
              </lines>
            </method>
            <method name="(anonymous_26)" hits="0" signature="()V">
              <lines>
                <line number="130" hits="0"/>
              </lines>
            </method>
            <method name="(anonymous_27)" hits="0" signature="()V">
              <lines>
                <line number="136" hits="0"/>
              </lines>
            </method>
            <method name="(anonymous_28)" hits="0" signature="()V">
              <lines>
                <line number="140" hits="0"/>
              </lines>
            </method>
            <method name="(anonymous_29)" hits="0" signature="()V">
              <lines>
                <line number="146" hits="0"/>
              </lines>
            </method>
            <method name="(anonymous_30)" hits="0" signature="()V">
              <lines>
                <line number="154" hits="0"/>
              </lines>
            </method>
            <method name="(anonymous_31)" hits="0" signature="()V">
              <lines>
                <line number="158" hits="0"/>
              </lines>
            </method>
            <method name="(anonymous_32)" hits="0" signature="()V">
              <lines>
                <line number="162" hits="0"/>
              </lines>
            </method>
            <method name="(anonymous_33)" hits="0" signature="()V">
              <lines>
                <line number="168" hits="0"/>
              </lines>
            </method>
            <method name="(anonymous_34)" hits="0" signature="()V">
              <lines>
                <line number="175" hits="0"/>
              </lines>
            </method>
            <method name="(anonymous_35)" hits="0" signature="()V">
              <lines>
                <line number="193" hits="0"/>
              </lines>
            </method>
            <method name="(anonymous_36)" hits="0" signature="()V">
              <lines>
                <line number="211" hits="0"/>
              </lines>
            </method>
            <method name="(anonymous_37)" hits="0" signature="()V">
              <lines>
                <line number="226" hits="0"/>
              </lines>
            </method>
            <method name="getAssistantDocs" hits="0" signature="()V">
              <lines>
                <line number="238" hits="0"/>
              </lines>
            </method>
            <method name="(anonymous_39)" hits="0" signature="()V">
              <lines>
                <line number="260" hits="0"/>
              </lines>
            </method>
            <method name="(anonymous_40)" hits="0" signature="()V">
              <lines>
                <line number="281" hits="0"/>
              </lines>
            </method>
            <method name="(anonymous_41)" hits="0" signature="()V">
              <lines>
                <line number="291" hits="0"/>
              </lines>
            </method>
            <method name="(anonymous_42)" hits="0" signature="()V">
              <lines>
                <line number="306" hits="0"/>
              </lines>
            </method>
            <method name="(anonymous_43)" hits="0" signature="()V">
              <lines>
                <line number="317" hits="0"/>
              </lines>
            </method>
            <method name="(anonymous_44)" hits="0" signature="()V">
              <lines>
                <line number="321" hits="0"/>
              </lines>
            </method>
            <method name="(anonymous_45)" hits="0" signature="()V">
              <lines>
                <line number="325" hits="0"/>
              </lines>
            </method>
            <method name="(anonymous_46)" hits="0" signature="()V">
              <lines>
                <line number="333" hits="0"/>
              </lines>
            </method>
            <method name="(anonymous_47)" hits="0" signature="()V">
              <lines>
                <line number="340" hits="0"/>
              </lines>
            </method>
            <method name="getActions" hits="0" signature="()V">
              <lines>
                <line number="351" hits="0"/>
              </lines>
            </method>
            <method name="(anonymous_49)" hits="0" signature="()V">
              <lines>
                <line number="359" hits="0"/>
              </lines>
            </method>
            <method name="(anonymous_50)" hits="0" signature="()V">
              <lines>
                <line number="378" hits="0"/>
              </lines>
            </method>
[...]
            <line number="364" hits="12" branch="false"/>
            <line number="366" hits="39" branch="false"/>
            <line number="367" hits="50" branch="false"/>
            <line number="369" hits="39" branch="false"/>
            <line number="373" hits="51" branch="true" condition-coverage="100% (2/2)"/>
            <line number="375" hits="2" branch="false"/>
            <line number="376" hits="49" branch="true" condition-coverage="100% (2/2)"/>
            <line number="378" hits="2" branch="false"/>
            <line number="381" hits="2" branch="true" condition-coverage="50% (1/2)"/>
            <line number="383" hits="47" branch="false"/>
            <line number="386" hits="1" branch="false"/>
            <line number="390" hits="132" branch="true" condition-coverage="100% (4/4)"/>
            <line number="391" hits="24" branch="false"/>
            <line number="394" hits="132" branch="false"/>
          </lines>
        </class>
      </classes>
    </package>
    <package name="src.react-query" line-rate="0" branch-rate="0">
      <classes>
        <class name="index.ts" filename="src/react-query/index.ts" line-rate="1" branch-rate="1">
          <methods>
          </methods>
          <lines>
          </lines>
        </class>
        <class name="react-query-service.ts" filename="src/react-query/react-query-service.ts" line-rate="0" branch-rate="0">
          <methods>
            <method name="(anonymous_0)" hits="0" signature="()V">
              <lines>
                <line number="15" hits="0"/>
              </lines>
            </method>
            <method name="(anonymous_1)" hits="0" signature="()V">
              <lines>
                <line number="21" hits="0"/>
              </lines>
            </method>
            <method name="(anonymous_2)" hits="0" signature="()V">
              <lines>
                <line number="31" hits="0"/>
              </lines>
            </method>
            <method name="(anonymous_3)" hits="0" signature="()V">
              <lines>
                <line number="38" hits="0"/>
              </lines>
            </method>
            <method name="(anonymous_4)" hits="0" signature="()V">
              <lines>
                <line number="47" hits="0"/>
              </lines>
            </method>
            <method name="(anonymous_5)" hits="0" signature="()V">
              <lines>
                <line number="58" hits="0"/>
              </lines>
            </method>
            <method name="(anonymous_6)" hits="0" signature="()V">
              <lines>
                <line number="64" hits="0"/>
              </lines>
            </method>
            <method name="(anonymous_7)" hits="0" signature="()V">
              <lines>
                <line number="76" hits="0"/>
              </lines>
            </method>
            <method name="(anonymous_8)" hits="0" signature="()V">
              <lines>
                <line number="78" hits="0"/>
              </lines>
            </method>
            <method name="(anonymous_9)" hits="0" signature="()V">
              <lines>
                <line number="80" hits="0"/>
              </lines>
            </method>
            <method name="(anonymous_10)" hits="0" signature="()V">
              <lines>
                <line number="86" hits="0"/>
              </lines>
            </method>
            <method name="(anonymous_11)" hits="0" signature="()V">
              <lines>
                <line number="90" hits="0"/>
              </lines>
            </method>
            <method name="(anonymous_12)" hits="0" signature="()V">
              <lines>
                <line number="91" hits="0"/>
              </lines>
            </method>
            <method name="(anonymous_13)" hits="0" signature="()V">
              <lines>
                <line number="97" hits="0"/>
              </lines>
            </method>
            <method name="(anonymous_14)" hits="0" signature="()V">
              <lines>
                <line number="102" hits="0"/>
              </lines>
            </method>
            <method name="(anonymous_15)" hits="0" signature="()V">
              <lines>
                <line number="104" hits="0"/>
              </lines>
            </method>
            <method name="(anonymous_16)" hits="0" signature="()V">
              <lines>
                <line number="111" hits="0"/>
              </lines>
            </method>
            <method name="(anonymous_17)" hits="0" signature="()V">
              <lines>
                <line number="118" hits="0"/>
              </lines>
            </method>
            <method name="(anonymous_18)" hits="0" signature="()V">
              <lines>
                <line number="119" hits="0"/>
              </lines>
            </method>
            <method name="(anonymous_19)" hits="0" signature="()V">
              <lines>
                <line number="125" hits="0"/>
              </lines>
            </method>
            <method name="(anonymous_20)" hits="0" signature="()V">
              <lines>
                <line number="127" hits="0"/>
              </lines>
            </method>
            <method name="(anonymous_21)" hits="0" signature="()V">
              <lines>
                <line number="128" hits="0"/>
              </lines>
            </method>
            <method name="(anonymous_22)" hits="0" signature="()V">
              <lines>
                <line number="134" hits="0"/>
              </lines>
            </method>
            <method name="(anonymous_23)" hits="0" signature="()V">
              <lines>
                <line number="136" hits="0"/>
              </lines>
            </method>
            <method name="(anonymous_24)" hits="0" signature="()V">
              <lines>
                <line number="137" hits="0"/>
              </lines>
            </method>
            <method name="(anonymous_25)" hits="0" signature="()V">
              <lines>
                <line number="151" hits="0"/>
              </lines>
            </method>
            <method name="(anonymous_26)" hits="0" signature="()V">
              <lines>
                <line number="153" hits="0"/>
              </lines>
            </method>
            <method name="(anonymous_27)" hits="0" signature="()V">
              <lines>
                <line number="154" hits="0"/>
              </lines>
            </method>
            <method name="(anonymous_28)" hits="0" signature="()V">
              <lines>
                <line number="175" hits="0"/>
              </lines>
            </method>
            <method name="(anonymous_29)" hits="0" signature="()V">
              <lines>
                <line number="178" hits="0"/>
              </lines>
            </method>
            <method name="(anonymous_30)" hits="0" signature="()V">
              <lines>
                <line number="188" hits="0"/>
              </lines>
            </method>
            <method name="(anonymous_31)" hits="0" signature="()V">
              <lines>
                <line number="195" hits="0"/>
              </lines>
            </method>
            <method name="(anonymous_32)" hits="0" signature="()V">
              <lines>
                <line number="196" hits="0"/>
              </lines>
            </method>
            <method name="(anonymous_33)" hits="0" signature="()V">
              <lines>
                <line number="202" hits="0"/>
              </lines>
            </method>
            <method name="(anonymous_34)" hits="0" signature="()V">
              <lines>
                <line number="209" hits="0"/>
              </lines>
            </method>
            <method name="(anonymous_35)" hits="0" signature="()V">
              <lines>
                <line number="210" hits="0"/>
              </lines>
            </method>
            <method name="(anonymous_36)" hits="0" signature="()V">
              <lines>
                <line number="216" hits="0"/>
              </lines>
            </method>
            <method name="(anonymous_37)" hits="0" signature="()V">
              <lines>
                <line number="223" hits="0"/>
              </lines>
            </method>
            <method name="(anonymous_38)" hits="0" signature="()V">
              <lines>
                <line number="224" hits="0"/>
              </lines>
            </method>
            <method name="(anonymous_39)" hits="0" signature="()V">
              <lines>
                <line number="230" hits="0"/>
              </lines>
            </method>
            <method name="(anonymous_40)" hits="0" signature="()V">
              <lines>
                <line number="235" hits="0"/>
              </lines>
            </method>
            <method name="(anonymous_41)" hits="0" signature="()V">
              <lines>
                <line number="238" hits="0"/>
              </lines>
            </method>
            <method name="(anonymous_42)" hits="0" signature="()V">
              <lines>
                <line number="248" hits="0"/>
              </lines>
            </method>
            <method name="(anonymous_43)" hits="0" signature="()V">
              <lines>
                <line number="254" hits="0"/>
              </lines>
            </method>
            <method name="(anonymous_44)" hits="0" signature="()V">
              <lines>
                <line number="270" hits="0"/>
              </lines>
            </method>
            <method name="(anonymous_45)" hits="0" signature="()V">
              <lines>
                <line number="276" hits="0"/>
              </lines>
            </method>
            <method name="(anonymous_46)" hits="0" signature="()V">
              <lines>
                <line number="281" hits="0"/>
              </lines>
            </method>
            <method name="(anonymous_47)" hits="0" signature="()V">
              <lines>
                <line number="287" hits="0"/>
              </lines>
            </method>
            <method name="(anonymous_48)" hits="0" signature="()V">
              <lines>
                <line number="290" hits="0"/>
              </lines>
            </method>
            <method name="(anonymous_49)" hits="0" signature="()V">
              <lines>
                <line number="295" hits="0"/>
              </lines>
            </method>
            <method name="(anonymous_50)" hits="0" signature="()V">
              <lines>
                <line number="305" hits="0"/>
              </lines>
            </method>
            <method name="(anonymous_51)" hits="0" signature="()V">
              <lines>
                <line number="310" hits="0"/>
              </lines>
            </method>
            <method name="(anonymous_52)" hits="0" signature="()V">
              <lines>
                <line number="312" hits="0"/>
              </lines>
            </method>
            <method name="(anonymous_53)" hits="0" signature="()V">
              <lines>
                <line number="319" hits="0"/>
              </lines>
            </method>
            <method name="(anonymous_54)" hits="0" signature="()V">
              <lines>
                <line number="324" hits="0"/>
              </lines>
            </method>
            <method name="(anonymous_55)" hits="0" signature="()V">
              <lines>
                <line number="334" hits="0"/>
              </lines>
            </method>
            <method name="(anonymous_56)" hits="0" signature="()V">
              <lines>
                <line number="340" hits="0"/>
              </lines>
            </method>
            <method name="(anonymous_57)" hits="0" signature="()V">
              <lines>
                <line number="343" hits="0"/>
              </lines>
            </method>
          </methods>
          <lines>
            <line number="15" hits="0" branch="false"/>
            <line number="19" hits="0" branch="false"/>
            <line number="21" hits="0" branch="false"/>
            <line number="31" hits="0" branch="false"/>
            <line number="35" hits="0" branch="false"/>
            <line number="36" hits="0" branch="false"/>
            <line number="38" hits="0" branch="false"/>
            <line number="48" hits="0" branch="false"/>
            <line number="58" hits="0" branch="false"/>
            <line number="62" hits="0" branch="false"/>
            <line number="64" hits="0" branch="false"/>
            <line number="76" hits="0" branch="false"/>
            <line number="77" hits="0" branch="false"/>
            <line number="78" hits="0" branch="false"/>
            <line number="81" hits="0" branch="false"/>
            <line number="86" hits="0" branch="false"/>
            <line number="89" hits="0" branch="false"/>
            <line number="90" hits="0" branch="false"/>
            <line number="92" hits="0" branch="false"/>
            <line number="97" hits="0" branch="false"/>
            <line number="100" hits="0" branch="false"/>
            <line number="101" hits="0" branch="false"/>
            <line number="102" hits="0" branch="false"/>
            <line number="105" hits="0" branch="false"/>
            <line number="111" hits="0" branch="false"/>
            <line number="117" hits="0" branch="false"/>
            <line number="118" hits="0" branch="false"/>
            <line number="120" hits="0" branch="false"/>
            <line number="125" hits="0" branch="false"/>
            <line number="126" hits="0" branch="false"/>
            <line number="127" hits="0" branch="false"/>
            <line number="129" hits="0" branch="false"/>
            <line number="134" hits="0" branch="false"/>
            <line number="135" hits="0" branch="false"/>
            <line number="136" hits="0" branch="false"/>
            <line number="138" hits="0" branch="false"/>
            <line number="139" hits="0" branch="true" condition-coverage="0% (0/2)"/>
            <line number="140" hits="0" branch="false"/>
            <line number="141" hits="0" branch="false"/>
            <line number="142" hits="0" branch="false"/>
            <line number="143" hits="0" branch="false"/>
            <line number="144" hits="0" branch="false"/>
            <line number="145" hits="0" branch="false"/>
            <line number="151" hits="0" branch="false"/>
            <line number="152" hits="0" branch="false"/>
            <line number="153" hits="0" branch="false"/>
            <line number="155" hits="0" branch="false"/>
            <line number="156" hits="0" branch="false"/>
            <line number="161" hits="0" branch="false"/>
            <line number="166" hits="0" branch="false"/>
            <line number="167" hits="0" branch="false"/>
            <line number="168" hits="0" branch="false"/>
            <line number="169" hits="0" branch="false"/>
            <line number="170" hits="0" branch="false"/>
            <line number="175" hits="0" branch="false"/>
            <line number="178" hits="0" branch="false"/>
            <line number="188" hits="0" branch="false"/>
            <line number="194" hits="0" branch="false"/>
            <line number="195" hits="0" branch="false"/>
            <line number="197" hits="0" branch="false"/>
            <line number="202" hits="0" branch="false"/>
            <line number="208" hits="0" branch="false"/>
            <line number="209" hits="0" branch="false"/>
            <line number="211" hits="0" branch="false"/>
            <line number="216" hits="0" branch="false"/>
            <line number="222" hits="0" branch="false"/>
            <line number="223" hits="0" branch="false"/>
            <line number="225" hits="0" branch="false"/>
            <line number="230" hits="0" branch="false"/>
            <line number="233" hits="0" branch="false"/>
            <line number="234" hits="0" branch="false"/>
            <line number="235" hits="0" branch="false"/>
            <line number="239" hits="0" branch="false"/>
            <line number="240" hits="0" branch="true" condition-coverage="0% (0/2)"/>
            <line number="241" hits="0" branch="false"/>
            <line number="248" hits="0" branch="false"/>
            <line number="252" hits="0" branch="false"/>
            <line number="255" hits="0" branch="true" condition-coverage="0% (0/2)"/>
            <line number="256" hits="0" branch="false"/>
            <line number="258" hits="0" branch="false"/>
            <line number="270" hits="0" branch="false"/>
            <line number="276" hits="0" branch="false"/>
            <line number="277" hits="0" branch="false"/>
            <line number="281" hits="0" branch="false"/>
            <line number="287" hits="0" branch="false"/>
            <line number="290" hits="0" branch="false"/>
            <line number="293" hits="0" branch="false"/>
            <line number="295" hits="0" branch="false"/>
            <line number="305" hits="0" branch="false"/>
            <line number="308" hits="0" branch="false"/>
            <line number="309" hits="0" branch="true" condition-coverage="0% (0/2)"/>
            <line number="310" hits="0" branch="false"/>
            <line number="313" hits="0" branch="false"/>
            <line number="314" hits="0" branch="false"/>
            <line number="319" hits="0" branch="false"/>
            <line number="322" hits="0" branch="false"/>
            <line number="324" hits="0" branch="false"/>
            <line number="334" hits="0" branch="false"/>
            <line number="338" hits="0" branch="false"/>
            <line number="339" hits="0" branch="false"/>
            <line number="341" hits="0" branch="false"/>
            <line number="344" hits="0" branch="false"/>
          </lines>
        </class>
      </classes>
    </package>
    <package name="src.types" line-rate="0.8571" branch-rate="0">
      <classes>
        <class name="agents.ts" filename="src/types/agents.ts" line-rate="1" branch-rate="1">
          <methods>
          </methods>
          <lines>
          </lines>
        </class>
        <class name="assistants.ts" filename="src/types/assistants.ts" line-rate="1" branch-rate="1">
          <methods>
          </methods>
          <lines>
            <line number="485" hits="7" branch="false"/>
            <line number="486" hits="7" branch="false"/>
            <line number="487" hits="7" branch="false"/>
            <line number="488" hits="7" branch="false"/>
            <line number="526" hits="7" branch="false"/>
          </lines>
        </class>
        <class name="files.ts" filename="src/types/files.ts" line-rate="0.5" branch-rate="0">
          <methods>
            <method name="(anonymous_0)" hits="0" signature="()V">
              <lines>
                <line number="17" hits="0"/>
              </lines>
            </method>
          </methods>
          <lines>
            <line number="17" hits="3" branch="false"/>
            <line number="18" hits="0" branch="true" condition-coverage="0% (0/2)"/>
          </lines>
        </class>
        <class name="mutations.ts" filename="src/types/mutations.ts" line-rate="1" branch-rate="1">
          <methods>
          </methods>
          <lines>
          </lines>
        </class>
        <class name="queries.ts" filename="src/types/queries.ts" line-rate="1" branch-rate="1">
          <methods>
          </methods>
          <lines>
          </lines>
        </class>
        <class name="runs.ts" filename="src/types/runs.ts" line-rate="1" branch-rate="1">
          <methods>
          </methods>
          <lines>
          </lines>
        </class>
        <class name="web.ts" filename="src/types/web.ts" line-rate="1" branch-rate="1">
          <methods>
          </methods>
          <lines>
          </lines>
        </class>
      </classes>
    </package>
  </packages>
</coverage>
