<?xml version="1.0" encoding="UTF-8"?>
<testsuites name="jest tests" tests="37" failures="0" errors="0" time="0.504">
  <testsuite name="telemetryMiddleware" errors="0" failures="0" skipped="0" timestamp="2026-07-03T09:30:36" time="0.308" tests="16">
    <testcase classname="telemetryMiddleware passes through without an active span" name="telemetryMiddleware passes through without an active span" time="0.002">
    </testcase>
    <testcase classname="telemetryMiddleware uses the stored request span for deferred completion attributes" name="telemetryMiddleware uses the stored request span for deferred completion attributes" time="0.001">
    </testcase>
    <testcase classname="telemetryMiddleware records safe route and identity attributes without body content" name="telemetryMiddleware records safe route and identity attributes without body content" time="0.001">
    </testcase>
    <testcase classname="telemetryMiddleware records identity attributes populated by downstream middleware" name="telemetryMiddleware records identity attributes populated by downstream middleware" time="0">
    </testcase>
    <testcase classname="telemetryMiddleware does not derive tenant identity from request headers" name="telemetryMiddleware does not derive tenant identity from request headers" time="0.001">
    </testcase>
    <testcase classname="telemetryMiddleware ignores health checks" name="telemetryMiddleware ignores health checks" time="0">
    </testcase>
    <testcase classname="telemetryMiddleware uses a low-cardinality fallback for unmatched API routes" name="telemetryMiddleware uses a low-cardinality fallback for unmatched API routes" time="0.001">
    </testcase>
    <testcase classname="telemetryMiddleware uses a low-cardinality fallback for unmatched SPA routes" name="telemetryMiddleware uses a low-cardinality fallback for unmatched SPA routes" time="0">
    </testcase>
    <testcase classname="telemetryMiddleware marks server responses as errored" name="telemetryMiddleware marks server responses as errored" time="0">
    </testcase>
    <testcase classname="telemetryMiddleware records completion attributes only once when finish and close both fire" name="telemetryMiddleware records completion attributes only once when finish and close both fire" time="0">
    </testcase>
    <testcase classname="telemetryMiddleware marks client disconnects before finish as aborted errors" name="telemetryMiddleware marks client disconnects before finish as aborted errors" time="0">
    </testcase>
    <testcase classname="telemetryErrorMiddleware records exceptions and forwards the error" name="telemetryErrorMiddleware records exceptions and forwards the error" time="0.001">
    </testcase>
    <testcase classname="telemetryErrorMiddleware records exceptions on the stored request span when available" name="telemetryErrorMiddleware records exceptions on the stored request span when available" time="0.001">
    </testcase>
    <testcase classname="telemetryErrorMiddleware handles non-Error values without throwing" name="telemetryErrorMiddleware handles non-Error values without throwing" time="0">
    </testcase>
    <testcase classname="telemetryErrorMiddleware handles null error values without throwing" name="telemetryErrorMiddleware handles null error values without throwing" time="0">
    </testcase>
    <testcase classname="telemetryErrorMiddleware forwards the error without an active span" name="telemetryErrorMiddleware forwards the error without an active span" time="0.001">
    </testcase>
  </testsuite>
  <testsuite name="telemetry SDK lifecycle" errors="0" failures="0" skipped="0" timestamp="2026-07-03T09:30:36" time="0.332" tests="21">
    <testcase classname="telemetry SDK lifecycle does not initialize when tracing is disabled by default" name="telemetry SDK lifecycle does not initialize when tracing is disabled by default" time="0.04">
    </testcase>
    <testcase classname="telemetry SDK lifecycle does not initialize when OTEL_SDK_DISABLED is true" name="telemetry SDK lifecycle does not initialize when OTEL_SDK_DISABLED is true" time="0">
    </testcase>
    <testcase classname="telemetry SDK lifecycle does not initialize under Bun runtime" name="telemetry SDK lifecycle does not initialize under Bun runtime" time="0.001">
    </testcase>
    <testcase classname="telemetry SDK lifecycle starts the Node SDK once when enabled" name="telemetry SDK lifecycle starts the Node SDK once when enabled" time="0.002">
    </testcase>
    <testcase classname="telemetry SDK lifecycle tracks HTTP server request spans for completion updates" name="telemetry SDK lifecycle tracks HTTP server request spans for completion updates" time="0">
    </testcase>
    <testcase classname="telemetry SDK lifecycle redacts incoming URL attributes before HTTP spans are exported" name="telemetry SDK lifecycle redacts incoming URL attributes before HTTP spans are exported" time="0.001">
    </testcase>
    <testcase classname="telemetry SDK lifecycle redacts outgoing HTTP URL query attributes before client spans are exported" name="telemetry SDK lifecycle redacts outgoing HTTP URL query attributes before client spans are exported" time="0.001">
    </testcase>
    <testcase classname="telemetry SDK lifecycle redacts delimiter-less outgoing query segments and preserves separate HTTP ports" name="telemetry SDK lifecycle redacts delimiter-less outgoing query segments and preserves separate HTTP ports" time="0.001">
    </testcase>
    <testcase classname="telemetry SDK lifecycle keeps outgoing HTTP URLs absolute when request options omit an origin" name="telemetry SDK lifecycle keeps outgoing HTTP URLs absolute when request options omit an origin" time="0.005">
    </testcase>
    <testcase classname="telemetry SDK lifecycle uses the agent protocol for outgoing URL attributes when request protocol is absent" name="telemetry SDK lifecycle uses the agent protocol for outgoing URL attributes when request protocol is absent" time="0.001">
    </testcase>
    <testcase classname="telemetry SDK lifecycle does not infer HTTPS from port 443 without protocol context" name="telemetry SDK lifecycle does not infer HTTPS from port 443 without protocol context" time="0">
    </testcase>
    <testcase classname="telemetry SDK lifecycle brackets IPv6 hostnames in outgoing HTTP URL attributes" name="telemetry SDK lifecycle brackets IPv6 hostnames in outgoing HTTP URL attributes" time="0.001">
    </testcase>
    <testcase classname="telemetry SDK lifecycle redacts outgoing Undici URL query attributes before fetch spans are exported" name="telemetry SDK lifecycle redacts outgoing Undici URL query attributes before fetch spans are exported" time="0">
    </testcase>
    <testcase classname="telemetry SDK lifecycle reflects lifecycle status from the controller getter" name="telemetry SDK lifecycle reflects lifecycle status from the controller getter" time="0.001">
    </testcase>
    <testcase classname="telemetry SDK lifecycle handles async SDK start failures without throwing" name="telemetry SDK lifecycle handles async SDK start failures without throwing" time="0">
    </testcase>
    <testcase classname="telemetry SDK lifecycle returns failed status without throwing when SDK start fails" name="telemetry SDK lifecycle returns failed status without throwing when SDK start fails" time="0.001">
    </testcase>
    <testcase classname="telemetry SDK lifecycle shuts down the active SDK idempotently" name="telemetry SDK lifecycle shuts down the active SDK idempotently" time="0">
    </testcase>
    <testcase classname="telemetry SDK lifecycle coalesces concurrent shutdown calls" name="telemetry SDK lifecycle coalesces concurrent shutdown calls" time="0">
    </testcase>
    <testcase classname="telemetry SDK lifecycle keeps the active SDK available when shutdown fails" name="telemetry SDK lifecycle keeps the active SDK available when shutdown fails" time="0.007">
    </testcase>
    <testcase classname="telemetry SDK lifecycle registers a shutdown task with the coordinator when initialized" name="telemetry SDK lifecycle registers a shutdown task with the coordinator when initialized" time="0">
    </testcase>
    <testcase classname="telemetry SDK lifecycle the registered shutdown task warns when telemetry shutdown rejects" name="telemetry SDK lifecycle the registered shutdown task warns when telemetry shutdown rejects" time="0.001">
    </testcase>
  </testsuite>
</testsuites>