TN:
SF:src/App.jsx
FN:14,(anonymous_0)
FN:19,(anonymous_1)
FN:49,(anonymous_2)
FNF:3
FNH:0
FNDA:0,(anonymous_0)
FNDA:0,(anonymous_1)
FNDA:0,(anonymous_2)
DA:14,0
DA:15,0
DA:17,0
DA:20,0
DA:21,0
DA:27,0
DA:50,0
LF:7
LH:0
BRDA:20,0,0,0
BRDA:20,0,1,0
BRF:2
BRH:0
end_of_record
TN:
SF:src/main.jsx
FNF:0
FNH:0
DA:11,0
DA:12,0
DA:14,0
LF:3
LH:0
BRF:0
BRH:0
end_of_record
TN:
SF:src/Providers/AddedChatContext.tsx
FN:6,(anonymous_0)
FNF:1
FNH:0
FNDA:0,(anonymous_0)
DA:5,20
DA:6,20
LF:2
LH:2
BRF:0
BRH:0
end_of_record
TN:
SF:src/Providers/AgentPanelContext.tsx
FN:11,useAgentPanelContext
FN:20,AgentPanelProvider
FN:37,(anonymous_2)
FN:45,(anonymous_3)
FNF:4
FNH:0
FNDA:0,useAgentPanelContext
FNDA:0,AgentPanelProvider
FNDA:0,(anonymous_2)
FNDA:0,(anonymous_3)
DA:9,20
DA:12,0
DA:13,0
DA:14,0
DA:16,0
DA:21,0
DA:22,0
DA:23,0
DA:24,0
DA:25,0
DA:26,0
DA:28,0
DA:32,0
DA:37,0
DA:44,0
DA:46,0
DA:47,0
DA:48,0
DA:49,0
DA:50,0
DA:62,0
DA:68,0
DA:74,0
DA:79,0
DA:96,0
LF:25
LH:1
BRDA:13,0,0,0
BRDA:13,0,1,0
BRDA:37,1,0,0
BRDA:37,1,1,0
BRDA:40,2,0,0
BRDA:40,2,1,0
BRDA:44,3,0,0
BRDA:44,3,1,0
BRDA:46,4,0,0
BRDA:46,4,1,0
BRDA:49,5,0,0
BRDA:49,5,1,0
BRDA:56,6,0,0
BRDA:56,6,1,0
BRDA:58,7,0,0
BRDA:58,7,1,0
BRDA:65,8,0,0
BRDA:65,8,1,0
BRDA:71,9,0,0
BRDA:71,9,1,0
BRF:20
BRH:0
end_of_record
TN:
SF:src/Providers/AgentsContext.tsx
FN:11,useAgentsContext
FN:21,AgentsProvider
FNF:2
FNH:0
FNDA:0,useAgentsContext
FNDA:0,AgentsProvider
DA:9,20
DA:12,0
DA:14,0
DA:15,0
DA:18,0
DA:22,0
DA:26,0
LF:7
LH:1
BRDA:14,0,0,0
BRDA:14,0,1,0
BRF:2
BRH:0
end_of_record
TN:
SF:src/Providers/AgentsMapContext.tsx
FN:6,(anonymous_0)
FNF:1
FNH:0
FNDA:0,(anonymous_0)
DA:5,20
DA:6,20
LF:2
LH:2
BRF:0
BRH:0
end_of_record
TN:
SF:src/Providers/AnnouncerContext.tsx
FN:11,(anonymous_0)
FN:12,(anonymous_1)
FN:17,(anonymous_2)
FNF:3
FNH:0
FNDA:0,(anonymous_0)
FNDA:0,(anonymous_1)
FNDA:0,(anonymous_2)
DA:10,20
DA:11,0
DA:12,0
DA:15,20
DA:17,20
DA:18,0
DA:19,0
LF:7
LH:3
BRF:0
BRH:0
end_of_record
TN:
SF:src/Providers/ArtifactContext.tsx
FN:9,(anonymous_0)
FN:11,ArtifactProvider
FN:14,(anonymous_2)
FN:23,(anonymous_3)
FNF:4
FNH:0
FNDA:0,(anonymous_0)
FNDA:0,ArtifactProvider
FNDA:0,(anonymous_2)
FNDA:0,(anonymous_3)
DA:8,20
DA:9,20
DA:12,0
DA:14,0
DA:15,0
DA:16,0
DA:18,0
DA:19,0
DA:20,0
DA:23,0
DA:24,0
DA:27,0
LF:12
LH:2
BRDA:15,0,0,0
BRDA:15,0,1,0
BRF:2
BRH:0
end_of_record
TN:
SF:src/Providers/AssistantsContext.tsx
FN:11,useAssistantsContext
FN:21,AssistantsProvider
FNF:2
FNH:0
FNDA:0,useAssistantsContext
FNDA:0,AssistantsProvider
DA:9,20
DA:12,0
DA:14,0
DA:15,0
DA:18,0
DA:22,0
DA:26,0
LF:7
LH:1
BRDA:14,0,0,0
BRDA:14,0,1,0
BRF:2
BRH:0
end_of_record
TN:
SF:src/Providers/AssistantsMapContext.tsx
FN:8,(anonymous_0)
FNF:1
FNH:0
FNDA:0,(anonymous_0)
DA:5,20
DA:8,20
LF:2
LH:2
BRF:0
BRH:0
end_of_record
TN:
SF:src/Providers/BadgeRowContext.tsx
FN:19,useBadgeRowContext
FN:32,BadgeRowProvider
FNF:2
FNH:0
FNDA:0,useBadgeRowContext
FNDA:0,BadgeRowProvider
DA:17,20
DA:20,0
DA:21,0
DA:22,0
DA:24,0
DA:34,0
DA:37,0
DA:40,0
DA:41,0
DA:43,0
DA:55,0
DA:56,0
DA:58,0
DA:70,0
DA:77,0
DA:88,0
LF:16
LH:1
BRDA:21,0,0,0
BRDA:21,0,1,0
BRF:2
BRH:0
end_of_record
TN:
SF:src/Providers/BookmarkContext.tsx
FN:9,(anonymous_0)
FNF:1
FNH:0
FNDA:0,(anonymous_0)
DA:6,20
DA:9,20
LF:2
LH:2
BRF:0
BRH:0
end_of_record
TN:
SF:src/Providers/ChatContext.tsx
FN:6,(anonymous_0)
FNF:1
FNH:1
FNDA:60,(anonymous_0)
DA:5,20
DA:6,60
LF:2
LH:2
BRF:0
BRH:0
end_of_record
TN:
SF:src/Providers/ChatFormContext.tsx
FNF:0
FNH:0
DA:4,20
LF:1
LH:1
BRF:0
BRH:0
end_of_record
TN:
SF:src/Providers/CodeBlockContext.tsx
FN:9,(anonymous_0)
FN:11,CodeBlockProvider
FN:14,(anonymous_2)
FN:23,(anonymous_3)
FNF:4
FNH:0
FNDA:0,(anonymous_0)
FNDA:0,CodeBlockProvider
FNDA:0,(anonymous_2)
FNDA:0,(anonymous_3)
DA:8,20
DA:9,20
DA:12,0
DA:14,0
DA:15,0
DA:16,0
DA:18,0
DA:19,0
DA:20,0
DA:23,0
DA:24,0
DA:27,0
LF:12
LH:2
BRDA:15,0,0,0
BRDA:15,0,1,0
BRF:2
BRH:0
end_of_record
TN:
SF:src/Providers/CustomFormContext.tsx
FN:23,createFormContext
FN:26,(anonymous_1)
FN:34,(anonymous_2)
FN:45,(anonymous_3)
FNF:4
FNH:1
FNDA:20,createFormContext
FNDA:0,(anonymous_1)
FNDA:0,(anonymous_2)
FNDA:0,(anonymous_3)
DA:24,20
DA:26,20
DA:27,0
DA:28,0
DA:29,0
DA:31,0
DA:34,20
DA:44,0
DA:45,0
DA:49,0
DA:52,20
LF:11
LH:4
BRDA:28,0,0,0
BRDA:28,0,1,0
BRF:2
BRH:0
end_of_record
TN:
SF:src/Providers/DashboardContext.tsx
FN:7,(anonymous_0)
FNF:1
FNH:0
FNDA:0,(anonymous_0)
DA:6,20
DA:7,20
LF:2
LH:2
BRF:0
BRH:0
end_of_record
TN:
SF:src/Providers/EditorContext.tsx
FN:12,EditorProvider
FN:23,useEditorContext
FNF:2
FNH:0
FNDA:0,EditorProvider
FNDA:0,useEditorContext
DA:10,20
DA:13,0
DA:14,0
DA:16,0
DA:24,0
DA:25,0
DA:26,0
DA:28,0
LF:8
LH:1
BRDA:25,0,0,0
BRDA:25,0,1,0
BRF:2
BRH:0
end_of_record
TN:
SF:src/Providers/FileMapContext.tsx
FN:6,(anonymous_0)
FNF:1
FNH:0
FNDA:0,(anonymous_0)
DA:5,20
DA:6,20
LF:2
LH:2
BRF:0
BRH:0
end_of_record
TN:
SF:src/Providers/MessageContext.tsx
FN:11,(anonymous_0)
FNF:1
FNH:0
FNDA:0,(anonymous_0)
DA:10,20
DA:11,20
LF:2
LH:2
BRF:0
BRH:0
end_of_record
TN:
SF:src/Providers/SearchContext.tsx
FN:9,(anonymous_0)
FNF:1
FNH:0
FNDA:0,(anonymous_0)
DA:8,20
DA:9,20
LF:2
LH:2
BRF:0
BRH:0
end_of_record
TN:
SF:src/Providers/SetConvoContext.tsx
FN:8,(anonymous_0)
FN:14,(anonymous_1)
FNF:2
FNH:0
FNDA:0,(anonymous_0)
FNDA:0,(anonymous_1)
DA:6,23
DA:8,23
DA:9,0
DA:11,0
DA:14,23
LF:5
LH:3
BRF:0
BRH:0
end_of_record
TN:
SF:src/Providers/ShareContext.tsx
FN:5,(anonymous_0)
FNF:1
FNH:0
FNDA:0,(anonymous_0)
DA:4,20
DA:5,20
LF:2
LH:2
BRF:0
BRH:0
end_of_record
TN:
SF:src/Providers/ToastContext.tsx
FN:10,(anonymous_0)
FN:13,useToastContext
FN:17,ToastProvider
FNF:3
FNH:0
FNDA:0,(anonymous_0)
FNDA:0,useToastContext
FNDA:0,ToastProvider
DA:9,20
DA:10,0
DA:14,0
DA:18,0
DA:20,0
LF:5
LH:1
BRF:0
BRH:0
end_of_record
TN:
SF:src/Providers/ToolCallsMapContext.tsx
FN:8,(anonymous_0)
FN:15,ToolCallsMapProvider
FNF:2
FNH:0
FNDA:0,(anonymous_0)
FNDA:0,ToolCallsMapProvider
DA:5,20
DA:8,20
DA:16,0
DA:18,0
LF:4
LH:2
BRF:0
BRH:0
end_of_record
TN:
SF:src/Providers/index.ts
FNF:0
FNH:0
LF:0
LH:0
BRF:0
BRH:0
end_of_record
TN:
SF:src/a11y/Announcer.tsx
FN:9,(anonymous_0)
FNF:1
FNH:0
FNDA:0,(anonymous_0)
DA:9,0
DA:10,0
LF:2
LH:0
BRF:0
BRH:0
end_of_record
TN:
SF:src/a11y/LiveAnnouncer.tsx
FN:12,(anonymous_0)
FN:21,(anonymous_1)
FN:29,(anonymous_2)
FN:36,(anonymous_3)
FN:41,(anonymous_4)
FN:46,(anonymous_5)
FN:65,(anonymous_6)
FN:66,(anonymous_7)
FNF:8
FNH:0
FNDA:0,(anonymous_0)
FNDA:0,(anonymous_1)
FNDA:0,(anonymous_2)
FNDA:0,(anonymous_3)
FNDA:0,(anonymous_4)
FNDA:0,(anonymous_5)
FNDA:0,(anonymous_6)
FNDA:0,(anonymous_7)
DA:12,0
DA:13,0
DA:14,0
DA:16,0
DA:18,0
DA:20,0
DA:21,0
DA:29,0
DA:30,0
DA:31,0
DA:34,0
DA:36,0
DA:37,0
DA:41,0
DA:42,0
DA:45,0
DA:47,0
DA:49,0
DA:50,0
DA:52,0
DA:58,0
DA:60,0
DA:65,0
DA:66,0
DA:67,0
DA:68,0
DA:73,0
LF:27
LH:0
BRDA:30,0,0,0
BRDA:30,0,1,0
BRDA:46,1,0,0
BRDA:47,2,0,0
BRDA:47,2,1,0
BRDA:49,3,0,0
BRDA:49,3,1,0
BRDA:67,4,0,0
BRDA:67,4,1,0
BRF:9
BRH:0
end_of_record
TN:
SF:src/a11y/LiveMessage.tsx
FN:10,(anonymous_0)
FN:17,(anonymous_1)
FN:25,(anonymous_2)
FN:26,(anonymous_3)
FNF:4
FNH:0
FNDA:0,(anonymous_0)
FNDA:0,(anonymous_1)
FNDA:0,(anonymous_2)
FNDA:0,(anonymous_3)
DA:10,0
DA:15,0
DA:17,0
DA:18,0
DA:19,0
DA:20,0
DA:21,0
DA:25,0
DA:26,0
DA:27,0
DA:28,0
DA:29,0
DA:34,0
LF:13
LH:0
BRDA:18,0,0,0
BRDA:18,0,1,0
BRDA:20,1,0,0
BRDA:20,1,1,0
BRDA:27,2,0,0
BRDA:27,2,1,0
BRDA:27,3,0,0
BRDA:27,3,1,0
BRF:8
BRH:0
end_of_record
TN:
SF:src/a11y/LiveMessenger.tsx
FN:8,(anonymous_0)
FN:9,(anonymous_1)
FNF:2
FNH:0
FNDA:0,(anonymous_0)
FNDA:0,(anonymous_1)
DA:8,0
DA:9,0
LF:2
LH:0
BRF:0
BRH:0
end_of_record
TN:
SF:src/a11y/MessageBlock.tsx
FN:20,(anonymous_0)
FNF:1
FNH:0
FNDA:0,(anonymous_0)
DA:3,0
DA:20,0
DA:21,0
LF:3
LH:0
BRF:0
BRH:0
end_of_record
TN:
SF:src/a11y/index.ts
FNF:0
FNH:0
LF:0
LH:0
BRF:0
BRH:0
end_of_record
TN:
SF:src/common/a11y.ts
FNF:0
FNH:0
DA:6,24
LF:1
LH:1
BRF:0
BRH:0
end_of_record
TN:
SF:src/common/agents-types.ts
FNF:0
FNH:0
LF:0
LH:0
BRF:0
BRH:0
end_of_record
TN:
SF:src/common/artifacts.ts
FNF:0
FNH:0
LF:0
LH:0
BRF:0
BRH:0
end_of_record
TN:
SF:src/common/assistants-types.ts
FNF:0
FNH:0
LF:0
LH:0
BRF:0
BRH:0
end_of_record
TN:
SF:src/common/index.ts
FNF:0
FNH:0
LF:0
LH:0
BRF:0
BRH:0
end_of_record
TN:
SF:src/common/mcp.ts
FNF:0
FNH:0
DA:8,0
LF:1
LH:0
BRF:0
BRH:0
end_of_record
TN:
SF:src/common/menus.ts
FNF:0
FNH:0
LF:0
LH:0
BRF:0
BRH:0
end_of_record
TN:
SF:src/common/selector.ts
FNF:0
FNH:0
LF:0
LH:0
BRF:0
BRH:0
end_of_record
TN:
SF:src/common/tools.ts
FNF:0
FNH:0
LF:0
LH:0
BRF:0
BRH:0
end_of_record
TN:
SF:src/common/types.ts
FNF:0
FNH:0
DA:84,24
DA:85,24
DA:249,24
LF:3
LH:3
BRF:0
BRH:0
end_of_record
TN:
SF:src/components/index.ts
FNF:0
FNH:0
LF:0
LH:0
BRF:0
BRH:0
end_of_record
TN:
SF:src/components/Artifacts/Artifact.tsx
FN:13,(anonymous_0)
FN:14,(anonymous_1)
FN:15,(anonymous_2)
FN:42,Artifact
FN:58,(anonymous_4)
FN:63,(anonymous_5)
FN:74,(anonymous_6)
FN:95,(anonymous_7)
FN:122,(anonymous_8)
FNF:9
FNH:0
FNDA:0,(anonymous_0)
FNDA:0,(anonymous_1)
FNDA:0,(anonymous_2)
FNDA:0,Artifact
FNDA:0,(anonymous_4)
FNDA:0,(anonymous_5)
FNDA:0,(anonymous_6)
FNDA:0,(anonymous_7)
FNDA:0,(anonymous_8)
DA:13,0
DA:14,0
DA:15,0
DA:16,0
DA:17,0
DA:18,0
DA:19,0
DA:25,0
DA:26,0
DA:28,0
DA:33,0
DA:38,0
DA:39,0
DA:40,0
DA:49,0
DA:50,0
DA:51,0
DA:52,0
DA:54,0
DA:55,0
DA:57,0
DA:59,0
DA:63,0
DA:64,0
DA:65,0
DA:67,0
DA:68,0
DA:69,0
DA:70,0
DA:74,0
DA:75,0
DA:76,0
DA:77,0
DA:80,0
DA:91,0
DA:92,0
DA:95,0
DA:96,0
DA:100,0
DA:103,0
DA:109,0
DA:122,0
DA:123,0
DA:124,0
DA:127,0
LF:45
LH:0
BRDA:16,0,0,0
BRDA:16,0,1,0
BRDA:18,1,0,0
BRDA:18,1,1,0
BRDA:18,2,0,0
BRDA:18,2,1,0
BRDA:18,2,2,0
BRDA:25,3,0,0
BRDA:25,3,1,0
BRDA:67,4,0,0
BRDA:67,4,1,0
BRDA:68,5,0,0
BRDA:68,5,1,0
BRDA:69,6,0,0
BRDA:69,6,1,0
BRDA:76,7,0,0
BRDA:76,7,1,0
BRDA:91,8,0,0
BRDA:91,8,1,0
BRDA:96,9,0,0
BRDA:96,9,1,0
BRDA:97,10,0,0
BRDA:97,10,1,0
BRF:23
BRH:0
end_of_record
TN:
SF:src/components/Artifacts/ArtifactButton.tsx
FN:11,(anonymous_0)
FN:21,(anonymous_1)
FN:27,(anonymous_2)
FN:34,(anonymous_3)
FN:45,(anonymous_4)
FN:59,(anonymous_5)
FN:68,(anonymous_6)
FNF:7
FNH:0
FNDA:0,(anonymous_0)
FNDA:0,(anonymous_1)
FNDA:0,(anonymous_2)
FNDA:0,(anonymous_3)
FNDA:0,(anonymous_4)
FNDA:0,(anonymous_5)
FNDA:0,(anonymous_6)
DA:11,0
DA:12,0
DA:13,0
DA:14,0
DA:15,0
DA:16,0
DA:17,0
DA:18,0
DA:20,0
DA:22,0
DA:27,0
DA:34,0
DA:35,0
DA:36,0
DA:39,0
DA:40,0
DA:43,0
DA:44,0
DA:45,0
DA:46,0
DA:50,0
DA:51,0
DA:53,0
DA:55,0
DA:60,0
DA:61,0
DA:63,0
DA:64,0
DA:65,0
DA:66,0
DA:68,0
DA:69,0
LF:32
LH:0
BRDA:35,0,0,0
BRDA:35,0,1,0
BRDA:35,1,0,0
BRDA:35,1,1,0
BRDA:35,1,2,0
BRDA:39,2,0,0
BRDA:39,2,1,0
BRDA:50,3,0,0
BRDA:50,3,1,0
BRDA:50,4,0,0
BRDA:50,4,1,0
BRDA:60,5,0,0
BRDA:60,5,1,0
BRDA:65,6,0,0
BRDA:65,6,1,0
BRF:15
BRH:0
end_of_record
TN:
SF:src/components/Artifacts/ArtifactCodeEditor.tsx
FN:16,(anonymous_0)
FN:25,(anonymous_1)
FN:39,(anonymous_2)
FN:42,(anonymous_3)
FN:45,(anonymous_4)
FN:51,(anonymous_5)
FN:58,(anonymous_6)
FN:62,(anonymous_7)
FN:85,(anonymous_8)
FN:114,(anonymous_9)
FN:132,(anonymous_10)
FNF:11
FNH:0
FNDA:0,(anonymous_0)
FNDA:0,(anonymous_1)
FNDA:0,(anonymous_2)
FNDA:0,(anonymous_3)
FNDA:0,(anonymous_4)
FNDA:0,(anonymous_5)
FNDA:0,(anonymous_6)
FNDA:0,(anonymous_7)
FNDA:0,(anonymous_8)
FNDA:0,(anonymous_9)
FNDA:0,(anonymous_10)
DA:16,0
DA:23,0
DA:25,0
DA:36,0
DA:37,0
DA:38,0
DA:40,0
DA:43,0
DA:46,0
DA:50,0
DA:52,0
DA:57,0
DA:58,0
DA:62,0
DA:63,0
DA:64,0
DA:66,0
DA:67,0
DA:69,0
DA:70,0
DA:73,0
DA:75,0
DA:76,0
DA:77,0
DA:85,0
DA:86,0
DA:101,0
DA:114,0
DA:131,0
DA:132,0
DA:133,0
DA:134,0
DA:136,0
DA:142,0
DA:143,0
DA:146,0
LF:36
LH:0
BRDA:63,0,0,0
BRDA:63,0,1,0
BRDA:66,1,0,0
BRDA:66,1,1,0
BRDA:69,2,0,0
BRDA:69,2,1,0
BRDA:75,3,0,0
BRDA:75,3,1,0
BRDA:75,4,0,0
BRDA:75,4,1,0
BRDA:75,4,2,0
BRDA:79,5,0,0
BRDA:79,5,1,0
BRDA:133,6,0,0
BRDA:133,6,1,0
BRDA:138,7,0,0
BRDA:138,7,1,0
BRDA:142,8,0,0
BRDA:142,8,1,0
BRF:19
BRH:0
end_of_record
TN:
SF:src/components/Artifacts/ArtifactPreview.tsx
FN:12,(anonymous_0)
FN:29,(anonymous_1)
FN:45,(anonymous_2)
FNF:3
FNH:0
FNDA:0,(anonymous_0)
FNDA:0,(anonymous_1)
FNDA:0,(anonymous_2)
DA:12,0
DA:29,0
DA:30,0
DA:31,0
DA:33,0
DA:34,0
DA:35,0
DA:37,0
DA:45,0
DA:46,0
DA:47,0
DA:49,0
DA:54,0
DA:57,0
DA:58,0
DA:61,0
LF:16
LH:0
BRDA:30,0,0,0
BRDA:30,0,1,0
BRDA:33,1,0,0
BRDA:33,1,1,0
BRDA:34,2,0,0
BRDA:34,2,1,0
BRDA:46,3,0,0
BRDA:46,3,1,0
BRDA:51,4,0,0
BRDA:51,4,1,0
BRDA:57,5,0,0
BRDA:57,5,1,0
BRF:12
BRH:0
end_of_record
TN:
SF:src/components/Artifacts/ArtifactTabs.tsx
FN:13,ArtifactTabs
FN:29,(anonymous_1)
FNF:2
FNH:0
FNDA:0,ArtifactTabs
FNDA:0,(anonymous_1)
DA:26,0
DA:27,0
DA:28,0
DA:29,0
DA:30,0
DA:31,0
DA:33,0
DA:36,0
DA:37,0
DA:38,0
DA:39,0
DA:40,0
LF:12
LH:0
BRDA:30,0,0,0
BRDA:30,0,1,0
BRDA:36,1,0,0
BRDA:36,1,1,0
BRDA:60,2,0,0
BRDA:60,2,1,0
BRF:6
BRH:0
end_of_record
TN:
SF:src/components/Artifacts/Artifacts.tsx
FN:14,Artifacts
FN:23,(anonymous_1)
FN:42,(anonymous_2)
FN:48,(anonymous_3)
FN:51,(anonymous_4)
FN:53,(anonymous_5)
FN:126,(anonymous_6)
FN:132,(anonymous_7)
FNF:8
FNH:0
FNDA:0,Artifacts
FNDA:0,(anonymous_1)
FNDA:0,(anonymous_2)
FNDA:0,(anonymous_3)
FNDA:0,(anonymous_4)
FNDA:0,(anonymous_5)
FNDA:0,(anonymous_6)
FNDA:0,(anonymous_7)
DA:15,0
DA:16,0
DA:17,0
DA:18,0
DA:19,0
DA:20,0
DA:21,0
DA:23,0
DA:24,0
DA:36,0
DA:38,0
DA:39,0
DA:42,0
DA:43,0
DA:44,0
DA:45,0
DA:46,0
DA:48,0
DA:51,0
DA:52,0
DA:53,0
DA:56,0
DA:126,0
DA:132,0
LF:24
LH:0
BRDA:38,0,0,0
BRDA:38,0,1,0
BRDA:38,1,0,0
BRDA:38,1,1,0
BRDA:45,2,0,0
BRDA:45,2,1,0
BRDA:63,3,0,0
BRDA:63,3,1,0
BRDA:76,4,0,0
BRDA:76,4,1,0
BRDA:79,5,0,0
BRDA:79,5,1,0
BRDA:87,6,0,0
BRDA:87,6,1,0
BRDA:91,7,0,0
BRDA:91,7,1,0
BRDA:91,7,2,0
BRDA:137,8,0,0
BRDA:137,8,1,0
BRF:19
BRH:0
end_of_record
TN:
SF:src/components/Artifacts/Code.tsx
FN:17,(anonymous_0)
FN:33,(anonymous_1)
FN:49,(anonymous_2)
FN:55,(anonymous_3)
FN:68,(anonymous_4)
FN:73,(anonymous_5)
FN:100,(anonymous_6)
FN:104,(anonymous_7)
FN:107,(anonymous_8)
FNF:9
FNH:0
FNDA:0,(anonymous_0)
FNDA:0,(anonymous_1)
FNDA:0,(anonymous_2)
FNDA:0,(anonymous_3)
FNDA:0,(anonymous_4)
FNDA:0,(anonymous_5)
FNDA:0,(anonymous_6)
FNDA:0,(anonymous_7)
FNDA:0,(anonymous_8)
DA:17,0
DA:18,0
DA:19,0
DA:21,0
DA:22,0
DA:29,0
DA:32,0
DA:34,0
DA:35,0
DA:36,0
DA:37,0
DA:49,0
DA:50,0
DA:51,0
DA:52,0
DA:55,0
DA:56,0
DA:57,0
DA:59,0
DA:60,0
DA:62,0
DA:66,0
DA:68,0
DA:69,0
DA:73,0
DA:74,0
DA:75,0
DA:76,0
DA:79,0
DA:82,0
DA:100,0
DA:101,0
DA:102,0
DA:104,0
DA:105,0
DA:106,0
DA:107,0
DA:110,0
LF:38
LH:0
BRDA:18,0,0,0
BRDA:18,0,1,0
BRDA:19,1,0,0
BRDA:19,1,1,0
BRDA:21,2,0,0
BRDA:21,2,1,0
BRDA:33,3,0,0
BRDA:51,4,0,0
BRDA:51,4,1,0
BRDA:59,5,0,0
BRDA:59,5,1,0
BRDA:75,6,0,0
BRDA:75,6,1,0
BRDA:75,7,0,0
BRDA:75,7,1,0
BRDA:75,7,2,0
BRDA:114,8,0,0
BRDA:114,8,1,0
BRDA:116,9,0,0
BRDA:116,9,1,0
BRF:20
BRH:0
end_of_record
TN:
SF:src/components/Artifacts/DownloadArtifact.tsx
FN:9,(anonymous_0)
FN:21,(anonymous_1)
FN:37,(anonymous_2)
FNF:3
FNH:0
FNDA:0,(anonymous_0)
FNDA:0,(anonymous_1)
FNDA:0,(anonymous_2)
DA:9,0
DA:16,0
DA:17,0
DA:18,0
DA:19,0
DA:21,0
DA:22,0
DA:23,0
DA:24,0
DA:25,0
DA:27,0
DA:28,0
DA:29,0
DA:30,0
DA:31,0
DA:32,0
DA:33,0
DA:34,0
DA:35,0
DA:36,0
DA:37,0
DA:39,0
DA:43,0
LF:23
LH:0
BRDA:11,0,0,0
BRDA:23,1,0,0
BRDA:23,1,1,0
BRDA:23,1,2,0
BRDA:24,2,0,0
BRDA:24,2,1,0
BRDA:49,3,0,0
BRDA:49,3,1,0
BRF:8
BRH:0
end_of_record
TN:
SF:src/components/Artifacts/Mermaid.tsx
FN:13,(anonymous_0)
FN:18,(anonymous_1)
FN:55,(anonymous_2)
FN:67,(anonymous_3)
FN:72,(anonymous_4)
FN:93,(anonymous_5)
FN:101,(anonymous_6)
FN:107,(anonymous_7)
FN:160,(anonymous_8)
FN:171,(anonymous_9)
FN:174,(anonymous_10)
FNF:11
FNH:0
FNDA:0,(anonymous_0)
FNDA:0,(anonymous_1)
FNDA:0,(anonymous_2)
FNDA:0,(anonymous_3)
FNDA:0,(anonymous_4)
FNDA:0,(anonymous_5)
FNDA:0,(anonymous_6)
FNDA:0,(anonymous_7)
FNDA:0,(anonymous_8)
FNDA:0,(anonymous_9)
FNDA:0,(anonymous_10)
DA:13,0
DA:14,0
DA:15,0
DA:16,0
DA:18,0
DA:19,0
DA:55,0
DA:56,0
DA:57,0
DA:58,0
DA:59,0
DA:61,0
DA:62,0
DA:63,0
DA:64,0
DA:66,0
DA:67,0
DA:68,0
DA:71,0
DA:72,0
DA:73,0
DA:74,0
DA:75,0
DA:76,0
DA:78,0
DA:82,0
DA:84,0
DA:85,0
DA:90,0
DA:93,0
DA:94,0
DA:95,0
DA:96,0
DA:97,0
DA:101,0
DA:102,0
DA:103,0
DA:107,0
DA:108,0
DA:109,0
DA:110,0
DA:111,0
DA:113,0
DA:114,0
DA:116,0
DA:117,0
DA:118,0
DA:119,0
DA:120,0
DA:122,0
DA:123,0
DA:125,0
DA:126,0
DA:128,0
DA:129,0
DA:131,0
DA:132,0
DA:134,0
DA:135,0
DA:138,0
DA:139,0
DA:145,0
DA:161,0
DA:171,0
DA:174,0
LF:65
LH:0
BRDA:56,0,0,0
BRDA:56,0,1,0
BRDA:62,1,0,0
BRDA:62,1,1,0
BRDA:74,2,0,0
BRDA:74,2,1,0
BRDA:74,3,0,0
BRDA:74,3,1,0
BRDA:94,4,0,0
BRDA:94,4,1,0
BRDA:94,5,0,0
BRDA:94,5,1,0
BRDA:102,6,0,0
BRDA:102,6,1,0
BRDA:108,7,0,0
BRDA:108,7,1,0
BRDA:109,8,0,0
BRDA:109,8,1,0
BRDA:110,9,0,0
BRDA:110,9,1,0
BRDA:110,10,0,0
BRDA:110,10,1,0
BRDA:116,11,0,0
BRDA:116,11,1,0
BRDA:116,12,0,0
BRDA:116,12,1,0
BRDA:125,13,0,0
BRDA:125,13,1,0
BRDA:128,14,0,0
BRDA:128,14,1,0
BRDA:131,15,0,0
BRDA:131,15,1,0
BRDA:134,16,0,0
BRDA:134,16,1,0
BRDA:138,17,0,0
BRDA:138,17,1,0
BRDA:138,18,0,0
BRDA:138,18,1,0
BRF:38
BRH:0
end_of_record
TN:
SF:src/components/Artifacts/Thinking.tsx
FN:24,(anonymous_0)
FN:33,(anonymous_1)
FN:50,(anonymous_2)
FN:55,(anonymous_3)
FN:57,(anonymous_4)
FN:60,(anonymous_5)
FNF:6
FNH:0
FNDA:0,(anonymous_0)
FNDA:0,(anonymous_1)
FNDA:0,(anonymous_2)
FNDA:0,(anonymous_3)
FNDA:0,(anonymous_4)
FNDA:0,(anonymous_5)
DA:9,0
DA:14,0
DA:23,0
DA:25,0
DA:32,0
DA:42,0
DA:50,0
DA:51,0
DA:52,0
DA:53,0
DA:55,0
DA:56,0
DA:57,0
DA:60,0
DA:62,0
DA:63,0
DA:66,0
DA:85,0
DA:86,0
DA:87,0
LF:20
LH:0
BRDA:26,0,0,0
BRDA:26,0,1,0
BRDA:45,1,0,0
BRDA:45,1,1,0
BRDA:62,2,0,0
BRDA:62,2,1,0
BRDA:72,3,0,0
BRDA:72,3,1,0
BRDA:74,4,0,0
BRDA:74,4,1,0
BRF:10
BRH:0
end_of_record
TN:
SF:src/components/Audio/TTS.tsx
FN:10,BrowserTTS
FN:28,(anonymous_1)
FN:40,(anonymous_2)
FN:56,(anonymous_3)
FN:93,(anonymous_4)
FN:103,ExternalTTS
FN:121,(anonymous_6)
FN:133,(anonymous_7)
FN:153,(anonymous_8)
FN:166,(anonymous_9)
FN:191,(anonymous_10)
FNF:11
FNH:0
FNDA:0,BrowserTTS
FNDA:0,(anonymous_1)
FNDA:0,(anonymous_2)
FNDA:0,(anonymous_3)
FNDA:0,(anonymous_4)
FNDA:0,ExternalTTS
FNDA:0,(anonymous_6)
FNDA:0,(anonymous_7)
FNDA:0,(anonymous_8)
FNDA:0,(anonymous_9)
FNDA:0,(anonymous_10)
DA:18,0
DA:19,0
DA:21,0
DA:28,0
DA:29,0
DA:30,0
DA:33,0
DA:34,0
DA:37,0
DA:40,0
DA:41,0
DA:42,0
DA:43,0
DA:45,0
DA:46,0
DA:50,0
DA:56,0
DA:57,0
DA:58,0
DA:60,0
DA:63,0
DA:65,0
DA:94,0
DA:111,0
DA:112,0
DA:114,0
DA:121,0
DA:122,0
DA:123,0
DA:126,0
DA:127,0
DA:130,0
DA:133,0
DA:134,0
DA:135,0
DA:136,0
DA:138,0
DA:139,0
DA:143,0
DA:149,0
DA:154,0
DA:155,0
DA:157,0
DA:167,0
DA:168,0
DA:170,0
DA:192,0
LF:47
LH:0
BRDA:29,0,0,0
BRDA:29,0,1,0
BRDA:33,1,0,0
BRDA:33,1,1,0
BRDA:42,2,0,0
BRDA:42,2,1,0
BRDA:45,3,0,0
BRDA:45,3,1,0
BRDA:45,4,0,0
BRDA:45,4,1,0
BRDA:45,4,2,0
BRDA:57,5,0,0
BRDA:57,5,1,0
BRDA:63,6,0,0
BRDA:63,6,1,0
BRDA:67,7,0,0
BRDA:67,7,1,0
BRDA:122,8,0,0
BRDA:122,8,1,0
BRDA:126,9,0,0
BRDA:126,9,1,0
BRDA:135,10,0,0
BRDA:135,10,1,0
BRDA:138,11,0,0
BRDA:138,11,1,0
BRDA:138,12,0,0
BRDA:138,12,1,0
BRDA:138,12,2,0
BRDA:151,13,0,0
BRDA:151,13,1,0
BRDA:154,14,0,0
BRDA:154,14,1,0
BRDA:159,15,0,0
BRDA:159,15,1,0
BRDA:167,16,0,0
BRDA:167,16,1,0
BRDA:173,17,0,0
BRDA:173,17,1,0
BRF:38
BRH:0
end_of_record
TN:
SF:src/components/Audio/Voices.tsx
FN:9,BrowserVoiceDropdown
FN:14,(anonymous_1)
FN:38,ExternalVoiceDropdown
FN:43,(anonymous_3)
FNF:4
FNH:0
FNDA:0,BrowserVoiceDropdown
FNDA:0,(anonymous_1)
FNDA:0,ExternalVoiceDropdown
FNDA:0,(anonymous_3)
DA:10,0
DA:11,0
DA:12,0
DA:14,0
DA:15,0
DA:16,0
DA:17,0
DA:18,0
DA:22,0
DA:39,0
DA:40,0
DA:41,0
DA:43,0
DA:44,0
DA:45,0
DA:46,0
DA:47,0
DA:51,0
LF:18
LH:0
BRDA:11,0,0,0
BRDA:16,1,0,0
BRDA:16,1,1,0
BRDA:17,2,0,0
BRDA:17,2,1,0
BRDA:27,3,0,0
BRDA:27,3,1,0
BRDA:40,4,0,0
BRDA:45,5,0,0
BRDA:45,5,1,0
BRDA:46,6,0,0
BRDA:46,6,1,0
BRDA:56,7,0,0
BRDA:56,7,1,0
BRF:14
BRH:0
end_of_record
TN:
SF:src/components/Auth/ApiErrorWatcher.tsx
FN:5,(anonymous_0)
FN:8,(anonymous_1)
FNF:2
FNH:0
FNDA:0,(anonymous_0)
FNDA:0,(anonymous_1)
DA:5,0
DA:6,0
DA:7,0
DA:8,0
DA:9,0
DA:15,0
LF:6
LH:0
BRDA:9,0,0,0
BRDA:9,0,1,0
BRF:2
BRH:0
end_of_record
TN:
SF:src/components/Auth/AuthLayout.tsx
FN:11,AuthLayout
FN:33,(anonymous_1)
FNF:2
FNH:2
FNDA:6,AuthLayout
FNDA:6,(anonymous_1)
DA:28,6
DA:29,6
DA:30,6
DA:32,6
DA:33,6
DA:34,6
DA:35,0
DA:40,6
DA:41,0
DA:55,6
DA:56,0
DA:62,6
DA:65,6
LF:13
LH:10
BRDA:32,0,0,6
BRDA:32,0,1,0
BRDA:34,1,0,0
BRDA:34,1,1,6
BRDA:40,2,0,0
BRDA:40,2,1,6
BRDA:55,3,0,0
BRDA:55,3,1,6
BRDA:55,4,0,6
BRDA:55,4,1,0
BRDA:71,5,0,0
BRDA:71,5,1,6
BRDA:73,6,0,6
BRDA:73,6,1,6
BRDA:84,7,0,6
BRDA:84,7,1,6
BRDA:84,7,2,6
BRDA:93,8,0,6
BRDA:93,8,1,6
BRDA:93,8,2,3
BRDA:93,8,3,6
BRF:21
BRH:15
end_of_record
TN:
SF:src/components/Auth/BlinkAnimation.tsx
FN:1,(anonymous_0)
FNF:1
FNH:1
FNDA:6,(anonymous_0)
DA:1,2
DA:8,6
DA:19,6
DA:20,6
DA:23,0
LF:5
LH:4
BRDA:19,0,0,6
BRDA:19,0,1,0
BRF:2
BRH:1
end_of_record
TN:
SF:src/components/Auth/ErrorMessage.tsx
FN:1,(anonymous_0)
FNF:1
FNH:0
FNDA:0,(anonymous_0)
DA:1,2
DA:2,0
LF:2
LH:1
BRF:0
BRH:0
end_of_record
TN:
SF:src/components/Auth/Footer.tsx
FN:4,Footer
FNF:1
FNH:1
FNDA:6,Footer
DA:5,6
DA:6,6
DA:7,0
DA:9,6
DA:10,6
DA:12,6
DA:23,6
DA:34,6
LF:8
LH:7
BRDA:6,0,0,0
BRDA:6,0,1,6
BRDA:12,1,0,6
BRDA:12,1,1,0
BRDA:16,2,0,0
BRDA:16,2,1,0
BRDA:23,3,0,6
BRDA:23,3,1,0
BRDA:27,4,0,0
BRDA:27,4,1,0
BRDA:37,5,0,6
BRDA:37,5,1,0
BRDA:37,5,2,0
BRF:13
BRH:4
end_of_record
TN:
SF:src/components/Auth/Login.tsx
FN:12,Login
FN:25,(anonymous_1)
FN:41,(anonymous_2)
FN:61,(anonymous_3)
FNF:4
FNH:3
FNDA:6,Login
FNDA:3,(anonymous_1)
FNDA:3,(anonymous_2)
FNDA:0,(anonymous_3)
DA:13,6
DA:14,6
DA:15,6
DA:17,6
DA:19,6
DA:22,6
DA:25,6
DA:26,3
DA:27,0
DA:28,0
DA:29,0
DA:30,0
DA:36,6
DA:41,6
DA:42,3
DA:43,0
DA:44,0
DA:49,6
DA:50,0
DA:62,0
DA:76,6
LF:21
LH:13
BRDA:26,0,0,0
BRDA:26,0,1,3
BRDA:36,1,0,6
BRDA:36,1,1,6
BRDA:36,1,2,0
BRDA:36,1,3,0
BRDA:42,2,0,0
BRDA:42,2,1,3
BRDA:49,3,0,0
BRDA:49,3,1,6
BRDA:62,4,0,0
BRDA:62,4,1,0
BRDA:78,5,0,6
BRDA:78,5,1,0
BRDA:79,6,0,6
BRDA:79,6,1,6
BRDA:87,7,0,6
BRDA:87,7,1,6
BRF:18
BRH:10
end_of_record
TN:
SF:src/components/Auth/LoginForm.tsx
FN:17,(anonymous_0)
FN:34,(anonymous_1)
FN:41,(anonymous_2)
FN:51,(anonymous_3)
FN:60,(anonymous_4)
FN:87,(anonymous_5)
FN:162,(anonymous_6)
FN:163,(anonymous_7)
FNF:8
FNH:4
FNDA:20,(anonymous_0)
FNDA:6,(anonymous_1)
FNDA:0,(anonymous_2)
FNDA:40,(anonymous_3)
FNDA:0,(anonymous_4)
FNDA:3,(anonymous_5)
FNDA:0,(anonymous_6)
FNDA:0,(anonymous_7)
DA:17,2
DA:18,20
DA:19,20
DA:25,20
DA:26,20
DA:27,20
DA:29,20
DA:30,20
DA:31,20
DA:32,20
DA:34,20
DA:35,6
DA:36,0
DA:40,20
DA:42,0
DA:43,0
DA:47,20
DA:48,0
DA:51,20
DA:52,40
DA:53,40
DA:60,20
DA:61,0
DA:62,0
DA:63,0
DA:65,0
DA:68,20
DA:87,3
DA:162,0
DA:163,0
LF:30
LH:20
BRDA:31,0,0,0
BRDA:31,0,1,20
BRDA:35,1,0,0
BRDA:35,1,1,6
BRDA:35,2,0,6
BRDA:35,2,1,0
BRDA:35,2,2,0
BRDA:47,3,0,0
BRDA:47,3,1,20
BRDA:53,4,0,2
BRDA:53,4,1,38
BRDA:62,5,0,0
BRDA:62,5,1,0
BRDA:70,6,0,20
BRDA:70,6,1,0
BRDA:94,7,0,0
BRDA:94,7,1,20
BRDA:100,8,0,0
BRDA:100,8,1,20
BRDA:112,9,0,0
BRDA:112,9,1,20
BRDA:144,10,0,20
BRDA:144,10,1,10
BRDA:153,11,0,20
BRDA:153,11,1,0
BRDA:173,12,0,20
BRDA:173,12,1,0
BRDA:173,12,2,20
BRDA:177,13,0,4
BRDA:177,13,1,16
BRF:30
BRH:17
end_of_record
TN:
SF:src/components/Auth/Registration.tsx
FN:12,(anonymous_0)
FN:40,(anonymous_1)
FN:43,(anonymous_2)
FN:46,(anonymous_3)
FN:47,(anonymous_4)
FN:58,(anonymous_5)
FN:66,(anonymous_6)
FN:125,(anonymous_7)
FN:177,(anonymous_8)
FN:189,(anonymous_9)
FN:190,(anonymous_10)
FN:191,(anonymous_11)
FNF:12
FNH:4
FNDA:36,(anonymous_0)
FNDA:0,(anonymous_1)
FNDA:0,(anonymous_2)
FNDA:0,(anonymous_3)
FNDA:0,(anonymous_4)
FNDA:0,(anonymous_5)
FNDA:180,(anonymous_6)
FNDA:1,(anonymous_7)
FNDA:18,(anonymous_8)
FNDA:0,(anonymous_9)
FNDA:0,(anonymous_10)
FNDA:0,(anonymous_11)
DA:12,1
DA:13,36
DA:14,36
DA:15,36
DA:16,36
DA:23,36
DA:24,36
DA:26,36
DA:27,36
DA:28,36
DA:29,36
DA:31,36
DA:32,36
DA:33,36
DA:34,36
DA:37,36
DA:39,36
DA:41,0
DA:44,0
DA:45,0
DA:46,0
DA:47,0
DA:48,0
DA:49,0
DA:50,0
DA:51,0
DA:53,0
DA:59,0
DA:60,0
DA:61,0
DA:66,36
DA:67,180
DA:98,36
DA:126,1
DA:178,18
DA:189,0
DA:190,0
DA:191,0
LF:38
LH:22
BRDA:34,0,0,0
BRDA:34,0,1,36
BRDA:48,1,0,0
BRDA:48,1,1,0
BRDA:60,2,0,0
BRDA:60,2,1,0
BRDA:61,3,0,0
BRDA:61,3,1,0
BRDA:90,4,0,180
BRDA:90,4,1,51
BRDA:92,5,0,51
BRDA:92,5,1,0
BRDA:100,6,0,36
BRDA:100,6,1,0
BRDA:105,7,0,36
BRDA:105,7,1,0
BRDA:105,7,2,0
BRDA:111,8,0,0
BRDA:111,8,1,0
BRDA:119,9,0,36
BRDA:119,9,1,36
BRDA:119,9,2,36
BRDA:126,10,0,1
BRDA:126,10,1,1
BRDA:178,11,0,18
BRDA:178,11,1,15
BRDA:181,12,0,36
BRDA:181,12,1,0
BRDA:199,13,0,36
BRDA:199,13,1,13
BRDA:199,13,2,13
BRDA:199,13,3,0
BRDA:208,14,0,0
BRDA:208,14,1,36
BRF:34
BRH:18
end_of_record
TN:
SF:src/components/Auth/RequestPasswordReset.tsx
FN:14,(anonymous_0)
FN:25,(anonymous_1)
FN:40,RequestPasswordReset
FN:53,(anonymous_3)
FN:55,(anonymous_4)
FN:72,(anonymous_5)
FNF:6
FNH:0
FNDA:0,(anonymous_0)
FNDA:0,(anonymous_1)
FNDA:0,RequestPasswordReset
FNDA:0,(anonymous_3)
FNDA:0,(anonymous_4)
FNDA:0,(anonymous_5)
DA:14,0
DA:15,0
DA:25,0
DA:26,0
DA:27,0
DA:41,0
DA:46,0
DA:47,0
DA:48,0
DA:50,0
DA:51,0
DA:53,0
DA:54,0
DA:56,0
DA:57,0
DA:58,0
DA:68,0
DA:69,0
DA:73,0
DA:74,0
DA:79,0
DA:80,0
DA:83,0
LF:23
LH:0
BRDA:56,0,0,0
BRDA:56,0,1,0
BRDA:56,1,0,0
BRDA:56,1,1,0
BRDA:79,2,0,0
BRDA:79,2,1,0
BRDA:123,3,0,0
BRDA:123,3,1,0
BRDA:133,4,0,0
BRDA:133,4,1,0
BRDA:137,5,0,0
BRDA:137,5,1,0
BRF:12
BRH:0
end_of_record
TN:
SF:src/components/Auth/ResetPassword.tsx
FN:10,ResetPassword
FN:24,(anonymous_1)
FN:26,(anonymous_2)
FN:29,(anonymous_3)
FN:45,(anonymous_4)
FN:119,(anonymous_5)
FNF:6
FNH:0
FNDA:0,ResetPassword
FNDA:0,(anonymous_1)
FNDA:0,(anonymous_2)
FNDA:0,(anonymous_3)
FNDA:0,(anonymous_4)
FNDA:0,(anonymous_5)
DA:11,0
DA:17,0
DA:18,0
DA:19,0
DA:20,0
DA:21,0
DA:22,0
DA:24,0
DA:25,0
DA:27,0
DA:30,0
DA:35,0
DA:36,0
DA:45,0
DA:57,0
DA:119,0
LF:16
LH:0
BRDA:35,0,0,0
BRDA:35,0,1,0
BRDA:69,1,0,0
BRDA:69,1,1,0
BRDA:75,2,0,0
BRDA:75,2,1,0
BRDA:106,3,0,0
BRDA:106,3,1,0
BRDA:119,4,0,0
BRDA:119,4,1,0
BRDA:132,5,0,0
BRDA:132,5,1,0
BRDA:137,6,0,0
BRDA:137,6,1,0
BRDA:142,7,0,0
BRDA:142,7,1,0
BRDA:152,8,0,0
BRDA:152,8,1,0
BRDA:152,8,2,0
BRDA:156,9,0,0
BRDA:156,9,1,0
BRF:21
BRH:0
end_of_record
TN:
SF:src/components/Auth/SocialButton.tsx
FN:3,(anonymous_0)
FNF:1
FNH:1
FNDA:36,(anonymous_0)
DA:3,2
DA:4,36
DA:5,0
DA:8,36
LF:4
LH:3
BRDA:4,0,0,0
BRDA:4,0,1,36
BRF:2
BRH:1
end_of_record
TN:
SF:src/components/Auth/SocialLoginRender.tsx
FN:17,SocialLoginRender
FN:90,(anonymous_1)
FN:107,(anonymous_2)
FN:134,(anonymous_3)
FNF:4
FNH:4
FNDA:6,SocialLoginRender
FNDA:6,(anonymous_1)
FNDA:6,(anonymous_2)
FNDA:36,(anonymous_3)
DA:22,6
DA:24,6
DA:25,0
DA:28,6
DA:91,6
DA:108,6
DA:120,6
DA:134,36
LF:8
LH:7
BRDA:24,0,0,0
BRDA:24,0,1,6
BRDA:29,1,0,6
BRDA:29,1,1,6
BRDA:40,2,0,6
BRDA:40,2,1,6
BRDA:51,3,0,6
BRDA:51,3,1,6
BRDA:62,4,0,6
BRDA:62,4,1,6
BRDA:73,5,0,6
BRDA:73,5,1,0
BRDA:84,6,0,6
BRDA:84,6,1,6
BRDA:91,7,0,6
BRDA:91,7,1,0
BRDA:101,8,0,6
BRDA:101,8,1,6
BRDA:108,9,0,6
BRDA:108,9,1,0
BRDA:114,10,0,6
BRDA:114,10,1,0
BRDA:121,11,0,6
BRDA:121,11,1,6
BRDA:123,12,0,6
BRDA:123,12,1,3
BRDA:134,13,0,36
BRDA:134,13,1,0
BRF:28
BRH:22
end_of_record
TN:
SF:src/components/Auth/TwoFactorScreen.tsx
FN:21,(anonymous_0)
FN:36,(anonymous_1)
FN:41,(anonymous_2)
FN:44,(anonymous_3)
FN:56,(anonymous_4)
FN:68,(anonymous_5)
FN:72,(anonymous_6)
FN:87,(anonymous_7)
FN:116,(anonymous_8)
FNF:9
FNH:0
FNDA:0,(anonymous_0)
FNDA:0,(anonymous_1)
FNDA:0,(anonymous_2)
FNDA:0,(anonymous_3)
FNDA:0,(anonymous_4)
FNDA:0,(anonymous_5)
FNDA:0,(anonymous_6)
FNDA:0,(anonymous_7)
FNDA:0,(anonymous_8)
DA:21,0
DA:22,0
DA:23,0
DA:24,0
DA:30,0
DA:31,0
DA:32,0
DA:33,0
DA:34,0
DA:35,0
DA:37,0
DA:38,0
DA:42,0
DA:45,0
DA:46,0
DA:48,0
DA:51,0
DA:55,0
DA:57,0
DA:58,0
DA:59,0
DA:60,0
DA:61,0
DA:63,0
DA:68,0
DA:69,0
DA:72,0
DA:73,0
DA:76,0
DA:88,0
DA:117,0
LF:31
LH:0
BRDA:24,0,0,0
BRDA:24,0,1,0
BRDA:24,1,0,0
BRDA:24,1,1,0
BRDA:37,2,0,0
BRDA:37,2,1,0
BRDA:37,3,0,0
BRDA:37,3,1,0
BRDA:48,4,0,0
BRDA:48,4,1,0
BRDA:58,5,0,0
BRDA:58,5,1,0
BRDA:58,6,0,0
BRDA:58,6,1,0
BRDA:58,6,2,0
BRDA:60,7,0,0
BRDA:60,7,1,0
BRDA:60,8,0,0
BRDA:60,8,1,0
BRDA:82,9,0,0
BRDA:82,9,1,0
BRDA:90,10,0,0
BRDA:90,10,1,0
BRDA:108,11,0,0
BRDA:108,11,1,0
BRDA:111,12,0,0
BRDA:111,12,1,0
BRDA:119,13,0,0
BRDA:119,13,1,0
BRDA:136,14,0,0
BRDA:136,14,1,0
BRDA:149,15,0,0
BRDA:149,15,1,0
BRDA:153,16,0,0
BRDA:153,16,1,0
BRF:35
BRH:0
end_of_record
TN:
SF:src/components/Auth/VerifyEmail.tsx
FN:8,RequestPasswordReset
FN:17,(anonymous_1)
FN:18,(anonymous_2)
FN:20,(anonymous_3)
FN:22,(anonymous_4)
FN:23,(anonymous_5)
FN:35,(anonymous_6)
FN:40,(anonymous_7)
FN:48,(anonymous_8)
FN:52,(anonymous_9)
FN:55,(anonymous_10)
FN:58,(anonymous_11)
FN:62,(anonymous_12)
FN:80,(anonymous_13)
FN:105,(anonymous_14)
FNF:15
FNH:0
FNDA:0,RequestPasswordReset
FNDA:0,(anonymous_1)
FNDA:0,(anonymous_2)
FNDA:0,(anonymous_3)
FNDA:0,(anonymous_4)
FNDA:0,(anonymous_5)
FNDA:0,(anonymous_6)
FNDA:0,(anonymous_7)
FNDA:0,(anonymous_8)
FNDA:0,(anonymous_9)
FNDA:0,(anonymous_10)
FNDA:0,(anonymous_11)
FNDA:0,(anonymous_12)
FNDA:0,(anonymous_13)
FNDA:0,(anonymous_14)
DA:9,0
DA:10,0
DA:11,0
DA:13,0
DA:14,0
DA:15,0
DA:16,0
DA:17,0
DA:18,0
DA:20,0
DA:21,0
DA:22,0
DA:23,0
DA:24,0
DA:25,0
DA:26,0
DA:27,0
DA:29,0
DA:34,0
DA:36,0
DA:37,0
DA:38,0
DA:41,0
DA:42,0
DA:43,0
DA:47,0
DA:49,0
DA:50,0
DA:53,0
DA:55,0
DA:58,0
DA:59,0
DA:62,0
DA:63,0
DA:64,0
DA:67,0
DA:68,0
DA:70,0
DA:71,0
DA:73,0
DA:75,0
DA:76,0
DA:80,0
DA:81,0
DA:105,0
DA:106,0
DA:116,0
LF:47
LH:0
BRDA:17,0,0,0
BRDA:17,0,1,0
BRDA:18,1,0,0
BRDA:18,1,1,0
BRDA:24,2,0,0
BRDA:24,2,1,0
BRDA:63,3,0,0
BRDA:63,3,1,0
BRDA:63,4,0,0
BRDA:63,4,1,0
BRDA:67,5,0,0
BRDA:67,5,1,0
BRDA:67,6,0,0
BRDA:67,6,1,0
BRDA:70,7,0,0
BRDA:70,7,1,0
BRDA:85,8,0,0
BRDA:85,8,1,0
BRDA:90,9,0,0
BRDA:90,9,1,0
BRDA:90,9,2,0
BRDA:121,10,0,0
BRDA:121,10,1,0
BRF:23
BRH:0
end_of_record
TN:
SF:src/components/Auth/index.ts
FNF:0
FNH:0
LF:0
LH:0
BRF:0
BRH:0
end_of_record
TN:
SF:src/components/Banners/Banner.tsx
FN:7,(anonymous_0)
FN:12,(anonymous_1)
FN:22,(anonymous_2)
FNF:3
FNH:2
FNDA:6,(anonymous_0)
FNDA:6,(anonymous_1)
FNDA:0,(anonymous_2)
DA:7,2
DA:8,6
DA:9,6
DA:10,6
DA:12,6
DA:13,6
DA:14,0
DA:18,6
DA:19,0
DA:22,6
DA:23,0
DA:24,0
DA:25,0
DA:29,6
LF:14
LH:9
BRDA:13,0,0,0
BRDA:13,0,1,6
BRDA:13,1,0,6
BRDA:13,1,1,0
BRDA:18,2,0,0
BRDA:18,2,1,6
BRDA:18,3,0,6
BRDA:18,3,1,6
BRDA:18,3,2,0
BRDA:24,4,0,0
BRDA:24,4,1,0
BRF:11
BRH:5
end_of_record
TN:
SF:src/components/Banners/index.ts
FNF:0
FNH:0
LF:0
LH:0
BRF:0
BRH:0
end_of_record
TN:
SF:src/components/Bookmarks/BookmarkEditDialog.tsx
FN:24,(anonymous_0)
FN:43,(anonymous_1)
FN:54,(anonymous_2)
FN:63,(anonymous_3)
FN:73,(anonymous_4)
FN:84,(anonymous_5)
FNF:6
FNH:0
FNDA:0,(anonymous_0)
FNDA:0,(anonymous_1)
FNDA:0,(anonymous_2)
FNDA:0,(anonymous_3)
FNDA:0,(anonymous_4)
FNDA:0,(anonymous_5)
DA:24,0
DA:35,0
DA:36,0
DA:38,0
DA:39,0
DA:44,0
DA:49,0
DA:50,0
DA:52,0
DA:53,0
DA:54,0
DA:56,0
DA:58,0
DA:59,0
DA:60,0
DA:63,0
DA:64,0
DA:65,0
DA:66,0
DA:67,0
DA:69,0
DA:74,0
DA:84,0
DA:85,0
DA:86,0
DA:90,0
LF:26
LH:0
BRDA:45,0,0,0
BRDA:45,0,1,0
BRDA:52,1,0,0
BRDA:52,1,1,0
BRDA:52,2,0,0
BRDA:52,2,1,0
BRDA:53,3,0,0
BRDA:53,3,1,0
BRDA:59,4,0,0
BRDA:59,4,1,0
BRDA:59,5,0,0
BRDA:59,5,1,0
BRDA:64,6,0,0
BRDA:64,6,1,0
BRDA:66,7,0,0
BRDA:66,7,1,0
BRDA:75,8,0,0
BRDA:75,8,1,0
BRDA:85,9,0,0
BRDA:85,9,1,0
BRDA:115,10,0,0
BRDA:115,10,1,0
BRF:22
BRH:0
end_of_record
TN:
SF:src/components/Bookmarks/BookmarkForm.tsx
FN:21,(anonymous_0)
FN:50,(anonymous_1)
FN:57,(anonymous_2)
FN:74,(anonymous_3)
FN:109,(anonymous_4)
FN:112,(anonymous_5)
FN:146,(anonymous_6)
FN:160,(anonymous_7)
FNF:8
FNH:0
FNDA:0,(anonymous_0)
FNDA:0,(anonymous_1)
FNDA:0,(anonymous_2)
FNDA:0,(anonymous_3)
FNDA:0,(anonymous_4)
FNDA:0,(anonymous_5)
FNDA:0,(anonymous_6)
FNDA:0,(anonymous_7)
DA:21,0
DA:29,0
DA:30,0
DA:31,0
DA:32,0
DA:41,0
DA:50,0
DA:51,0
DA:52,0
DA:53,0
DA:57,0
DA:58,0
DA:59,0
DA:60,0
DA:62,0
DA:63,0
DA:65,0
DA:66,0
DA:70,0
DA:73,0
DA:74,0
DA:75,0
DA:79,0
DA:82,0
DA:83,0
DA:86,0
DA:110,0
DA:112,0
DA:147,0
DA:161,0
LF:30
LH:0
BRDA:43,0,0,0
BRDA:43,0,1,0
BRDA:44,1,0,0
BRDA:44,1,1,0
BRDA:45,2,0,0
BRDA:45,2,1,0
BRDA:46,3,0,0
BRDA:46,3,1,0
BRDA:46,4,0,0
BRDA:46,4,1,0
BRDA:51,5,0,0
BRDA:51,5,1,0
BRDA:51,6,0,0
BRDA:51,6,1,0
BRDA:53,7,0,0
BRDA:53,7,1,0
BRDA:59,8,0,0
BRDA:59,8,1,0
BRDA:62,9,0,0
BRDA:62,9,1,0
BRDA:62,10,0,0
BRDA:62,10,1,0
BRDA:65,11,0,0
BRDA:65,11,1,0
BRDA:65,12,0,0
BRDA:65,12,1,0
BRDA:65,13,0,0
BRDA:65,13,1,0
BRDA:73,14,0,0
BRDA:73,14,1,0
BRDA:74,15,0,0
BRDA:74,15,1,0
BRDA:111,16,0,0
BRDA:111,16,1,0
BRDA:111,16,2,0
BRDA:120,17,0,0
BRDA:120,17,1,0
BRDA:141,18,0,0
BRDA:141,18,1,0
BRDA:141,18,2,0
BRDA:161,19,0,0
BRDA:161,19,1,0
BRF:42
BRH:0
end_of_record
TN:
SF:src/components/Bookmarks/BookmarkItem.tsx
FN:15,(anonymous_0)
FN:17,(anonymous_1)
FN:33,(anonymous_2)
FNF:3
FNH:0
FNDA:0,(anonymous_0)
FNDA:0,(anonymous_1)
FNDA:0,(anonymous_2)
DA:15,0
DA:16,0
DA:17,0
DA:18,0
DA:19,0
DA:20,0
DA:23,0
DA:24,0
DA:25,0
DA:28,0
DA:33,0
DA:34,0
DA:35,0
DA:38,0
DA:39,0
DA:42,0
DA:43,0
DA:46,0
DA:49,0
LF:19
LH:0
BRDA:18,0,0,0
BRDA:18,0,1,0
BRDA:34,1,0,0
BRDA:34,1,1,0
BRDA:38,2,0,0
BRDA:38,2,1,0
BRDA:42,3,0,0
BRDA:42,3,1,0
BRF:8
BRH:0
end_of_record
TN:
SF:src/components/Bookmarks/BookmarkItems.tsx
FN:10,(anonymous_0)
FN:17,(anonymous_1)
FNF:2
FNH:0
FNDA:0,(anonymous_0)
FNDA:0,(anonymous_1)
DA:10,0
DA:11,0
DA:13,0
DA:18,0
LF:4
LH:0
BRDA:16,0,0,0
BRDA:16,0,1,0
BRDA:19,1,0,0
BRDA:19,1,1,0
BRF:4
BRH:0
end_of_record
TN:
SF:src/components/Bookmarks/DeleteBookmarkButton.tsx
FN:15,(anonymous_0)
FN:21,(anonymous_1)
FN:26,(anonymous_2)
FN:34,(anonymous_3)
FN:51,(anonymous_4)
FNF:5
FNH:0
FNDA:0,(anonymous_0)
FNDA:0,(anonymous_1)
FNDA:0,(anonymous_2)
FNDA:0,(anonymous_3)
FNDA:0,(anonymous_4)
DA:15,0
DA:16,0
DA:17,0
DA:18,0
DA:20,0
DA:22,0
DA:27,0
DA:34,0
DA:35,0
DA:38,0
DA:51,0
LF:11
LH:0
BRDA:15,0,0,0
BRF:1
BRH:0
end_of_record
TN:
SF:src/components/Bookmarks/EditBookmarkButton.tsx
FN:13,(anonymous_0)
FN:34,(anonymous_1)
FNF:2
FNH:0
FNDA:0,(anonymous_0)
FNDA:0,(anonymous_1)
DA:13,0
DA:14,0
DA:15,0
DA:17,0
DA:34,0
LF:5
LH:0
BRDA:13,0,0,0
BRF:1
BRH:0
end_of_record
TN:
SF:src/components/Bookmarks/index.ts
FNF:0
FNH:0
LF:0
LH:0
BRF:0
BRH:0
end_of_record
TN:
SF:src/components/Chat/AddMultiConvo.tsx
FN:9,AddMultiConvo
FN:14,(anonymous_1)
FNF:2
FNH:0
FNDA:0,AddMultiConvo
FNDA:0,(anonymous_1)
DA:10,0
DA:11,0
DA:12,0
DA:14,0
DA:15,0
DA:16,0
DA:21,0
DA:22,0
DA:23,0
DA:27,0
DA:28,0
DA:31,0
DA:32,0
DA:35,0
LF:14
LH:0
BRDA:15,0,0,0
BRDA:15,0,1,0
BRDA:22,1,0,0
BRDA:22,1,1,0
BRDA:27,2,0,0
BRDA:27,2,1,0
BRDA:31,3,0,0
BRDA:31,3,1,0
BRF:8
BRH:0
end_of_record
TN:
SF:src/components/Chat/ChatView.tsx
FN:22,LoadingSpinner
FN:32,ChatView
FN:42,(anonymous_2)
FNF:3
FNH:0
FNDA:0,LoadingSpinner
FNDA:0,ChatView
FNDA:0,(anonymous_2)
DA:23,0
DA:33,0
DA:34,0
DA:35,0
DA:36,0
DA:38,0
DA:40,0
DA:43,0
DA:44,0
DA:51,0
DA:52,0
DA:54,0
DA:55,0
DA:57,0
DA:63,0
DA:65,0
DA:67,0
DA:68,0
DA:69,0
DA:70,0
DA:71,0
DA:72,0
DA:74,0
DA:77,0
LF:24
LH:0
BRDA:32,0,0,0
BRDA:40,1,0,0
BRDA:40,2,0,0
BRDA:40,2,1,0
BRDA:44,3,0,0
BRDA:44,3,1,0
BRDA:44,4,0,0
BRDA:44,4,1,0
BRDA:63,5,0,0
BRDA:63,5,1,0
BRDA:63,5,2,0
BRDA:63,5,3,0
BRDA:65,6,0,0
BRDA:65,6,1,0
BRDA:65,6,2,0
BRDA:67,7,0,0
BRDA:67,7,1,0
BRDA:67,8,0,0
BRDA:67,8,1,0
BRDA:69,9,0,0
BRDA:69,9,1,0
BRDA:69,10,0,0
BRDA:69,10,1,0
BRDA:69,10,2,0
BRDA:71,11,0,0
BRDA:71,11,1,0
BRDA:83,12,0,0
BRDA:83,12,1,0
BRDA:88,13,0,0
BRDA:88,13,1,0
BRDA:97,14,0,0
BRDA:97,14,1,0
BRDA:101,15,0,0
BRDA:101,15,1,0
BRDA:104,16,0,0
BRDA:104,16,1,0
BRF:36
BRH:0
end_of_record
TN:
SF:src/components/Chat/ExportAndShareMenu.tsx
FN:12,ExportAndShareMenu
FN:38,(anonymous_1)
FN:42,(anonymous_2)
FN:55,(anonymous_3)
FN:64,(anonymous_4)
FNF:5
FNH:0
FNDA:0,ExportAndShareMenu
FNDA:0,(anonymous_1)
FNDA:0,(anonymous_2)
FNDA:0,(anonymous_3)
FNDA:0,(anonymous_4)
DA:17,0
DA:18,0
DA:19,0
DA:20,0
DA:22,0
DA:23,0
DA:24,0
DA:25,0
DA:26,0
DA:29,0
DA:34,0
DA:35,0
DA:38,0
DA:39,0
DA:42,0
DA:43,0
DA:46,0
DA:55,0
DA:64,0
DA:68,0
LF:20
LH:0
BRDA:29,0,0,0
BRDA:29,0,1,0
BRDA:29,0,2,0
BRDA:29,0,3,0
BRDA:34,1,0,0
BRDA:34,1,1,0
BRDA:96,2,0,0
BRDA:96,2,1,0
BRDA:107,3,0,0
BRDA:107,3,1,0
BRF:10
BRH:0
end_of_record
TN:
SF:src/components/Chat/Footer.tsx
FN:8,Footer
FN:46,(anonymous_1)
FN:55,(anonymous_2)
FN:59,(anonymous_3)
FN:73,(anonymous_4)
FN:94,(anonymous_5)
FNF:6
FNH:0
FNDA:0,Footer
FNDA:0,(anonymous_1)
FNDA:0,(anonymous_2)
FNDA:0,(anonymous_3)
FNDA:0,(anonymous_4)
FNDA:0,(anonymous_5)
DA:9,0
DA:10,0
DA:12,0
DA:13,0
DA:15,0
DA:26,0
DA:37,0
DA:46,0
DA:47,0
DA:48,0
DA:51,0
DA:55,0
DA:56,0
DA:60,0
DA:73,0
DA:81,0
DA:85,0
DA:95,0
DA:96,0
LF:19
LH:0
BRDA:15,0,0,0
BRDA:15,0,1,0
BRDA:19,1,0,0
BRDA:19,1,1,0
BRDA:26,2,0,0
BRDA:26,2,1,0
BRDA:30,3,0,0
BRDA:30,3,1,0
BRDA:38,4,0,0
BRDA:38,4,1,0
BRDA:47,5,0,0
BRDA:47,5,1,0
BRDA:47,6,0,0
BRDA:47,6,1,0
BRDA:89,7,0,0
BRDA:89,7,1,0
BRDA:99,8,0,0
BRDA:99,8,1,0
BRF:18
BRH:0
end_of_record
TN:
SF:src/components/Chat/Header.tsx
FN:16,Header
FN:20,(anonymous_1)
FNF:2
FNH:0
FNDA:0,Header
FNDA:0,(anonymous_1)
DA:14,0
DA:17,0
DA:18,0
DA:19,0
DA:20,0
DA:24,0
DA:29,0
DA:34,0
DA:36,0
LF:9
LH:0
BRDA:20,0,0,0
BRDA:20,0,1,0
BRDA:42,1,0,0
BRDA:42,1,1,0
BRDA:44,2,0,0
BRDA:44,2,1,0
BRDA:54,3,0,0
BRDA:54,3,1,0
BRDA:55,4,0,0
BRDA:55,4,1,0
BRDA:58,5,0,0
BRDA:58,5,1,0
BRDA:58,5,2,0
BRDA:59,6,0,0
BRDA:59,6,1,0
BRDA:60,7,0,0
BRDA:60,7,1,0
BRDA:61,8,0,0
BRDA:61,8,1,0
BRDA:64,9,0,0
BRDA:64,9,1,0
BRDA:71,10,0,0
BRDA:71,10,1,0
BRDA:74,11,0,0
BRDA:74,11,1,0
BRF:25
BRH:0
end_of_record
TN:
SF:src/components/Chat/Landing.tsx
FN:14,getTextSizeClass
FN:30,Landing
FN:44,(anonymous_2)
FN:73,(anonymous_3)
FN:110,(anonymous_4)
FN:115,(anonymous_5)
FN:121,(anonymous_6)
FNF:7
FNH:0
FNDA:0,getTextSizeClass
FNDA:0,Landing
FNDA:0,(anonymous_2)
FNDA:0,(anonymous_3)
FNDA:0,(anonymous_4)
FNDA:0,(anonymous_5)
FNDA:0,(anonymous_6)
DA:12,0
DA:15,0
DA:16,0
DA:19,0
DA:20,0
DA:23,0
DA:24,0
DA:27,0
DA:31,0
DA:32,0
DA:33,0
DA:34,0
DA:35,0
DA:36,0
DA:37,0
DA:39,0
DA:40,0
DA:41,0
DA:42,0
DA:44,0
DA:45,0
DA:46,0
DA:53,0
DA:55,0
DA:62,0
DA:70,0
DA:71,0
DA:73,0
DA:74,0
DA:75,0
DA:77,0
DA:78,0
DA:80,0
DA:83,0
DA:84,0
DA:86,0
DA:87,0
DA:90,0
DA:91,0
DA:94,0
DA:95,0
DA:96,0
DA:98,0
DA:101,0
DA:102,0
DA:106,0
DA:110,0
DA:111,0
DA:112,0
DA:115,0
DA:116,0
DA:117,0
DA:121,0
DA:122,0
DA:124,0
DA:125,0
DA:126,0
DA:127,0
DA:128,0
DA:129,0
DA:132,0
DA:133,0
DA:134,0
DA:135,0
DA:138,0
DA:142,0
DA:146,0
LF:67
LH:0
BRDA:15,0,0,0
BRDA:15,0,1,0
BRDA:19,1,0,0
BRDA:19,1,1,0
BRDA:23,2,0,0
BRDA:23,2,1,0
BRDA:45,3,0,0
BRDA:45,3,1,0
BRDA:46,4,0,0
BRDA:46,4,1,0
BRDA:70,5,0,0
BRDA:70,5,1,0
BRDA:71,6,0,0
BRDA:71,6,1,0
BRDA:71,6,2,0
BRDA:74,7,0,0
BRDA:74,7,1,0
BRDA:77,8,0,0
BRDA:77,8,1,0
BRDA:77,9,0,0
BRDA:77,9,1,0
BRDA:87,10,0,0
BRDA:87,10,1,0
BRDA:90,11,0,0
BRDA:90,11,1,0
BRDA:90,12,0,0
BRDA:90,12,1,0
BRDA:94,13,0,0
BRDA:94,13,1,0
BRDA:95,14,0,0
BRDA:95,14,1,0
BRDA:101,15,0,0
BRDA:101,15,1,0
BRDA:116,16,0,0
BRDA:116,16,1,0
BRDA:124,17,0,0
BRDA:124,17,1,0
BRDA:124,18,0,0
BRDA:124,18,1,0
BRDA:124,18,2,0
BRDA:126,19,0,0
BRDA:126,19,1,0
BRDA:126,20,0,0
BRDA:126,20,1,0
BRDA:126,20,2,0
BRDA:128,21,0,0
BRDA:128,21,1,0
BRDA:132,22,0,0
BRDA:132,22,1,0
BRDA:134,23,0,0
BRDA:134,23,1,0
BRDA:142,24,0,0
BRDA:142,24,1,0
BRDA:144,25,0,0
BRDA:144,25,1,0
BRDA:148,26,0,0
BRDA:148,26,1,0
BRDA:152,27,0,0
BRDA:152,27,1,0
BRDA:154,28,0,0
BRDA:154,28,1,0
BRDA:165,29,0,0
BRDA:165,29,1,0
BRDA:174,30,0,0
BRDA:174,30,1,0
BRDA:174,31,0,0
BRDA:174,31,1,0
BRDA:174,31,2,0
BRDA:174,31,3,0
BRDA:192,32,0,0
BRDA:192,32,1,0
BRDA:206,33,0,0
BRDA:206,33,1,0
BRF:73
BRH:0
end_of_record
TN:
SF:src/components/Chat/Presentation.tsx
FN:13,Presentation
FN:20,(anonymous_1)
FN:24,(anonymous_2)
FN:29,(anonymous_3)
FN:34,(anonymous_4)
FN:37,(anonymous_5)
FN:50,(anonymous_6)
FN:54,(anonymous_7)
FN:58,(anonymous_8)
FNF:9
FNH:0
FNDA:0,Presentation
FNDA:0,(anonymous_1)
FNDA:0,(anonymous_2)
FNDA:0,(anonymous_3)
FNDA:0,(anonymous_4)
FNDA:0,(anonymous_5)
FNDA:0,(anonymous_6)
FNDA:0,(anonymous_7)
FNDA:0,(anonymous_8)
DA:14,0
DA:15,0
DA:17,0
DA:19,0
DA:21,0
DA:22,0
DA:25,0
DA:29,0
DA:30,0
DA:31,0
DA:32,0
DA:35,0
DA:37,0
DA:44,0
DA:45,0
DA:47,0
DA:50,0
DA:51,0
DA:52,0
DA:54,0
DA:55,0
DA:56,0
DA:58,0
DA:60,0
LF:24
LH:0
BRDA:31,0,0,0
BRDA:31,0,1,0
BRDA:35,1,0,0
BRDA:35,1,1,0
BRDA:35,1,2,0
BRDA:35,1,3,0
BRDA:35,2,0,0
BRDA:35,2,1,0
BRDA:41,3,0,0
BRDA:41,3,1,0
BRDA:44,4,0,0
BRDA:44,4,1,0
BRDA:52,5,0,0
BRDA:52,5,1,0
BRDA:56,6,0,0
BRDA:56,6,1,0
BRDA:67,7,0,0
BRDA:67,7,1,0
BRDA:67,8,0,0
BRDA:67,8,1,0
BRDA:67,9,0,0
BRDA:67,9,1,0
BRF:22
BRH:0
end_of_record
TN:
SF:src/components/Chat/PromptCard.tsx
FN:4,PromptCard
FNF:1
FNH:0
FNDA:0,PromptCard
DA:5,0
LF:1
LH:0
BRDA:8,0,0,0
BRDA:8,0,1,0
BRDA:11,1,0,0
BRDA:11,1,1,0
BRDA:11,1,2,0
BRF:5
BRH:0
end_of_record
TN:
SF:src/components/Chat/Prompts.tsx
FN:6,Prompts
FN:10,(anonymous_1)
FN:13,(anonymous_2)
FN:16,(anonymous_3)
FN:36,(anonymous_4)
FN:45,(anonymous_5)
FN:54,(anonymous_6)
FN:68,(anonymous_7)
FNF:8
FNH:0
FNDA:0,Prompts
FNDA:0,(anonymous_1)
FNDA:0,(anonymous_2)
FNDA:0,(anonymous_3)
FNDA:0,(anonymous_4)
FNDA:0,(anonymous_5)
FNDA:0,(anonymous_6)
FNDA:0,(anonymous_7)
DA:8,0
DA:10,0
DA:11,0
DA:13,0
DA:16,0
DA:17,0
DA:19,0
DA:21,0
DA:23,0
DA:25,0
DA:29,0
DA:31,0
DA:36,0
DA:45,0
DA:54,0
DA:69,0
LF:16
LH:0
BRDA:10,0,0,0
BRDA:17,1,0,0
BRDA:17,1,1,0
BRDA:17,1,2,0
BRDA:17,1,3,0
BRDA:38,2,0,0
BRDA:38,2,1,0
BRDA:47,3,0,0
BRDA:47,3,1,0
BRDA:56,4,0,0
BRDA:56,4,1,0
BRDA:82,5,0,0
BRDA:82,5,1,0
BRDA:90,6,0,0
BRDA:90,6,1,0
BRF:15
BRH:0
end_of_record
TN:
SF:src/components/Chat/TemporaryChat.tsx
FN:11,TemporaryChat
FN:25,(anonymous_1)
FN:25,(anonymous_2)
FNF:3
FNH:0
FNDA:0,TemporaryChat
FNDA:0,(anonymous_1)
FNDA:0,(anonymous_2)
DA:12,0
DA:13,0
DA:14,0
DA:16,0
DA:24,0
DA:25,0
DA:26,0
DA:31,0
DA:35,0
DA:38,0
LF:10
LH:0
BRDA:31,0,0,0
BRDA:31,0,1,0
BRDA:32,1,0,0
BRDA:32,1,1,0
BRDA:32,1,2,0
BRDA:48,2,0,0
BRDA:48,2,1,0
BRDA:54,3,0,0
BRDA:54,3,1,0
BRDA:56,4,0,0
BRDA:56,4,1,0
BRF:11
BRH:0
end_of_record
TN:
SF:src/components/Chat/Input/ActiveSetting.tsx
FN:1,ActiveSetting
FNF:1
FNH:0
FNDA:0,ActiveSetting
DA:2,0
LF:1
LH:0
BRF:0
BRH:0
end_of_record
TN:
SF:src/components/Chat/Input/AddedConvo.tsx
FN:9,AddedConvo
FN:18,(anonymous_1)
FN:47,(anonymous_2)
FNF:3
FNH:0
FNDA:0,AddedConvo
FNDA:0,(anonymous_1)
FNDA:0,(anonymous_2)
DA:16,0
DA:17,0
DA:18,0
DA:19,0
DA:20,0
DA:21,0
DA:24,0
DA:25,0
DA:27,0
DA:47,0
LF:10
LH:0
BRDA:24,0,0,0
BRDA:24,0,1,0
BRF:2
BRH:0
end_of_record
TN:
SF:src/components/Chat/Input/AudioRecorder.tsx
FN:9,AudioRecorder
FN:27,(anonymous_1)
FN:49,(anonymous_2)
FN:66,(anonymous_3)
FN:68,(anonymous_4)
FN:70,(anonymous_5)
FNF:6
FNH:0
FNDA:0,AudioRecorder
FNDA:0,(anonymous_1)
FNDA:0,(anonymous_2)
FNDA:0,(anonymous_3)
FNDA:0,(anonymous_4)
FNDA:0,(anonymous_5)
DA:22,0
DA:23,0
DA:24,0
DA:26,0
DA:28,0
DA:29,0
DA:33,0
DA:35,0
DA:36,0
DA:37,0
DA:38,0
DA:39,0
DA:41,0
DA:42,0
DA:48,0
DA:50,0
DA:57,0
DA:62,0
DA:63,0
DA:66,0
DA:68,0
DA:70,0
DA:71,0
DA:72,0
DA:74,0
DA:75,0
DA:77,0
DA:80,0
LF:28
LH:0
BRDA:28,0,0,0
BRDA:28,0,1,0
BRDA:35,1,0,0
BRDA:35,1,1,0
BRDA:37,2,0,0
BRDA:37,2,1,0
BRDA:62,3,0,0
BRDA:62,3,1,0
BRDA:71,4,0,0
BRDA:71,4,1,0
BRDA:74,5,0,0
BRDA:74,5,1,0
BRDA:88,6,0,0
BRDA:88,6,1,0
BRF:14
BRH:0
end_of_record
TN:
SF:src/components/Chat/Input/BadgeRow.tsx
FN:45,(anonymous_0)
FN:51,(anonymous_1)
FN:61,(anonymous_2)
FN:72,(anonymous_3)
FN:73,(anonymous_4)
FN:79,(anonymous_5)
FN:111,(anonymous_6)
FN:140,BadgeRow
FN:165,(anonymous_8)
FN:165,(anonymous_9)
FN:170,(anonymous_10)
FN:171,(anonymous_11)
FN:178,(anonymous_12)
FN:179,(anonymous_13)
FN:180,(anonymous_14)
FN:181,(anonymous_15)
FN:187,(anonymous_16)
FN:192,(anonymous_17)
FN:197,(anonymous_18)
FN:217,(anonymous_19)
FN:228,(anonymous_20)
FN:243,(anonymous_21)
FN:250,(anonymous_22)
FN:267,(anonymous_23)
FN:269,(anonymous_24)
FN:276,(anonymous_25)
FN:283,(anonymous_26)
FN:284,(anonymous_27)
FN:286,(anonymous_28)
FN:292,(anonymous_29)
FN:303,(anonymous_30)
FN:309,(anonymous_31)
FN:323,(anonymous_32)
FNF:33
FNH:0
FNDA:0,(anonymous_0)
FNDA:0,(anonymous_1)
FNDA:0,(anonymous_2)
FNDA:0,(anonymous_3)
FNDA:0,(anonymous_4)
FNDA:0,(anonymous_5)
FNDA:0,(anonymous_6)
FNDA:0,BadgeRow
FNDA:0,(anonymous_8)
FNDA:0,(anonymous_9)
FNDA:0,(anonymous_10)
FNDA:0,(anonymous_11)
FNDA:0,(anonymous_12)
FNDA:0,(anonymous_13)
FNDA:0,(anonymous_14)
FNDA:0,(anonymous_15)
FNDA:0,(anonymous_16)
FNDA:0,(anonymous_17)
FNDA:0,(anonymous_18)
FNDA:0,(anonymous_19)
FNDA:0,(anonymous_20)
FNDA:0,(anonymous_21)
FNDA:0,(anonymous_22)
FNDA:0,(anonymous_23)
FNDA:0,(anonymous_24)
FNDA:0,(anonymous_25)
FNDA:0,(anonymous_26)
FNDA:0,(anonymous_27)
FNDA:0,(anonymous_28)
FNDA:0,(anonymous_29)
FNDA:0,(anonymous_30)
FNDA:0,(anonymous_31)
FNDA:0,(anonymous_32)
DA:43,0
DA:46,0
DA:47,0
DA:49,0
DA:52,0
DA:53,0
DA:55,0
DA:56,0
DA:57,0
DA:58,0
DA:61,0
DA:72,0
DA:73,0
DA:80,0
DA:89,0
DA:111,0
DA:112,0
DA:114,0
DA:122,0
DA:128,0
DA:136,0
DA:147,0
DA:148,0
DA:156,0
DA:157,0
DA:158,0
DA:159,0
DA:161,0
DA:162,0
DA:164,0
DA:165,0
DA:169,0
DA:171,0
DA:172,0
DA:173,0
DA:178,0
DA:179,0
DA:180,0
DA:181,0
DA:182,0
DA:186,0
DA:187,0
DA:189,0
DA:191,0
DA:193,0
DA:194,0
DA:196,0
DA:197,0
DA:198,0
DA:199,0
DA:201,0
DA:202,0
DA:203,0
DA:204,0
DA:205,0
DA:206,0
DA:207,0
DA:209,0
DA:211,0
DA:216,0
DA:218,0
DA:219,0
DA:221,0
DA:222,0
DA:223,0
DA:225,0
DA:226,0
DA:227,0
DA:228,0
DA:229,0
DA:230,0
DA:242,0
DA:244,0
DA:245,0
DA:247,0
DA:248,0
DA:250,0
DA:251,0
DA:252,0
DA:253,0
DA:254,0
DA:256,0
DA:267,0
DA:268,0
DA:269,0
DA:270,0
DA:275,0
DA:276,0
DA:278,0
DA:279,0
DA:282,0
DA:284,0
DA:285,0
DA:286,0
DA:291,0
DA:293,0
DA:294,0
DA:296,0
DA:297,0
DA:303,0
DA:304,0
DA:305,0
DA:307,0
DA:308,0
DA:309,0
DA:310,0
DA:311,0
DA:312,0
DA:313,0
DA:314,0
DA:319,0
DA:324,0
LF:112
LH:0
BRDA:47,0,0,0
BRDA:47,0,1,0
BRDA:52,1,0,0
BRDA:52,1,1,0
BRDA:55,2,0,0
BRDA:55,2,1,0
BRDA:57,3,0,0
BRDA:57,3,1,0
BRDA:62,4,0,0
BRDA:62,4,1,0
BRDA:80,5,0,0
BRDA:80,5,1,0
BRDA:80,5,2,0
BRDA:80,5,3,0
BRDA:80,5,4,0
BRDA:80,5,5,0
BRDA:80,5,6,0
BRDA:112,6,0,0
BRDA:112,6,1,0
BRDA:112,6,2,0
BRDA:112,6,3,0
BRDA:182,7,0,0
BRDA:182,7,1,0
BRDA:186,8,0,0
BRDA:186,8,1,0
BRDA:189,9,0,0
BRDA:189,9,1,0
BRDA:193,10,0,0
BRDA:193,10,1,0
BRDA:193,11,0,0
BRDA:193,11,1,0
BRDA:193,11,2,0
BRDA:198,12,0,0
BRDA:198,12,1,0
BRDA:206,13,0,0
BRDA:206,13,1,0
BRDA:218,14,0,0
BRDA:218,14,1,0
BRDA:218,15,0,0
BRDA:218,15,1,0
BRDA:222,16,0,0
BRDA:222,16,1,0
BRDA:244,17,0,0
BRDA:244,17,1,0
BRDA:247,18,0,0
BRDA:247,18,1,0
BRDA:253,19,0,0
BRDA:253,19,1,0
BRDA:268,20,0,0
BRDA:268,20,1,0
BRDA:268,21,0,0
BRDA:268,21,1,0
BRDA:293,22,0,0
BRDA:293,22,1,0
BRDA:296,23,0,0
BRDA:296,23,1,0
BRDA:304,24,0,0
BRDA:304,24,1,0
BRDA:312,25,0,0
BRDA:312,25,1,0
BRDA:322,26,0,0
BRDA:322,26,1,0
BRDA:325,27,0,0
BRDA:325,27,1,0
BRDA:325,27,2,0
BRDA:325,27,3,0
BRDA:349,28,0,0
BRDA:349,28,1,0
BRDA:349,28,2,0
BRDA:349,28,3,0
BRDA:362,29,0,0
BRDA:362,29,1,0
BRDA:370,30,0,0
BRDA:370,30,1,0
BRDA:377,31,0,0
BRDA:377,31,1,0
BRF:76
BRH:0
end_of_record
TN:
SF:src/components/Chat/Input/ChatForm.tsx
FN:37,(anonymous_0)
FN:86,(anonymous_1)
FN:90,(anonymous_2)
FN:95,(anonymous_3)
FN:99,(anonymous_4)
FN:106,(anonymous_5)
FN:110,(anonymous_6)
FN:118,(anonymous_7)
FN:158,(anonymous_8)
FN:166,(anonymous_9)
FN:174,(anonymous_10)
FN:180,(anonymous_11)
FN:185,(anonymous_12)
FN:196,(anonymous_13)
FN:261,(anonymous_14)
FN:275,(anonymous_15)
FNF:16
FNH:0
FNDA:0,(anonymous_0)
FNDA:0,(anonymous_1)
FNDA:0,(anonymous_2)
FNDA:0,(anonymous_3)
FNDA:0,(anonymous_4)
FNDA:0,(anonymous_5)
FNDA:0,(anonymous_6)
FNDA:0,(anonymous_7)
FNDA:0,(anonymous_8)
FNDA:0,(anonymous_9)
FNDA:0,(anonymous_10)
FNDA:0,(anonymous_11)
FNDA:0,(anonymous_12)
FNDA:0,(anonymous_13)
FNDA:0,(anonymous_14)
FNDA:0,(anonymous_15)
DA:37,0
DA:38,0
DA:39,0
DA:40,0
DA:42,0
DA:43,0
DA:44,0
DA:45,0
DA:46,0
DA:48,0
DA:49,0
DA:50,0
DA:51,0
DA:52,0
DA:53,0
DA:54,0
DA:56,0
DA:57,0
DA:58,0
DA:59,0
DA:60,0
DA:64,0
DA:65,0
DA:74,0
DA:81,0
DA:82,0
DA:83,0
DA:85,0
DA:86,0
DA:89,0
DA:90,0
DA:94,0
DA:95,0
DA:98,0
DA:100,0
DA:105,0
DA:106,0
DA:110,0
DA:112,0
DA:113,0
DA:115,0
DA:118,0
DA:119,0
DA:120,0
DA:124,0
DA:132,0
DA:134,0
DA:146,0
DA:153,0
DA:155,0
DA:159,0
DA:164,0
DA:166,0
DA:167,0
DA:168,0
DA:169,0
DA:170,0
DA:174,0
DA:175,0
DA:176,0
DA:180,0
DA:181,0
DA:182,0
DA:185,0
DA:186,0
DA:187,0
DA:189,0
DA:190,0
DA:193,0
DA:195,0
DA:197,0
DA:205,0
DA:262,0
DA:263,0
DA:276,0
DA:277,0
LF:76
LH:0
BRDA:37,0,0,0
BRDA:86,1,0,0
BRDA:86,1,1,0
BRDA:90,2,0,0
BRDA:90,2,1,0
BRDA:95,3,0,0
BRDA:95,3,1,0
BRDA:100,4,0,0
BRDA:100,4,1,0
BRDA:100,4,2,0
BRDA:101,5,0,0
BRDA:101,5,1,0
BRDA:102,6,0,0
BRDA:102,6,1,0
BRDA:102,7,0,0
BRDA:102,7,1,0
BRDA:106,8,0,0
BRDA:106,8,1,0
BRDA:112,9,0,0
BRDA:112,9,1,0
BRDA:119,10,0,0
BRDA:119,10,1,0
BRDA:129,11,0,0
BRDA:129,11,1,0
BRDA:167,12,0,0
BRDA:167,12,1,0
BRDA:175,13,0,0
BRDA:175,13,1,0
BRDA:175,14,0,0
BRDA:175,14,1,0
BRDA:186,15,0,0
BRDA:186,15,1,0
BRDA:199,16,0,0
BRDA:199,16,1,0
BRDA:200,17,0,0
BRDA:200,17,1,0
BRDA:210,18,0,0
BRDA:210,18,1,0
BRDA:211,19,0,0
BRDA:211,19,1,0
BRDA:211,20,0,0
BRDA:211,20,1,0
BRDA:211,20,2,0
BRDA:211,20,3,0
BRDA:211,20,4,0
BRDA:220,21,0,0
BRDA:220,21,1,0
BRDA:221,22,0,0
BRDA:221,22,1,0
BRDA:221,22,2,0
BRDA:231,23,0,0
BRDA:231,23,1,0
BRDA:243,24,0,0
BRDA:243,24,1,0
BRDA:244,25,0,0
BRDA:244,25,1,0
BRDA:257,26,0,0
BRDA:257,26,1,0
BRDA:258,27,0,0
BRDA:258,27,1,0
BRDA:265,28,0,0
BRDA:265,28,1,0
BRDA:300,29,0,0
BRDA:300,29,1,0
BRDA:303,30,0,0
BRDA:303,30,1,0
BRDA:307,31,0,0
BRDA:307,31,1,0
BRDA:311,32,0,0
BRDA:311,32,1,0
BRDA:315,33,0,0
BRDA:315,33,1,0
BRDA:320,34,0,0
BRDA:320,34,1,0
BRDA:324,35,0,0
BRDA:324,35,1,0
BRDA:325,36,0,0
BRDA:325,36,1,0
BRDA:325,37,0,0
BRDA:325,37,1,0
BRDA:325,37,2,0
BRDA:325,37,3,0
BRDA:328,38,0,0
BRDA:328,38,1,0
BRDA:332,39,0,0
BRDA:332,39,1,0
BRDA:332,39,2,0
BRDA:332,39,3,0
BRDA:338,40,0,0
BRDA:338,40,1,0
BRDA:338,40,2,0
BRF:91
BRH:0
end_of_record
TN:
SF:src/components/Chat/Input/CircleRender.tsx
FN:5,(anonymous_0)
FN:6,(anonymous_1)
FNF:2
FNH:0
FNDA:0,(anonymous_0)
FNDA:0,(anonymous_1)
DA:5,0
DA:6,0
DA:7,0
DA:9,0
DA:11,0
DA:19,0
DA:21,0
DA:31,0
DA:33,0
LF:9
LH:0
BRDA:7,0,0,0
BRDA:7,0,1,0
BRDA:19,1,0,0
BRDA:19,1,1,0
BRDA:21,2,0,0
BRDA:21,2,1,0
BRDA:23,3,0,0
BRDA:23,3,1,0
BRDA:25,4,0,0
BRDA:25,4,1,0
BRDA:27,5,0,0
BRDA:27,5,1,0
BRF:12
BRH:0
end_of_record
TN:
SF:src/components/Chat/Input/CodeInterpreter.tsx
FN:8,CodeInterpreter
FNF:1
FNH:0
FNDA:0,CodeInterpreter
DA:9,0
DA:10,0
DA:11,0
DA:12,0
DA:14,0
DA:19,0
DA:20,0
DA:23,0
LF:8
LH:0
BRDA:19,0,0,0
BRDA:19,0,1,0
BRDA:24,1,0,0
BRDA:24,1,1,0
BRDA:24,1,2,0
BRF:5
BRH:0
end_of_record
TN:
SF:src/components/Chat/Input/CollapseChat.tsx
FN:7,(anonymous_0)
FN:32,(anonymous_1)
FN:35,(anonymous_2)
FNF:3
FNH:0
FNDA:0,(anonymous_0)
FNDA:0,(anonymous_1)
FNDA:0,(anonymous_2)
DA:7,0
DA:16,0
DA:17,0
DA:18,0
DA:21,0
DA:25,0
DA:33,0
DA:34,0
DA:35,0
LF:9
LH:0
BRDA:17,0,0,0
BRDA:17,0,1,0
BRDA:21,1,0,0
BRDA:21,1,1,0
BRDA:43,2,0,0
BRDA:43,2,1,0
BRF:6
BRH:0
end_of_record
TN:
SF:src/components/Chat/Input/ConversationStarters.tsx
FN:8,(anonymous_0)
FN:14,(anonymous_1)
FN:33,(anonymous_2)
FN:33,(anonymous_3)
FN:44,(anonymous_4)
FN:58,(anonymous_5)
FN:70,(anonymous_6)
FN:73,(anonymous_7)
FNF:8
FNH:0
FNDA:0,(anonymous_0)
FNDA:0,(anonymous_1)
FNDA:0,(anonymous_2)
FNDA:0,(anonymous_3)
FNDA:0,(anonymous_4)
FNDA:0,(anonymous_5)
FNDA:0,(anonymous_6)
FNDA:0,(anonymous_7)
DA:8,0
DA:9,0
DA:10,0
DA:11,0
DA:12,0
DA:14,0
DA:15,0
DA:16,0
DA:23,0
DA:25,0
DA:32,0
DA:33,0
DA:36,0
DA:44,0
DA:45,0
DA:46,0
DA:49,0
DA:50,0
DA:53,0
DA:56,0
DA:57,0
DA:58,0
DA:62,0
DA:63,0
DA:66,0
DA:71,0
DA:73,0
LF:27
LH:0
BRDA:15,0,0,0
BRDA:15,0,1,0
BRDA:16,1,0,0
BRDA:16,1,1,0
BRDA:32,2,0,0
BRDA:45,3,0,0
BRDA:45,3,1,0
BRDA:49,4,0,0
BRDA:49,4,1,0
BRDA:53,5,0,0
BRDA:53,5,1,0
BRDA:53,6,0,0
BRDA:53,6,1,0
BRDA:62,7,0,0
BRDA:62,7,1,0
BRF:15
BRH:0
end_of_record
TN:
SF:src/components/Chat/Input/EditBadges.tsx
FN:15,(anonymous_0)
FN:23,(anonymous_1)
FN:26,(anonymous_2)
FN:27,(anonymous_3)
FN:70,(anonymous_4)
FN:77,(anonymous_5)
FNF:6
FNH:0
FNDA:0,(anonymous_0)
FNDA:0,(anonymous_1)
FNDA:0,(anonymous_2)
FNDA:0,(anonymous_3)
FNDA:0,(anonymous_4)
FNDA:0,(anonymous_5)
DA:15,0
DA:21,0
DA:22,0
DA:23,0
DA:25,0
DA:27,0
DA:32,0
DA:33,0
DA:36,0
DA:71,0
DA:77,0
LF:11
LH:0
BRDA:22,0,0,0
BRDA:22,0,1,0
BRDA:32,1,0,0
BRDA:32,1,1,0
BRDA:68,2,0,0
BRDA:68,2,1,0
BRDA:68,2,2,0
BRF:7
BRH:0
end_of_record
TN:
SF:src/components/Chat/Input/FileSearch.tsx
FN:7,FileSearch
FNF:1
FNH:0
FNDA:0,FileSearch
DA:8,0
DA:9,0
DA:10,0
DA:12,0
LF:4
LH:0
BRDA:14,0,0,0
BRDA:14,0,1,0
BRDA:14,0,2,0
BRF:3
BRH:0
end_of_record
TN:
SF:src/components/Chat/Input/HeaderOptions.tsx
FN:18,HeaderOptions
FN:36,(anonymous_1)
FN:40,(anonymous_2)
FN:45,(anonymous_3)
FN:51,(anonymous_4)
FN:57,(anonymous_5)
FN:65,(anonymous_6)
FN:65,(anonymous_7)
FN:102,(anonymous_8)
FNF:9
FNH:0
FNDA:0,HeaderOptions
FNDA:0,(anonymous_1)
FNDA:0,(anonymous_2)
FNDA:0,(anonymous_3)
FNDA:0,(anonymous_4)
FNDA:0,(anonymous_5)
FNDA:0,(anonymous_6)
FNDA:0,(anonymous_7)
FNDA:0,(anonymous_8)
DA:23,0
DA:25,0
DA:26,0
DA:29,0
DA:31,0
DA:32,0
DA:33,0
DA:34,0
DA:35,0
DA:36,0
DA:39,0
DA:40,0
DA:44,0
DA:45,0
DA:51,0
DA:52,0
DA:53,0
DA:57,0
DA:58,0
DA:61,0
DA:62,0
DA:65,0
DA:67,0
DA:68,0
DA:70,0
DA:102,0
LF:26
LH:0
BRDA:33,0,0,0
BRDA:33,0,1,0
BRDA:34,1,0,0
BRDA:34,2,0,0
BRDA:34,2,1,0
BRDA:36,3,0,0
BRDA:36,3,1,0
BRDA:36,4,0,0
BRDA:36,4,1,0
BRDA:40,5,0,0
BRDA:40,5,1,0
BRDA:40,6,0,0
BRDA:40,6,1,0
BRDA:52,7,0,0
BRDA:52,7,1,0
BRDA:52,8,0,0
BRDA:52,8,1,0
BRDA:61,9,0,0
BRDA:61,9,1,0
BRDA:79,10,0,0
BRDA:79,10,1,0
BRDA:79,10,2,0
BRDA:79,10,3,0
BRDA:96,11,0,0
BRDA:96,11,1,0
BRDA:96,11,2,0
BRDA:100,12,0,0
BRDA:100,12,1,0
BRDA:114,13,0,0
BRDA:114,13,1,0
BRDA:125,14,0,0
BRDA:125,14,1,0
BRF:32
BRH:0
end_of_record
TN:
SF:src/components/Chat/Input/MCPSelect.tsx
FN:24,(anonymous_0)
FN:29,(anonymous_1)
FN:43,MCPSelect
FN:52,(anonymous_3)
FN:54,(anonymous_4)
FN:74,(anonymous_5)
FN:78,(anonymous_6)
FN:88,(anonymous_7)
FN:93,(anonymous_8)
FN:100,(anonymous_9)
FN:114,(anonymous_10)
FN:123,(anonymous_11)
FN:123,(anonymous_12)
FN:130,(anonymous_13)
FN:142,(anonymous_14)
FN:143,(anonymous_15)
FN:147,(anonymous_16)
FN:163,(anonymous_17)
FN:179,(anonymous_18)
FN:180,(anonymous_19)
FN:195,(anonymous_20)
FN:242,(anonymous_21)
FN:245,(anonymous_22)
FN:254,(anonymous_23)
FN:258,(anonymous_24)
FN:264,(anonymous_25)
FN:269,(anonymous_26)
FNF:27
FNH:0
FNDA:0,(anonymous_0)
FNDA:0,(anonymous_1)
FNDA:0,MCPSelect
FNDA:0,(anonymous_3)
FNDA:0,(anonymous_4)
FNDA:0,(anonymous_5)
FNDA:0,(anonymous_6)
FNDA:0,(anonymous_7)
FNDA:0,(anonymous_8)
FNDA:0,(anonymous_9)
FNDA:0,(anonymous_10)
FNDA:0,(anonymous_11)
FNDA:0,(anonymous_12)
FNDA:0,(anonymous_13)
FNDA:0,(anonymous_14)
FNDA:0,(anonymous_15)
FNDA:0,(anonymous_16)
FNDA:0,(anonymous_17)
FNDA:0,(anonymous_18)
FNDA:0,(anonymous_19)
FNDA:0,(anonymous_20)
FNDA:0,(anonymous_21)
FNDA:0,(anonymous_22)
FNDA:0,(anonymous_23)
FNDA:0,(anonymous_24)
FNDA:0,(anonymous_25)
FNDA:0,(anonymous_26)
DA:24,0
DA:25,0
DA:26,0
DA:29,0
DA:30,0
DA:31,0
DA:32,0
DA:33,0
DA:34,0
DA:37,0
DA:40,0
DA:44,0
DA:45,0
DA:46,0
DA:47,0
DA:48,0
DA:49,0
DA:51,0
DA:53,0
DA:54,0
DA:55,0
DA:56,0
DA:57,0
DA:58,0
DA:59,0
DA:60,0
DA:69,0
DA:73,0
DA:75,0
DA:76,0
DA:79,0
DA:80,0
DA:87,0
DA:88,0
DA:89,0
DA:92,0
DA:94,0
DA:95,0
DA:97,0
DA:98,0
DA:100,0
DA:107,0
DA:114,0
DA:115,0
DA:116,0
DA:118,0
DA:119,0
DA:121,0
DA:122,0
DA:123,0
DA:124,0
DA:126,0
DA:129,0
DA:131,0
DA:132,0
DA:134,0
DA:135,0
DA:137,0
DA:142,0
DA:143,0
DA:146,0
DA:148,0
DA:149,0
DA:151,0
DA:156,0
DA:162,0
DA:164,0
DA:165,0
DA:167,0
DA:172,0
DA:178,0
DA:180,0
DA:181,0
DA:186,0
DA:189,0
DA:190,0
DA:196,0
DA:197,0
DA:198,0
DA:199,0
DA:212,0
DA:217,0
DA:218,0
DA:221,0
DA:243,0
DA:244,0
DA:245,0
DA:246,0
DA:252,0
DA:255,0
DA:257,0
DA:258,0
DA:259,0
DA:262,0
DA:265,0
DA:266,0
DA:270,0
DA:271,0
LF:98
LH:0
BRDA:30,0,0,0
BRDA:30,0,1,0
BRDA:32,1,0,0
BRDA:32,1,1,0
BRDA:33,2,0,0
BRDA:33,2,1,0
BRDA:40,3,0,0
BRDA:40,3,1,0
BRDA:46,4,0,0
BRDA:46,4,1,0
BRDA:56,5,0,0
BRDA:56,5,1,0
BRDA:56,6,0,0
BRDA:56,6,1,0
BRDA:59,7,0,0
BRDA:59,7,1,0
BRDA:89,8,0,0
BRDA:89,8,1,0
BRDA:94,9,0,0
BRDA:94,9,1,0
BRDA:97,10,0,0
BRDA:97,10,1,0
BRDA:115,11,0,0
BRDA:115,11,1,0
BRDA:118,12,0,0
BRDA:118,12,1,0
BRDA:122,13,0,0
BRDA:122,13,1,0
BRDA:122,14,0,0
BRDA:122,14,1,0
BRDA:131,15,0,0
BRDA:131,15,1,0
BRDA:132,16,0,0
BRDA:132,16,1,0
BRDA:134,17,0,0
BRDA:134,17,1,0
BRDA:143,18,0,0
BRDA:143,18,1,0
BRDA:148,19,0,0
BRDA:148,19,1,0
BRDA:148,20,0,0
BRDA:148,20,1,0
BRDA:164,21,0,0
BRDA:164,21,1,0
BRDA:164,22,0,0
BRDA:164,22,1,0
BRDA:181,23,0,0
BRDA:181,23,1,0
BRDA:189,24,0,0
BRDA:189,24,1,0
BRDA:189,25,0,0
BRDA:189,25,1,0
BRDA:205,26,0,0
BRDA:205,26,1,0
BRDA:217,27,0,0
BRDA:217,27,1,0
BRDA:217,28,0,0
BRDA:217,28,1,0
BRDA:225,29,0,0
BRDA:225,29,1,0
BRDA:227,30,0,0
BRDA:227,30,1,0
BRDA:237,31,0,0
BRDA:237,31,1,0
BRDA:244,32,0,0
BRDA:244,32,1,0
BRDA:257,33,0,0
BRDA:257,33,1,0
BRDA:265,34,0,0
BRDA:265,34,1,0
BRDA:270,35,0,0
BRDA:270,35,1,0
BRF:72
BRH:0
end_of_record
TN:
SF:src/components/Chat/Input/MCPSubMenu.tsx
FN:17,(anonymous_0)
FN:40,(anonymous_1)
FN:55,(anonymous_2)
FN:79,(anonymous_3)
FN:82,(anonymous_4)
FNF:5
FNH:0
FNDA:0,(anonymous_0)
FNDA:0,(anonymous_1)
FNDA:0,(anonymous_2)
FNDA:0,(anonymous_3)
FNDA:0,(anonymous_4)
DA:17,0
DA:26,0
DA:28,0
DA:34,0
DA:41,0
DA:42,0
DA:56,0
DA:57,0
DA:80,0
DA:83,0
DA:84,0
LF:11
LH:0
BRDA:50,0,0,0
BRDA:50,0,1,0
BRDA:62,1,0,0
BRDA:62,1,1,0
BRDA:64,2,0,0
BRDA:64,2,1,0
BRDA:94,3,0,0
BRDA:94,3,1,0
BRF:8
BRH:0
end_of_record
TN:
SF:src/components/Chat/Input/Mention.tsx
FN:15,Mention
FN:59,(anonymous_1)
FN:64,(anonymous_2)
FN:91,(anonymous_3)
FN:106,(anonymous_4)
FN:113,(anonymous_5)
FN:114,(anonymous_6)
FN:122,(anonymous_7)
FN:127,(anonymous_8)
FN:143,(anonymous_9)
FN:172,(anonymous_10)
FN:179,(anonymous_11)
FN:181,(anonymous_12)
FN:196,(anonymous_13)
FN:197,(anonymous_14)
FN:198,(anonymous_15)
FN:199,(anonymous_16)
FN:208,(anonymous_17)
FNF:18
FNH:0
FNDA:0,Mention
FNDA:0,(anonymous_1)
FNDA:0,(anonymous_2)
FNDA:0,(anonymous_3)
FNDA:0,(anonymous_4)
FNDA:0,(anonymous_5)
FNDA:0,(anonymous_6)
FNDA:0,(anonymous_7)
FNDA:0,(anonymous_8)
FNDA:0,(anonymous_9)
FNDA:0,(anonymous_10)
FNDA:0,(anonymous_11)
FNDA:0,(anonymous_12)
FNDA:0,(anonymous_13)
FNDA:0,(anonymous_14)
FNDA:0,(anonymous_15)
FNDA:0,(anonymous_16)
FNDA:0,(anonymous_17)
DA:13,0
DA:30,0
DA:31,0
DA:40,0
DA:41,0
DA:49,0
DA:50,0
DA:51,0
DA:52,0
DA:54,0
DA:59,0
DA:60,0
DA:61,0
DA:64,0
DA:65,0
DA:66,0
DA:67,0
DA:68,0
DA:70,0
DA:71,0
DA:75,0
DA:76,0
DA:77,0
DA:78,0
DA:79,0
DA:80,0
DA:81,0
DA:82,0
DA:83,0
DA:84,0
DA:85,0
DA:86,0
DA:87,0
DA:88,0
DA:89,0
DA:90,0
DA:91,0
DA:97,0
DA:98,0
DA:99,0
DA:100,0
DA:102,0
DA:106,0
DA:107,0
DA:108,0
DA:109,0
DA:113,0
DA:114,0
DA:115,0
DA:116,0
DA:121,0
DA:122,0
DA:123,0
DA:124,0
DA:127,0
DA:136,0
DA:137,0
DA:144,0
DA:145,0
DA:146,0
DA:147,0
DA:149,0
DA:150,0
DA:160,0
DA:173,0
DA:174,0
DA:175,0
DA:176,0
DA:178,0
DA:179,0
DA:180,0
DA:181,0
DA:182,0
DA:183,0
DA:184,0
DA:185,0
DA:186,0
DA:187,0
DA:189,0
DA:190,0
DA:191,0
DA:192,0
DA:193,0
DA:196,0
DA:197,0
DA:199,0
DA:200,0
DA:201,0
DA:209,0
LF:89
LH:0
BRDA:19,0,0,0
BRDA:20,1,0,0
BRDA:21,2,0,0
BRDA:40,3,0,0
BRDA:40,3,1,0
BRDA:60,4,0,0
BRDA:60,4,1,0
BRDA:70,5,0,0
BRDA:70,5,1,0
BRDA:75,6,0,0
BRDA:75,6,1,0
BRDA:75,7,0,0
BRDA:75,7,1,0
BRDA:77,8,0,0
BRDA:77,8,1,0
BRDA:80,9,0,0
BRDA:80,9,1,0
BRDA:80,10,0,0
BRDA:80,10,1,0
BRDA:82,11,0,0
BRDA:82,11,1,0
BRDA:85,12,0,0
BRDA:85,12,1,0
BRDA:85,13,0,0
BRDA:85,13,1,0
BRDA:87,14,0,0
BRDA:87,14,1,0
BRDA:90,15,0,0
BRDA:90,15,1,0
BRDA:91,16,0,0
BRDA:91,16,1,0
BRDA:91,17,0,0
BRDA:91,17,1,0
BRDA:107,18,0,0
BRDA:107,18,1,0
BRDA:115,19,0,0
BRDA:115,19,1,0
BRDA:121,20,0,0
BRDA:121,20,1,0
BRDA:146,21,0,0
BRDA:146,21,1,0
BRDA:152,22,0,0
BRDA:152,22,1,0
BRDA:173,23,0,0
BRDA:173,23,1,0
BRDA:178,24,0,0
BRDA:178,24,1,0
BRDA:180,25,0,0
BRDA:180,25,1,0
BRDA:182,26,0,0
BRDA:182,26,1,0
BRDA:182,27,0,0
BRDA:182,27,1,0
BRDA:184,28,0,0
BRDA:184,28,1,0
BRDA:186,29,0,0
BRDA:186,29,1,0
BRDA:190,30,0,0
BRDA:190,30,1,0
BRDA:190,31,0,0
BRDA:190,31,1,0
BRDA:205,32,0,0
BRDA:205,32,1,0
BRF:63
BRH:0
end_of_record
TN:
SF:src/components/Chat/Input/MentionItem.tsx
FN:16,MentionItem
FNF:1
FNH:0
FNDA:0,MentionItem
DA:26,0
LF:1
LH:0
BRDA:24,0,0,0
BRDA:37,1,0,0
BRDA:37,1,1,0
BRDA:44,2,0,0
BRDA:44,2,1,0
BRDA:44,3,0,0
BRDA:44,3,1,0
BRF:7
BRH:0
end_of_record
TN:
SF:src/components/Chat/Input/OptionsPopover.tsx
FN:19,OptionsPopover
FN:31,(anonymous_1)
FN:33,(anonymous_2)
FNF:3
FNH:0
FNDA:0,OptionsPopover
FNDA:0,(anonymous_1)
FNDA:0,(anonymous_2)
DA:28,0
DA:29,0
DA:31,0
DA:34,0
DA:35,0
DA:39,0
DA:41,0
DA:42,0
DA:46,0
DA:48,0
DA:50,0
DA:51,0
DA:54,0
LF:13
LH:0
BRDA:35,0,0,0
BRDA:35,0,1,0
BRDA:36,1,0,0
BRDA:36,1,1,0
BRDA:36,1,2,0
BRDA:42,2,0,0
BRDA:42,2,1,0
BRDA:42,2,2,0
BRDA:50,3,0,0
BRDA:50,3,1,0
BRDA:66,4,0,0
BRDA:66,4,1,0
BRF:12
BRH:0
end_of_record
TN:
SF:src/components/Chat/Input/PopoverButtons.tsx
FN:19,PopoverButtons
FN:54,(anonymous_1)
FN:56,(anonymous_2)
FN:74,(anonymous_3)
FN:76,(anonymous_4)
FN:97,(anonymous_5)
FN:106,(anonymous_6)
FN:119,(anonymous_7)
FN:138,(anonymous_8)
FNF:9
FNH:0
FNDA:0,PopoverButtons
FNDA:0,(anonymous_1)
FNDA:0,(anonymous_2)
FNDA:0,(anonymous_3)
FNDA:0,(anonymous_4)
FNDA:0,(anonymous_5)
FNDA:0,(anonymous_6)
FNDA:0,(anonymous_7)
FNDA:0,(anonymous_8)
DA:38,0
DA:39,0
DA:40,0
DA:42,0
DA:43,0
DA:44,0
DA:45,0
DA:47,0
DA:48,0
DA:49,0
DA:51,0
DA:52,0
DA:54,0
DA:55,0
DA:56,0
DA:59,0
DA:75,0
DA:76,0
DA:83,0
DA:84,0
DA:87,0
DA:88,0
DA:91,0
DA:97,0
DA:106,0
DA:112,0
DA:114,0
DA:116,0
DA:120,0
DA:139,0
LF:30
LH:0
BRDA:21,0,0,0
BRDA:42,1,0,0
BRDA:42,1,1,0
BRDA:43,2,0,0
BRDA:43,2,1,0
BRDA:44,3,0,0
BRDA:44,3,1,0
BRDA:44,3,2,0
BRDA:44,3,3,0
BRDA:45,4,0,0
BRDA:45,4,1,0
BRDA:47,5,0,0
BRDA:47,5,1,0
BRDA:47,6,0,0
BRDA:47,6,1,0
BRDA:48,7,0,0
BRDA:48,7,1,0
BRDA:48,7,2,0
BRDA:49,8,0,0
BRDA:49,8,1,0
BRDA:49,8,2,0
BRDA:49,9,0,0
BRDA:49,9,1,0
BRDA:52,10,0,0
BRDA:52,10,1,0
BRDA:52,10,2,0
BRDA:56,11,0,0
BRDA:56,11,1,0
BRDA:62,12,0,0
BRDA:62,12,1,0
BRDA:63,13,0,0
BRDA:63,13,1,0
BRDA:63,14,0,0
BRDA:63,14,1,0
BRDA:71,15,0,0
BRDA:71,15,1,0
BRDA:83,16,0,0
BRDA:83,16,1,0
BRDA:87,17,0,0
BRDA:87,17,1,0
BRDA:87,18,0,0
BRDA:87,18,1,0
BRDA:112,19,0,0
BRDA:112,19,1,0
BRDA:127,20,0,0
BRDA:127,20,1,0
BRDA:136,21,0,0
BRDA:136,21,1,0
BRDA:146,22,0,0
BRDA:146,22,1,0
BRF:50
BRH:0
end_of_record
TN:
SF:src/components/Chat/Input/PromptsCommand.tsx
FN:19,(anonymous_0)
FN:38,(anonymous_1)
FN:48,PromptsCommand
FN:65,(anonymous_3)
FN:66,(anonymous_4)
FN:95,(anonymous_5)
FN:96,(anonymous_6)
FN:104,(anonymous_7)
FN:137,(anonymous_8)
FN:145,(anonymous_9)
FN:146,(anonymous_10)
FN:153,(anonymous_11)
FN:162,(anonymous_12)
FN:178,(anonymous_13)
FN:211,(anonymous_14)
FN:218,(anonymous_15)
FN:220,(anonymous_16)
FN:232,(anonymous_17)
FN:233,(anonymous_18)
FN:234,(anonymous_19)
FN:235,(anonymous_20)
FN:242,(anonymous_21)
FN:255,(anonymous_22)
FNF:23
FNH:0
FNDA:0,(anonymous_0)
FNDA:0,(anonymous_1)
FNDA:0,PromptsCommand
FNDA:0,(anonymous_3)
FNDA:0,(anonymous_4)
FNDA:0,(anonymous_5)
FNDA:0,(anonymous_6)
FNDA:0,(anonymous_7)
FNDA:0,(anonymous_8)
FNDA:0,(anonymous_9)
FNDA:0,(anonymous_10)
FNDA:0,(anonymous_11)
FNDA:0,(anonymous_12)
FNDA:0,(anonymous_13)
FNDA:0,(anonymous_14)
FNDA:0,(anonymous_15)
FNDA:0,(anonymous_16)
FNDA:0,(anonymous_17)
FNDA:0,(anonymous_18)
FNDA:0,(anonymous_19)
FNDA:0,(anonymous_20)
FNDA:0,(anonymous_21)
FNDA:0,(anonymous_22)
DA:16,0
DA:18,0
DA:32,0
DA:33,0
DA:38,0
DA:46,0
DA:57,0
DA:58,0
DA:63,0
DA:66,0
DA:79,0
DA:81,0
DA:88,0
DA:89,0
DA:90,0
DA:91,0
DA:92,0
DA:93,0
DA:95,0
DA:96,0
DA:98,0
DA:103,0
DA:105,0
DA:106,0
DA:109,0
DA:110,0
DA:111,0
DA:113,0
DA:114,0
DA:117,0
DA:118,0
DA:119,0
DA:122,0
DA:123,0
DA:124,0
DA:125,0
DA:127,0
DA:128,0
DA:129,0
DA:131,0
DA:137,0
DA:138,0
DA:139,0
DA:141,0
DA:145,0
DA:146,0
DA:147,0
DA:148,0
DA:153,0
DA:154,0
DA:155,0
DA:158,0
DA:159,0
DA:162,0
DA:171,0
DA:172,0
DA:179,0
DA:180,0
DA:182,0
DA:183,0
DA:193,0
DA:212,0
DA:213,0
DA:214,0
DA:215,0
DA:217,0
DA:218,0
DA:219,0
DA:220,0
DA:221,0
DA:222,0
DA:223,0
DA:225,0
DA:226,0
DA:227,0
DA:228,0
DA:229,0
DA:232,0
DA:233,0
DA:235,0
DA:236,0
DA:237,0
DA:243,0
DA:244,0
DA:251,0
DA:252,0
DA:256,0
DA:270,0
LF:88
LH:0
BRDA:35,0,0,0
BRDA:35,0,1,0
BRDA:68,1,0,0
BRDA:68,1,1,0
BRDA:69,2,0,0
BRDA:69,2,1,0
BRDA:69,3,0,0
BRDA:69,3,1,0
BRDA:72,4,0,0
BRDA:72,4,1,0
BRDA:72,5,0,0
BRDA:72,5,1,0
BRDA:74,6,0,0
BRDA:74,6,1,0
BRDA:76,7,0,0
BRDA:76,7,1,0
BRDA:100,8,0,0
BRDA:100,8,1,0
BRDA:105,9,0,0
BRDA:105,9,1,0
BRDA:113,10,0,0
BRDA:113,10,1,0
BRDA:118,11,0,0
BRDA:118,11,1,0
BRDA:122,12,0,0
BRDA:122,12,1,0
BRDA:123,13,0,0
BRDA:123,13,1,0
BRDA:124,14,0,0
BRDA:124,14,1,0
BRDA:124,15,0,0
BRDA:124,15,1,0
BRDA:131,16,0,0
BRDA:131,16,1,0
BRDA:138,17,0,0
BRDA:138,17,1,0
BRDA:147,18,0,0
BRDA:147,18,1,0
BRDA:158,19,0,0
BRDA:158,19,1,0
BRDA:179,20,0,0
BRDA:179,20,1,0
BRDA:185,21,0,0
BRDA:185,21,1,0
BRDA:212,22,0,0
BRDA:212,22,1,0
BRDA:217,23,0,0
BRDA:217,23,1,0
BRDA:219,24,0,0
BRDA:219,24,1,0
BRDA:221,25,0,0
BRDA:221,25,1,0
BRDA:221,26,0,0
BRDA:221,26,1,0
BRDA:222,27,0,0
BRDA:222,27,1,0
BRDA:226,28,0,0
BRDA:226,28,1,0
BRDA:226,29,0,0
BRDA:226,29,1,0
BRDA:243,30,0,0
BRDA:243,30,1,0
BRDA:243,31,0,0
BRDA:243,31,1,0
BRDA:251,32,0,0
BRDA:251,32,1,0
BRDA:251,33,0,0
BRDA:251,33,1,0
BRF:68
BRH:0
end_of_record
TN:
SF:src/components/Chat/Input/SendButton.tsx
FN:15,(anonymous_0)
FN:43,(anonymous_1)
FNF:2
FNH:0
FNDA:0,(anonymous_0)
FNDA:0,(anonymous_1)
DA:14,0
DA:16,0
DA:17,0
DA:42,0
DA:44,0
DA:45,0
LF:6
LH:0
BRDA:45,0,0,0
BRDA:45,0,1,0
BRF:2
BRH:0
end_of_record
TN:
SF:src/components/Chat/Input/StopButton.tsx
FN:5,StopButton
FN:18,(anonymous_1)
FNF:2
FNH:0
FNDA:0,StopButton
FNDA:0,(anonymous_1)
DA:6,0
DA:8,0
DA:19,0
DA:20,0
LF:4
LH:0
BRF:0
BRH:0
end_of_record
TN:
SF:src/components/Chat/Input/StreamAudio.tsx
FN:13,timeoutPromise
FN:14,(anonymous_1)
FN:15,(anonymous_2)
FN:22,StreamAudio
FN:46,(anonymous_4)
FN:50,(anonymous_5)
FN:71,fetchAudio
FN:143,(anonymous_7)
FN:196,(anonymous_8)
FN:208,(anonymous_9)
FNF:10
FNH:0
FNDA:0,timeoutPromise
FNDA:0,(anonymous_1)
FNDA:0,(anonymous_2)
FNDA:0,StreamAudio
FNDA:0,(anonymous_4)
FNDA:0,(anonymous_5)
FNDA:0,fetchAudio
FNDA:0,(anonymous_7)
FNDA:0,(anonymous_8)
FNDA:0,(anonymous_9)
DA:14,0
DA:15,0
DA:19,0
DA:20,0
DA:23,0
DA:25,0
DA:26,0
DA:28,0
DA:29,0
DA:30,0
DA:31,0
DA:32,0
DA:33,0
DA:34,0
DA:35,0
DA:36,0
DA:38,0
DA:39,0
DA:41,0
DA:42,0
DA:44,0
DA:45,0
DA:46,0
DA:50,0
DA:51,0
DA:53,0
DA:67,0
DA:68,0
DA:72,0
DA:74,0
DA:75,0
DA:76,0
DA:77,0
DA:78,0
DA:81,0
DA:82,0
DA:83,0
DA:85,0
DA:86,0
DA:87,0
DA:88,0
DA:89,0
DA:90,0
DA:91,0
DA:92,0
DA:95,0
DA:96,0
DA:102,0
DA:103,0
DA:105,0
DA:106,0
DA:109,0
DA:111,0
DA:113,0
DA:115,0
DA:116,0
DA:117,0
DA:120,0
DA:121,0
DA:123,0
DA:124,0
DA:125,0
DA:130,0
DA:131,0
DA:133,0
DA:134,0
DA:136,0
DA:139,0
DA:140,0
DA:141,0
DA:142,0
DA:143,0
DA:145,0
DA:146,0
DA:147,0
DA:149,0
DA:150,0
DA:151,0
DA:152,0
DA:153,0
DA:154,0
DA:155,0
DA:157,0
DA:158,0
DA:159,0
DA:161,0
DA:164,0
DA:166,0
DA:167,0
DA:168,0
DA:170,0
DA:171,0
DA:172,0
DA:174,0
DA:178,0
DA:196,0
DA:197,0
DA:204,0
DA:208,0
DA:209,0
DA:214,0
DA:215,0
LF:102
LH:0
BRDA:15,0,0,0
BRDA:15,0,1,0
BRDA:22,1,0,0
BRDA:42,2,0,0
BRDA:42,2,1,0
BRDA:42,3,0,0
BRDA:42,3,1,0
BRDA:42,3,2,0
BRDA:54,4,0,0
BRDA:54,4,1,0
BRDA:54,4,2,0
BRDA:54,4,3,0
BRDA:54,4,4,0
BRDA:54,4,5,0
BRDA:54,4,6,0
BRDA:54,4,7,0
BRDA:54,4,8,0
BRDA:54,4,9,0
BRDA:54,4,10,0
BRDA:67,5,0,0
BRDA:67,5,1,0
BRDA:75,6,0,0
BRDA:75,6,1,0
BRDA:81,7,0,0
BRDA:81,7,1,0
BRDA:86,8,0,0
BRDA:86,8,1,0
BRDA:102,9,0,0
BRDA:102,9,1,0
BRDA:105,10,0,0
BRDA:105,10,1,0
BRDA:113,11,0,0
BRDA:113,11,1,0
BRDA:115,12,0,0
BRDA:115,12,1,0
BRDA:130,13,0,0
BRDA:130,13,1,0
BRDA:130,14,0,0
BRDA:130,14,1,0
BRDA:133,15,0,0
BRDA:133,15,1,0
BRDA:133,16,0,0
BRDA:133,16,1,0
BRDA:139,17,0,0
BRDA:139,17,1,0
BRDA:141,18,0,0
BRDA:141,18,1,0
BRDA:145,19,0,0
BRDA:145,19,1,0
BRDA:146,20,0,0
BRDA:146,20,1,0
BRDA:152,21,0,0
BRDA:152,21,1,0
BRDA:154,22,0,0
BRDA:154,22,1,0
BRDA:166,23,0,0
BRDA:166,23,1,0
BRDA:197,24,0,0
BRDA:197,24,1,0
BRDA:198,25,0,0
BRDA:198,25,1,0
BRDA:198,25,2,0
BRDA:198,25,3,0
BRDA:198,25,4,0
BRDA:228,26,0,0
BRDA:228,26,1,0
BRF:66
BRH:0
end_of_record
TN:
SF:src/components/Chat/Input/TextareaHeader.tsx
FN:5,TextareaHeader
FNF:1
FNH:0
FNDA:0,TextareaHeader
DA:12,0
DA:13,0
DA:15,0
LF:3
LH:0
BRDA:12,0,0,0
BRDA:12,0,1,0
BRF:2
BRH:0
end_of_record
TN:
SF:src/components/Chat/Input/ToolDialogs.tsx
FN:7,ToolDialogs
FN:33,(anonymous_1)
FN:36,(anonymous_2)
FNF:3
FNH:0
FNDA:0,ToolDialogs
FNDA:0,(anonymous_1)
FNDA:0,(anonymous_2)
DA:8,0
DA:9,0
DA:10,0
DA:20,0
DA:30,0
DA:32,0
DA:33,0
DA:36,0
DA:38,0
LF:9
LH:0
BRDA:33,0,0,0
BRDA:33,0,1,0
BRDA:36,1,0,0
BRDA:36,1,1,0
BRDA:49,2,0,0
BRDA:49,2,1,0
BRDA:60,3,0,0
BRDA:60,3,1,0
BRF:8
BRH:0
end_of_record
TN:
SF:src/components/Chat/Input/ToolsDropdown.tsx
FN:17,(anonymous_0)
FN:62,(anonymous_1)
FN:65,(anonymous_2)
FN:69,(anonymous_3)
FN:73,(anonymous_4)
FN:78,(anonymous_5)
FN:83,(anonymous_6)
FN:89,(anonymous_7)
FN:92,(anonymous_8)
FN:101,(anonymous_9)
FN:106,(anonymous_10)
FN:114,(anonymous_11)
FN:137,(anonymous_12)
FN:147,(anonymous_13)
FN:166,(anonymous_14)
FN:191,(anonymous_15)
FN:201,(anonymous_16)
FN:220,(anonymous_17)
FN:244,(anonymous_18)
FNF:19
FNH:0
FNDA:0,(anonymous_0)
FNDA:0,(anonymous_1)
FNDA:0,(anonymous_2)
FNDA:0,(anonymous_3)
FNDA:0,(anonymous_4)
FNDA:0,(anonymous_5)
FNDA:0,(anonymous_6)
FNDA:0,(anonymous_7)
FNDA:0,(anonymous_8)
FNDA:0,(anonymous_9)
FNDA:0,(anonymous_10)
FNDA:0,(anonymous_11)
FNDA:0,(anonymous_12)
FNDA:0,(anonymous_13)
FNDA:0,(anonymous_14)
FNDA:0,(anonymous_15)
FNDA:0,(anonymous_16)
FNDA:0,(anonymous_17)
FNDA:0,(anonymous_18)
DA:17,0
DA:18,0
DA:19,0
DA:20,0
DA:29,0
DA:31,0
DA:33,0
DA:38,0
DA:43,0
DA:44,0
DA:50,0
DA:52,0
DA:57,0
DA:62,0
DA:63,0
DA:64,0
DA:65,0
DA:68,0
DA:69,0
DA:73,0
DA:74,0
DA:75,0
DA:78,0
DA:79,0
DA:80,0
DA:83,0
DA:84,0
DA:85,0
DA:88,0
DA:90,0
DA:91,0
DA:92,0
DA:94,0
DA:99,0
DA:101,0
DA:102,0
DA:103,0
DA:107,0
DA:115,0
DA:116,0
DA:133,0
DA:134,0
DA:138,0
DA:148,0
DA:149,0
DA:167,0
DA:168,0
DA:187,0
DA:188,0
DA:192,0
DA:202,0
DA:203,0
DA:221,0
DA:222,0
DA:241,0
DA:242,0
DA:245,0
DA:258,0
DA:287,0
DA:308,0
LF:60
LH:0
BRDA:19,0,0,0
BRDA:19,0,1,0
BRDA:63,1,0,0
BRDA:63,1,1,0
BRDA:64,2,0,0
BRDA:64,2,1,0
BRDA:90,3,0,0
BRDA:90,3,1,0
BRDA:91,4,0,0
BRDA:91,4,1,0
BRDA:121,5,0,0
BRDA:121,5,1,0
BRDA:123,6,0,0
BRDA:123,6,1,0
BRDA:133,7,0,0
BRDA:133,7,1,0
BRDA:144,8,0,0
BRDA:144,8,1,0
BRDA:173,9,0,0
BRDA:173,9,1,0
BRDA:175,10,0,0
BRDA:175,10,1,0
BRDA:187,11,0,0
BRDA:187,11,1,0
BRDA:198,12,0,0
BRDA:198,12,1,0
BRDA:227,13,0,0
BRDA:227,13,1,0
BRDA:229,14,0,0
BRDA:229,14,1,0
BRDA:241,15,0,0
BRDA:241,15,1,0
BRDA:241,16,0,0
BRDA:241,16,1,0
BRF:34
BRH:0
end_of_record
TN:
SF:src/components/Chat/Input/WebSearch.tsx
FN:8,WebSearch
FNF:1
FNH:0
FNDA:0,WebSearch
DA:9,0
DA:10,0
DA:11,0
DA:12,0
DA:14,0
DA:19,0
DA:20,0
DA:23,0
LF:8
LH:0
BRDA:19,0,0,0
BRDA:19,0,1,0
BRDA:24,1,0,0
BRDA:24,1,1,0
BRDA:24,1,2,0
BRF:5
BRH:0
end_of_record
TN:
SF:src/components/Chat/Input/Files/AttachFile.tsx
FN:6,(anonymous_0)
FN:27,(anonymous_1)
FN:36,(anonymous_2)
FNF:3
FNH:0
FNDA:0,(anonymous_0)
FNDA:0,(anonymous_1)
FNDA:0,(anonymous_2)
DA:6,0
DA:7,0
DA:8,0
DA:9,0
DA:11,0
DA:13,0
DA:28,0
DA:29,0
DA:31,0
DA:32,0
DA:33,0
DA:37,0
DA:38,0
DA:40,0
DA:41,0
LF:15
LH:0
BRDA:9,0,0,0
BRDA:9,0,1,0
BRDA:28,1,0,0
BRDA:28,1,1,0
BRDA:31,2,0,0
BRDA:31,2,1,0
BRDA:31,3,0,0
BRDA:31,3,1,0
BRDA:37,4,0,0
BRDA:37,4,1,0
BRF:10
BRH:0
end_of_record
TN:
SF:src/components/Chat/Input/Files/AttachFileChat.tsx
FN:14,AttachFileChat
FN:18,(anonymous_1)
FN:21,(anonymous_2)
FNF:3
FNH:0
FNDA:0,AttachFileChat
FNDA:0,(anonymous_1)
FNDA:0,(anonymous_2)
DA:15,0
DA:16,0
DA:17,0
DA:18,0
DA:20,0
DA:21,0
DA:24,0
DA:28,0
DA:29,0
DA:31,0
DA:32,0
DA:35,0
LF:12
LH:0
BRDA:16,0,0,0
BRDA:16,0,1,0
BRDA:17,1,0,0
BRDA:17,1,1,0
BRDA:20,2,0,0
BRDA:24,3,0,0
BRDA:24,3,1,0
BRDA:28,4,0,0
BRDA:28,4,1,0
BRDA:28,5,0,0
BRDA:28,5,1,0
BRDA:28,5,2,0
BRDA:29,6,0,0
BRDA:29,6,1,0
BRDA:29,6,2,0
BRDA:31,7,0,0
BRDA:31,7,1,0
BRDA:31,8,0,0
BRDA:31,8,1,0
BRDA:31,8,2,0
BRF:20
BRH:0
end_of_record
TN:
SF:src/components/Chat/Input/Files/AttachFileMenu.tsx
FN:17,(anonymous_0)
FN:34,(anonymous_1)
FN:38,(anonymous_2)
FN:48,(anonymous_3)
FN:52,(anonymous_4)
FN:63,(anonymous_5)
FN:74,(anonymous_6)
FN:86,(anonymous_7)
FN:88,(anonymous_8)
FN:126,(anonymous_9)
FNF:10
FNH:0
FNDA:0,(anonymous_0)
FNDA:0,(anonymous_1)
FNDA:0,(anonymous_2)
FNDA:0,(anonymous_3)
FNDA:0,(anonymous_4)
FNDA:0,(anonymous_5)
FNDA:0,(anonymous_6)
FNDA:0,(anonymous_7)
FNDA:0,(anonymous_8)
FNDA:0,(anonymous_9)
DA:17,0
DA:18,0
DA:19,0
DA:20,0
DA:21,0
DA:22,0
DA:23,0
DA:24,0
DA:25,0
DA:33,0
DA:34,0
DA:38,0
DA:39,0
DA:40,0
DA:42,0
DA:43,0
DA:44,0
DA:45,0
DA:48,0
DA:49,0
DA:53,0
DA:54,0
DA:60,0
DA:61,0
DA:64,0
DA:65,0
DA:71,0
DA:72,0
DA:75,0
DA:77,0
DA:83,0
DA:84,0
DA:87,0
DA:88,0
DA:92,0
DA:98,0
DA:102,0
DA:123,0
DA:127,0
LF:39
LH:0
BRDA:19,0,0,0
BRDA:19,0,1,0
BRDA:34,1,0,0
BRDA:34,1,1,0
BRDA:39,2,0,0
BRDA:39,2,1,0
BRDA:43,3,0,0
BRDA:43,3,1,0
BRDA:60,4,0,0
BRDA:60,4,1,0
BRDA:71,5,0,0
BRDA:71,5,1,0
BRDA:83,6,0,0
BRDA:83,6,1,0
BRF:14
BRH:0
end_of_record
TN:
SF:src/components/Chat/Input/Files/DragDropModal.tsx
FN:23,(anonymous_0)
FN:27,(anonymous_1)
FN:31,(anonymous_2)
FN:37,(anonymous_3)
FN:77,(anonymous_4)
FN:81,(anonymous_5)
FNF:6
FNH:0
FNDA:0,(anonymous_0)
FNDA:0,(anonymous_1)
FNDA:0,(anonymous_2)
FNDA:0,(anonymous_3)
FNDA:0,(anonymous_4)
FNDA:0,(anonymous_5)
DA:23,0
DA:24,0
DA:25,0
DA:26,0
DA:27,0
DA:31,0
DA:32,0
DA:37,0
DA:40,0
DA:41,0
DA:42,0
DA:47,0
DA:48,0
DA:53,0
DA:54,0
DA:62,0
DA:65,0
DA:66,0
DA:69,0
DA:78,0
DA:81,0
LF:21
LH:0
BRDA:27,0,0,0
BRDA:27,0,1,0
BRDA:41,1,0,0
BRDA:41,1,1,0
BRDA:47,2,0,0
BRDA:47,2,1,0
BRDA:53,3,0,0
BRDA:53,3,1,0
BRDA:65,4,0,0
BRDA:65,4,1,0
BRDA:78,5,0,0
BRDA:78,5,1,0
BRF:12
BRH:0
end_of_record
TN:
SF:src/components/Chat/Input/Files/DragDropOverlay.tsx
FN:3,DragDropOverlay
FNF:1
FNH:0
FNDA:0,DragDropOverlay
DA:4,0
DA:5,0
LF:2
LH:0
BRF:0
BRH:0
end_of_record
TN:
SF:src/components/Chat/Input/Files/DragDropWrapper.tsx
FN:11,DragDropWrapper
FNF:1
FNH:0
FNDA:0,DragDropWrapper
DA:13,0
DA:15,0
DA:17,0
LF:3
LH:0
BRDA:15,0,0,0
BRDA:15,0,1,0
BRDA:20,1,0,0
BRDA:20,1,1,0
BRF:4
BRH:0
end_of_record
TN:
SF:src/components/Chat/Input/Files/FileContainer.tsx
FN:7,(anonymous_0)
FNF:1
FNH:0
FNDA:0,(anonymous_0)
DA:7,0
DA:22,0
DA:24,0
LF:3
LH:0
BRDA:22,0,0,0
BRDA:22,0,1,0
BRDA:51,1,0,0
BRDA:51,1,1,0
BRF:4
BRH:0
end_of_record
TN:
SF:src/components/Chat/Input/Files/FileFormChat.tsx
FN:8,FileFormChat
FN:24,(anonymous_1)
FNF:2
FNH:0
FNDA:0,FileFormChat
FNDA:0,(anonymous_1)
DA:9,0
DA:10,0
DA:11,0
DA:12,0
DA:14,0
DA:16,0
DA:24,0
LF:7
LH:0
BRDA:11,0,0,0
BRDA:11,0,1,0
BRF:2
BRH:0
end_of_record
TN:
SF:src/components/Chat/Input/Files/FilePreview.tsx
FN:8,(anonymous_0)
FNF:1
FNH:0
FNDA:0,(anonymous_0)
DA:8,0
DA:21,0
LF:2
LH:0
BRDA:11,0,0,0
BRDA:25,1,0,0
BRDA:25,1,1,0
BRDA:25,1,2,0
BRF:4
BRH:0
end_of_record
TN:
SF:src/components/Chat/Input/Files/FileRow.tsx
FN:10,FileRow
FN:33,(anonymous_1)
FN:38,(anonymous_2)
FN:46,(anonymous_3)
FN:49,(anonymous_4)
FN:56,(anonymous_5)
FN:61,(anonymous_6)
FN:65,(anonymous_7)
FN:75,(anonymous_8)
FN:97,(anonymous_9)
FN:106,(anonymous_10)
FN:107,(anonymous_11)
FNF:12
FNH:0
FNDA:0,FileRow
FNDA:0,(anonymous_1)
FNDA:0,(anonymous_2)
FNDA:0,(anonymous_3)
FNDA:0,(anonymous_4)
FNDA:0,(anonymous_5)
FNDA:0,(anonymous_6)
FNDA:0,(anonymous_7)
FNDA:0,(anonymous_8)
FNDA:0,(anonymous_9)
FNDA:0,(anonymous_10)
FNDA:0,(anonymous_11)
DA:33,0
DA:34,0
DA:37,0
DA:39,0
DA:47,0
DA:50,0
DA:54,0
DA:56,0
DA:57,0
DA:58,0
DA:61,0
DA:62,0
DA:65,0
DA:66,0
DA:71,0
DA:72,0
DA:75,0
DA:76,0
DA:93,0
DA:98,0
DA:99,0
DA:100,0
DA:102,0
DA:107,0
DA:108,0
DA:109,0
DA:111,0
DA:113,0
DA:115,0
DA:141,0
DA:142,0
DA:145,0
LF:32
LH:0
BRDA:19,0,0,0
BRDA:33,1,0,0
BRDA:33,1,1,0
BRDA:34,2,0,0
BRDA:34,2,1,0
BRDA:57,3,0,0
BRDA:57,3,1,0
BRDA:61,4,0,0
BRDA:61,4,1,0
BRDA:65,5,0,0
BRDA:65,5,1,0
BRDA:71,6,0,0
BRDA:71,6,1,0
BRDA:76,7,0,0
BRDA:76,7,1,0
BRDA:98,8,0,0
BRDA:98,8,1,0
BRDA:108,9,0,0
BRDA:108,9,1,0
BRDA:108,10,0,0
BRDA:108,10,1,0
BRDA:113,11,0,0
BRDA:113,11,1,0
BRDA:124,12,0,0
BRDA:124,12,1,0
BRDA:126,13,0,0
BRDA:126,13,1,0
BRDA:141,14,0,0
BRDA:141,14,1,0
BRF:29
BRH:0
end_of_record
TN:
SF:src/components/Chat/Input/Files/FileUpload.tsx
FN:17,(anonymous_0)
FN:31,(anonymous_1)
FN:38,(anonymous_2)
FNF:3
FNH:0
FNDA:0,(anonymous_0)
FNDA:0,(anonymous_1)
FNDA:0,(anonymous_2)
DA:17,0
DA:27,0
DA:28,0
DA:29,0
DA:31,0
DA:32,0
DA:33,0
DA:34,0
DA:37,0
DA:38,0
DA:39,0
DA:40,0
DA:41,0
DA:42,0
DA:43,0
DA:46,0
DA:47,0
DA:48,0
DA:51,0
DA:53,0
DA:57,0
DA:58,0
DA:59,0
DA:60,0
DA:62,0
DA:65,0
LF:26
LH:0
BRDA:19,0,0,0
BRDA:20,1,0,0
BRDA:21,2,0,0
BRDA:22,3,0,0
BRDA:23,4,0,0
BRDA:24,5,0,0
BRDA:25,6,0,0
BRDA:33,7,0,0
BRDA:33,7,1,0
BRDA:40,8,0,0
BRDA:40,8,1,0
BRDA:40,9,0,0
BRDA:40,9,1,0
BRDA:46,10,0,0
BRDA:46,10,1,0
BRDA:57,11,0,0
BRDA:57,11,1,0
BRDA:58,12,0,0
BRDA:58,12,1,0
BRDA:59,13,0,0
BRDA:59,13,1,0
BRDA:60,14,0,0
BRDA:60,14,1,0
BRDA:62,15,0,0
BRDA:62,15,1,0
BRF:25
BRH:0
end_of_record
TN:
SF:src/components/Chat/Input/Files/FilesView.tsx
FN:8,Files
FN:12,(anonymous_1)
FN:13,(anonymous_2)
FNF:3
FNH:0
FNDA:0,Files
FNDA:0,(anonymous_1)
FNDA:0,(anonymous_2)
DA:9,0
DA:11,0
DA:13,0
DA:14,0
DA:15,0
DA:16,0
DA:20,0
LF:7
LH:0
BRDA:11,0,0,0
BRDA:14,1,0,0
BRDA:14,1,1,0
BRDA:15,2,0,0
BRDA:15,2,1,0
BRF:5
BRH:0
end_of_record
TN:
SF:src/components/Chat/Input/Files/Image.tsx
FN:5,(anonymous_0)
FNF:1
FNH:0
FNDA:0,(anonymous_0)
DA:5,0
DA:18,0
LF:2
LH:0
BRDA:9,0,0,0
BRDA:10,1,0,0
BRF:2
BRH:0
end_of_record
TN:
SF:src/components/Chat/Input/Files/ImagePreview.tsx
FN:21,(anonymous_0)
FN:40,(anonymous_1)
FN:46,(anonymous_2)
FN:62,(anonymous_3)
FN:70,(anonymous_4)
FN:76,(anonymous_5)
FN:80,(anonymous_6)
FN:116,(anonymous_7)
FN:117,(anonymous_8)
FN:125,(anonymous_9)
FN:144,(anonymous_10)
FNF:11
FNH:0
FNDA:0,(anonymous_0)
FNDA:0,(anonymous_1)
FNDA:0,(anonymous_2)
FNDA:0,(anonymous_3)
FNDA:0,(anonymous_4)
FNDA:0,(anonymous_5)
FNDA:0,(anonymous_6)
FNDA:0,(anonymous_7)
FNDA:0,(anonymous_8)
FNDA:0,(anonymous_9)
FNDA:0,(anonymous_10)
DA:21,0
DA:36,0
DA:37,0
DA:38,0
DA:40,0
DA:41,0
DA:42,0
DA:45,0
DA:47,0
DA:48,0
DA:49,0
DA:51,0
DA:55,0
DA:61,0
DA:63,0
DA:64,0
DA:70,0
DA:71,0
DA:72,0
DA:73,0
DA:74,0
DA:75,0
DA:76,0
DA:80,0
DA:81,0
DA:82,0
DA:86,0
DA:92,0
DA:94,0
DA:101,0
DA:102,0
DA:105,0
DA:106,0
DA:107,0
DA:108,0
DA:112,0
DA:116,0
DA:117,0
DA:126,0
DA:127,0
DA:128,0
DA:145,0
DA:146,0
LF:43
LH:0
BRDA:24,0,0,0
BRDA:25,1,0,0
BRDA:27,2,0,0
BRDA:51,3,0,0
BRDA:51,3,1,0
BRDA:52,4,0,0
BRDA:52,4,1,0
BRDA:63,5,0,0
BRDA:63,5,1,0
BRDA:71,6,0,0
BRDA:71,6,1,0
BRDA:75,7,0,0
BRDA:75,7,1,0
BRDA:92,8,0,0
BRDA:92,8,1,0
BRDA:92,8,2,0
BRDA:94,9,0,0
BRDA:94,9,1,0
BRDA:101,10,0,0
BRDA:101,10,1,0
BRDA:101,11,0,0
BRDA:101,11,1,0
BRDA:131,12,0,0
BRDA:131,12,1,0
BRDA:142,13,0,0
BRDA:142,13,1,0
BRDA:153,14,0,0
BRDA:153,14,1,0
BRDA:158,15,0,0
BRDA:158,15,1,0
BRF:30
BRH:0
end_of_record
TN:
SF:src/components/Chat/Input/Files/ProgressCircle.tsx
FN:1,ProgressCircle
FNF:1
FNH:0
FNDA:0,ProgressCircle
DA:10,0
LF:1
LH:0
BRF:0
BRH:0
end_of_record
TN:
SF:src/components/Chat/Input/Files/RemoveFile.tsx
FN:3,RemoveFile
FNF:1
FNH:0
FNDA:0,RemoveFile
DA:4,0
DA:5,0
LF:2
LH:0
BRF:0
BRH:0
end_of_record
TN:
SF:src/components/Chat/Input/Files/SourceIcon.tsx
FN:23,SourceIcon
FNF:1
FNH:0
FNDA:0,SourceIcon
DA:6,0
DA:11,0
DA:21,0
DA:32,0
DA:33,0
DA:42,0
DA:43,0
DA:52,0
DA:53,0
DA:62,0
DA:64,0
DA:65,0
DA:67,0
LF:13
LH:0
BRDA:26,0,0,0
BRDA:32,1,0,0
BRDA:32,1,1,0
BRDA:34,2,0,0
BRDA:34,2,1,0
BRDA:42,3,0,0
BRDA:42,3,1,0
BRDA:44,4,0,0
BRDA:44,4,1,0
BRDA:52,5,0,0
BRDA:52,5,1,0
BRDA:54,6,0,0
BRDA:54,6,1,0
BRDA:62,7,0,0
BRDA:62,7,1,0
BRDA:64,8,0,0
BRDA:64,8,1,0
BRDA:68,9,0,0
BRDA:68,9,1,0
BRDA:68,10,0,0
BRDA:68,10,1,0
BRF:21
BRH:0
end_of_record
TN:
SF:src/components/Chat/Input/Files/Table/Columns.tsx
FN:26,(anonymous_0)
FN:33,(anonymous_1)
FN:39,(anonymous_2)
FN:43,(anonymous_3)
FN:57,(anonymous_4)
FN:63,(anonymous_5)
FN:70,(anonymous_6)
FN:96,(anonymous_7)
FN:101,(anonymous_8)
FN:109,(anonymous_9)
FN:116,(anonymous_10)
FN:124,(anonymous_11)
FN:138,(anonymous_12)
FN:166,(anonymous_13)
FN:174,(anonymous_14)
FN:181,(anonymous_15)
FN:193,(anonymous_16)
FN:199,(anonymous_17)
FN:206,(anonymous_18)
FNF:19
FNH:0
FNDA:0,(anonymous_0)
FNDA:0,(anonymous_1)
FNDA:0,(anonymous_2)
FNDA:0,(anonymous_3)
FNDA:0,(anonymous_4)
FNDA:0,(anonymous_5)
FNDA:0,(anonymous_6)
FNDA:0,(anonymous_7)
FNDA:0,(anonymous_8)
FNDA:0,(anonymous_9)
FNDA:0,(anonymous_10)
FNDA:0,(anonymous_11)
FNDA:0,(anonymous_12)
FNDA:0,(anonymous_13)
FNDA:0,(anonymous_14)
FNDA:0,(anonymous_15)
FNDA:0,(anonymous_16)
FNDA:0,(anonymous_17)
FNDA:0,(anonymous_18)
DA:14,0
DA:23,0
DA:27,0
DA:33,0
DA:40,0
DA:43,0
DA:58,0
DA:59,0
DA:63,0
DA:71,0
DA:72,0
DA:73,0
DA:85,0
DA:86,0
DA:97,0
DA:98,0
DA:101,0
DA:110,0
DA:111,0
DA:117,0
DA:118,0
DA:125,0
DA:139,0
DA:140,0
DA:141,0
DA:142,0
DA:148,0
DA:149,0
DA:156,0
DA:167,0
DA:168,0
DA:174,0
DA:182,0
DA:183,0
DA:184,0
DA:194,0
DA:195,0
DA:199,0
DA:207,0
DA:208,0
DA:209,0
DA:210,0
DA:213,0
LF:43
LH:0
BRDA:30,0,0,0
BRDA:30,0,1,0
BRDA:30,0,2,0
BRDA:72,1,0,0
[...]
FNDA:0,formatDate
FNDA:0,addFileToCache
FNDA:0,(anonymous_4)
FNDA:0,formatBytes
FNDA:0,(anonymous_6)
FNDA:0,(anonymous_7)
FNDA:0,(anonymous_8)
FNDA:0,(anonymous_9)
FNDA:0,(anonymous_10)
DA:16,25
DA:18,25
DA:24,25
DA:30,25
DA:37,25
DA:43,25
DA:89,25
DA:97,0
DA:98,0
DA:101,0
DA:102,0
DA:106,0
DA:107,0
DA:108,0
DA:112,0
DA:113,0
DA:114,0
DA:118,0
DA:127,0
DA:128,0
DA:131,0
DA:133,0
DA:134,0
DA:141,0
DA:156,0
DA:157,0
DA:158,0
DA:160,0
DA:167,0
DA:169,0
DA:170,0
DA:171,0
DA:174,0
DA:176,0
DA:177,0
DA:178,0
DA:181,0
DA:193,0
DA:194,0
DA:196,0
DA:197,0
DA:198,0
DA:199,0
DA:202,25
DA:204,25
DA:215,0
DA:216,0
DA:217,0
DA:218,0
DA:219,0
DA:220,0
DA:222,0
DA:224,0
DA:225,0
DA:226,0
DA:229,0
DA:230,0
DA:231,0
DA:232,0
DA:233,0
DA:236,0
DA:237,0
DA:241,0
DA:242,0
DA:243,0
DA:247,0
DA:248,0
DA:249,0
DA:250,0
DA:253,0
DA:254,0
DA:255,0
DA:256,0
DA:259,0
DA:260,0
DA:261,0
DA:265,0
DA:266,0
DA:267,0
DA:270,0
DA:273,0
DA:277,0
DA:281,0
DA:283,0
DA:284,0
DA:285,0
DA:288,0
LF:87
LH:9
BRDA:90,0,0,0
BRDA:97,1,0,0
BRDA:97,1,1,0
BRDA:101,2,0,0
BRDA:101,2,1,0
BRDA:107,3,0,0
BRDA:107,3,1,0
BRDA:107,4,0,0
BRDA:107,4,1,0
BRDA:112,5,0,0
BRDA:112,5,1,0
BRDA:113,6,0,0
BRDA:113,6,1,0
BRDA:126,7,0,0
BRDA:127,8,0,0
BRDA:127,8,1,0
BRDA:133,9,0,0
BRDA:133,9,1,0
BRDA:169,10,0,0
BRDA:169,10,1,0
BRDA:176,11,0,0
BRDA:176,11,1,0
BRDA:192,12,0,0
BRDA:193,13,0,0
BRDA:193,13,1,0
BRDA:197,14,0,0
BRDA:197,14,1,0
BRDA:218,15,0,0
BRDA:218,15,1,0
BRDA:224,16,0,0
BRDA:224,16,1,0
BRDA:224,17,0,0
BRDA:224,17,1,0
BRDA:232,18,0,0
BRDA:232,18,1,0
BRDA:236,19,0,0
BRDA:236,19,1,0
BRDA:236,20,0,0
BRDA:236,20,1,0
BRDA:236,20,2,0
BRDA:241,21,0,0
BRDA:241,21,1,0
BRDA:247,22,0,0
BRDA:247,22,1,0
BRDA:253,23,0,0
BRDA:253,23,1,0
BRDA:259,24,0,0
BRDA:259,24,1,0
BRDA:259,25,0,0
BRDA:259,25,1,0
BRDA:265,26,0,0
BRDA:265,26,1,0
BRDA:265,27,0,0
BRDA:265,27,1,0
BRDA:273,28,0,0
BRDA:273,28,1,0
BRDA:273,29,0,0
BRDA:273,29,1,0
BRDA:277,30,0,0
BRDA:277,30,1,0
BRDA:283,31,0,0
BRDA:283,31,1,0
BRF:62
BRH:0
end_of_record
TN:
SF:src/utils/forms.tsx
FN:21,(anonymous_0)
FN:22,(anonymous_1)
FN:42,(anonymous_2)
FN:51,(anonymous_3)
FN:57,(anonymous_4)
FN:88,(anonymous_5)
FN:137,(anonymous_6)
FN:147,(anonymous_7)
FN:157,(anonymous_8)
FNF:9
FNH:0
FNDA:0,(anonymous_0)
FNDA:0,(anonymous_1)
FNDA:0,(anonymous_2)
FNDA:0,(anonymous_3)
FNDA:0,(anonymous_4)
FNDA:0,(anonymous_5)
FNDA:0,(anonymous_6)
FNDA:0,(anonymous_7)
FNDA:0,(anonymous_8)
DA:21,25
DA:22,0
DA:23,0
DA:24,0
DA:25,0
DA:28,0
DA:29,0
DA:30,0
DA:33,0
DA:34,0
DA:42,25
DA:51,25
DA:57,25
DA:67,0
DA:68,0
DA:84,0
DA:85,0
DA:88,0
DA:97,0
DA:99,0
DA:103,0
DA:104,0
DA:121,0
DA:136,0
DA:137,0
DA:138,0
DA:146,0
DA:147,0
DA:148,0
DA:156,0
DA:157,0
DA:158,0
DA:162,0
LF:33
LH:4
BRDA:23,0,0,0
BRDA:23,0,1,0
BRDA:28,1,0,0
BRDA:28,1,1,0
BRDA:33,2,0,0
BRDA:33,2,1,0
BRDA:43,3,0,0
BRDA:43,3,1,0
BRDA:53,4,0,0
BRDA:53,4,1,0
BRDA:54,5,0,0
BRDA:54,5,1,0
BRDA:67,6,0,0
BRDA:67,6,1,0
BRDA:67,6,2,0
BRDA:69,7,0,0
BRDA:69,7,1,0
BRDA:70,8,0,0
BRDA:70,8,1,0
BRDA:71,9,0,0
BRDA:71,9,1,0
BRDA:72,10,0,0
BRDA:72,10,1,0
BRDA:73,11,0,0
BRDA:73,11,1,0
BRDA:76,12,0,0
BRDA:76,12,1,0
BRDA:79,13,0,0
BRDA:79,13,1,0
BRDA:84,14,0,0
BRDA:84,14,1,0
BRDA:99,15,0,0
BRDA:99,15,1,0
BRDA:101,16,0,0
BRDA:101,16,1,0
BRDA:103,17,0,0
BRDA:103,17,1,0
BRDA:136,18,0,0
BRDA:136,18,1,0
BRDA:136,19,0,0
BRDA:136,19,1,0
BRDA:146,20,0,0
BRDA:146,20,1,0
BRDA:146,21,0,0
BRDA:146,21,1,0
BRDA:156,22,0,0
BRDA:156,22,1,0
BRDA:156,23,0,0
BRDA:156,23,1,0
BRF:49
BRH:0
end_of_record
TN:
SF:src/utils/getDefaultEndpoint.ts
FN:14,(anonymous_0)
FN:28,(anonymous_1)
FN:32,(anonymous_2)
FN:49,(anonymous_3)
FN:51,(anonymous_4)
FN:54,(anonymous_5)
FNF:6
FNH:0
FNDA:0,(anonymous_0)
FNDA:0,(anonymous_1)
FNDA:0,(anonymous_2)
FNDA:0,(anonymous_3)
FNDA:0,(anonymous_4)
FNDA:0,(anonymous_5)
DA:14,25
DA:18,0
DA:19,0
DA:20,0
DA:21,0
DA:22,0
DA:23,0
DA:25,0
DA:28,25
DA:29,0
DA:30,0
DA:31,0
DA:32,0
DA:34,0
DA:35,0
DA:38,0
DA:39,0
DA:42,0
DA:44,0
DA:45,0
DA:49,25
DA:50,0
DA:51,0
DA:54,25
DA:58,0
LF:25
LH:4
BRDA:18,0,0,0
BRDA:18,1,0,0
BRDA:18,1,1,0
BRDA:19,2,0,0
BRDA:19,2,1,0
BRDA:20,3,0,0
BRDA:20,3,1,0
BRDA:20,4,0,0
BRDA:20,4,1,0
BRDA:22,5,0,0
BRDA:22,5,1,0
BRDA:31,6,0,0
BRDA:31,6,1,0
BRDA:32,7,0,0
BRDA:32,7,1,0
BRDA:34,8,0,0
BRDA:34,8,1,0
BRDA:34,9,0,0
BRDA:34,9,1,0
BRDA:38,10,0,0
BRDA:38,10,1,0
BRDA:38,11,0,0
BRDA:38,11,1,0
BRDA:42,12,0,0
BRDA:42,12,1,0
BRDA:42,13,0,0
BRDA:42,13,1,0
BRDA:51,14,0,0
BRDA:51,14,1,0
BRDA:59,15,0,0
BRDA:59,15,1,0
BRDA:59,15,2,0
BRF:32
BRH:0
end_of_record
TN:
SF:src/utils/getLoginError.ts
FN:3,(anonymous_0)
FNF:1
FNH:0
FNDA:0,(anonymous_0)
DA:3,25
DA:4,0
DA:6,0
DA:7,0
DA:10,0
DA:12,0
DA:14,0
DA:16,0
DA:18,0
DA:20,0
LF:10
LH:1
BRDA:6,0,0,0
BRDA:6,0,1,0
BRDA:10,1,0,0
BRDA:10,1,1,0
BRDA:10,1,2,0
BRDA:10,1,3,0
BRDA:10,1,4,0
BRF:7
BRH:0
end_of_record
TN:
SF:src/utils/heicConverter.ts
FN:8,(anonymous_0)
FN:25,(anonymous_1)
FN:66,(anonymous_2)
FNF:3
FNH:0
FNDA:0,(anonymous_0)
FNDA:0,(anonymous_1)
FNDA:0,(anonymous_2)
DA:8,19
DA:9,0
DA:10,0
DA:12,0
DA:14,0
DA:25,19
DA:30,0
DA:32,0
DA:34,0
DA:41,0
DA:44,0
DA:50,0
DA:52,0
DA:54,0
DA:55,0
DA:66,19
DA:71,0
DA:73,0
DA:74,0
DA:75,0
DA:78,0
LF:21
LH:3
BRDA:14,0,0,0
BRDA:14,0,1,0
BRDA:27,1,0,0
BRDA:68,2,0,0
BRDA:73,3,0,0
BRDA:73,3,1,0
BRF:6
BRH:0
end_of_record
TN:
SF:src/utils/imageResize.ts
FN:37,supportsClientResize
FN:57,calculateDimensions
FN:84,resizeImage
FN:88,(anonymous_3)
FN:104,(anonymous_4)
FN:107,(anonymous_5)
FN:149,(anonymous_6)
FN:182,(anonymous_7)
FN:186,(anonymous_8)
FN:194,shouldResizeImage
FNF:10
FNH:2
FNDA:2,supportsClientResize
FNDA:0,calculateDimensions
FNDA:0,resizeImage
FNDA:0,(anonymous_3)
FNDA:0,(anonymous_4)
FNDA:0,(anonymous_5)
FNDA:0,(anonymous_6)
FNDA:0,(anonymous_7)
FNDA:0,(anonymous_8)
FNDA:4,shouldResizeImage
DA:27,20
DA:38,2
DA:40,2
DA:41,1
DA:42,1
DA:45,1
DA:46,1
DA:48,1
DA:50,0
DA:63,0
DA:66,0
DA:67,0
DA:71,0
DA:72,0
DA:73,0
DA:75,0
DA:88,0
DA:90,0
DA:91,0
DA:92,0
DA:96,0
DA:97,0
DA:98,0
DA:101,0
DA:102,0
DA:104,0
DA:105,0
DA:107,0
DA:108,0
DA:109,0
DA:110,0
DA:118,0
DA:122,0
DA:130,0
DA:134,0
DA:135,0
DA:137,0
DA:138,0
DA:141,0
DA:142,0
DA:145,0
DA:148,0
DA:150,0
DA:151,0
DA:152,0
DA:156,0
DA:157,0
DA:158,0
DA:160,0
DA:165,0
DA:178,0
DA:182,0
DA:183,0
DA:186,0
DA:187,0
DA:199,4
DA:201,3
DA:205,1
DA:206,0
DA:210,1
DA:211,0
DA:214,1
LF:62
LH:13
BRDA:40,0,0,1
BRDA:40,0,1,1
BRDA:41,1,0,0
BRDA:41,1,1,1
BRDA:42,2,0,0
BRDA:42,2,1,1
BRDA:48,3,0,1
BRDA:48,3,1,1
BRDA:48,3,2,1
BRDA:66,4,0,0
BRDA:66,4,1,0
BRDA:66,5,0,0
BRDA:66,5,1,0
BRDA:86,6,0,0
BRDA:90,7,0,0
BRDA:90,7,1,0
BRDA:96,8,0,0
BRDA:96,8,1,0
BRDA:118,9,0,0
BRDA:118,9,1,0
BRDA:119,10,0,0
BRDA:119,10,1,0
BRDA:150,11,0,0
BRDA:150,11,1,0
BRDA:156,12,0,0
BRDA:156,12,1,0
BRDA:196,13,0,2
BRDA:199,14,0,3
BRDA:199,14,1,1
BRDA:205,15,0,0
BRDA:205,15,1,1
BRDA:210,16,0,0
BRDA:210,16,1,1
BRF:33
BRH:12
end_of_record
TN:
SF:src/utils/index.ts
FN:74,capitalizeFirstLetter
FN:78,(anonymous_1)
FN:89,(anonymous_2)
FN:104,(anonymous_3)
FN:105,(anonymous_4)
FN:107,(anonymous_5)
FN:111,(anonymous_6)
FN:114,(anonymous_7)
FNF:8
FNH:0
FNDA:0,capitalizeFirstLetter
FNDA:0,(anonymous_1)
FNDA:0,(anonymous_2)
FNDA:0,(anonymous_3)
FNDA:0,(anonymous_4)
FNDA:0,(anonymous_5)
FNDA:0,(anonymous_6)
FNDA:0,(anonymous_7)
DA:28,25
DA:58,25
DA:60,25
DA:63,25
DA:66,25
DA:69,25
DA:72,25
DA:75,0
DA:78,25
DA:79,0
DA:80,0
DA:81,0
DA:82,0
DA:83,0
DA:85,0
DA:86,0
DA:89,25
DA:92,0
DA:93,0
DA:95,0
DA:96,0
DA:98,0
DA:99,0
DA:101,0
DA:104,25
DA:105,0
DA:106,0
DA:107,0
DA:110,0
DA:111,0
DA:113,0
DA:114,0
DA:117,0
DA:119,0
LF:34
LH:10
BRDA:82,0,0,0
BRDA:82,0,1,0
BRDA:92,1,0,0
BRDA:92,1,1,0
BRDA:95,2,0,0
BRDA:95,2,1,0
BRDA:98,3,0,0
BRDA:98,3,1,0
BRDA:106,4,0,0
BRDA:106,4,1,0
BRDA:114,5,0,0
BRDA:114,5,1,0
BRF:12
BRH:0
end_of_record
TN:
SF:src/utils/json.ts
FN:1,isJson
FN:10,formatJSON
FN:18,extractJson
FNF:3
FNH:0
FNDA:0,isJson
FNDA:0,formatJSON
FNDA:0,extractJson
DA:2,0
DA:3,0
DA:5,0
DA:7,0
DA:11,0
DA:12,0
DA:14,0
DA:19,0
DA:20,0
DA:22,0
DA:23,0
DA:24,0
DA:25,0
DA:27,0
DA:28,0
DA:29,0
DA:30,0
DA:31,0
DA:36,0
LF:19
LH:0
BRDA:23,0,0,0
BRDA:23,0,1,0
BRDA:24,1,0,0
BRDA:24,1,1,0
BRDA:28,2,0,0
BRDA:28,2,1,0
BRDA:30,3,0,0
BRDA:30,3,1,0
BRDA:30,4,0,0
BRDA:30,4,1,0
BRF:10
BRH:0
end_of_record
TN:
SF:src/utils/languages.ts
FN:418,normalizeLanguage
FNF:1
FNH:0
FNDA:0,normalizeLanguage
DA:1,25
DA:318,25
DA:371,25
DA:419,0
DA:420,0
DA:422,0
DA:423,0
DA:426,0
LF:8
LH:3
BRDA:422,0,0,0
BRDA:422,0,1,0
BRF:2
BRH:0
end_of_record
TN:
SF:src/utils/latex.ts
FN:17,escapeMhchem
FN:23,(anonymous_1)
FN:24,(anonymous_2)
FN:34,findCodeBlockRegions
FN:78,isInCodeBlock
FN:104,preprocessLaTeX
FNF:6
FNH:6
FNDA:2,escapeMhchem
FNDA:2,(anonymous_1)
FNDA:1,(anonymous_2)
FNDA:28,findCodeBlockRegions
FNDA:46,isInCodeBlock
FNDA:33,preprocessLaTeX
DA:2,26
DA:3,26
DA:4,26
DA:5,26
DA:7,26
DA:8,26
DA:19,2
DA:20,2
DA:23,2
DA:24,2
DA:26,2
DA:35,28
DA:36,28
DA:37,28
DA:39,28
DA:40,1502
DA:43,1502
DA:49,2
DA:50,1
DA:51,1
DA:53,1
DA:54,1
DA:55,1
DA:59,1500
DA:60,2
DA:61,1
DA:63,1
DA:64,1
DA:69,28
DA:79,46
DA:80,46
DA:82,46
DA:83,4
DA:84,4
DA:86,4
DA:87,2
DA:88,2
DA:89,1
DA:91,1
DA:95,44
DA:106,33
DA:109,28
DA:110,28
DA:111,2
DA:115,28
DA:118,28
DA:119,28
DA:122,28
DA:125,28
DA:126,25
DA:127,23
DA:128,23
DA:129,23
DA:132,28
DA:133,28
DA:136,28
DA:137,28
DA:140,28
DA:142,28
DA:143,21
DA:144,21
DA:145,21
DA:146,21
DA:149,28
DA:151,28
LF:65
LH:65
BRDA:43,0,0,2
BRDA:43,0,1,1500
BRDA:44,1,0,1502
BRDA:44,1,1,4
BRDA:44,1,2,3
BRDA:44,1,3,2
BRDA:49,2,0,1
BRDA:49,2,1,1
BRDA:59,3,0,2
BRDA:59,3,1,1498
BRDA:59,4,0,1500
BRDA:59,4,1,2
BRDA:60,5,0,1
BRDA:60,5,1,1
BRDA:86,6,0,2
BRDA:86,6,1,2
BRDA:86,7,0,4
BRDA:86,7,1,3
BRDA:88,8,0,1
BRDA:88,8,1,1
BRDA:106,9,0,5
BRDA:106,9,1,28
BRDA:110,10,0,2
BRDA:110,10,1,26
BRDA:110,11,0,28
BRDA:110,11,1,26
BRDA:126,12,0,23
BRDA:126,12,1,2
BRDA:143,13,0,21
BRDA:143,13,1,0
BRF:30
BRH:29
end_of_record
TN:
SF:src/utils/localStorage.ts
FN:3,getLocalStorageItems
FN:27,clearLocalStorage
FN:29,(anonymous_2)
FN:49,clearConversationStorage
FN:60,(anonymous_4)
FN:66,clearAllConversationStorage
FN:68,(anonymous_6)
FNF:7
FNH:0
FNDA:0,getLocalStorageItems
FNDA:0,clearLocalStorage
FNDA:0,(anonymous_2)
FNDA:0,clearConversationStorage
FNDA:0,(anonymous_4)
FNDA:0,clearAllConversationStorage
FNDA:0,(anonymous_6)
DA:4,0
DA:10,0
DA:13,0
DA:16,0
DA:20,0
DA:28,0
DA:29,0
DA:30,0
DA:31,0
DA:33,0
DA:44,0
DA:50,0
DA:51,0
DA:53,0
DA:54,0
DA:57,0
DA:59,0
DA:60,0
DA:61,0
DA:62,0
DA:67,0
DA:68,0
DA:69,0
DA:77,0
LF:24
LH:0
BRDA:5,0,0,0
BRDA:5,0,1,0
BRDA:6,1,0,0
BRDA:6,1,1,0
BRDA:7,2,0,0
BRDA:7,2,1,0
BRDA:10,3,0,0
BRDA:10,3,1,0
BRDA:13,4,0,0
BRDA:13,4,1,0
BRDA:16,5,0,0
BRDA:16,5,1,0
BRDA:30,6,0,0
BRDA:30,6,1,0
BRDA:30,7,0,0
BRDA:30,7,1,0
BRDA:33,8,0,0
BRDA:33,8,1,0
BRDA:34,9,0,0
BRDA:34,9,1,0
BRDA:34,9,2,0
BRDA:34,9,3,0
BRDA:34,9,4,0
BRDA:34,9,5,0
BRDA:34,9,6,0
BRDA:34,9,7,0
BRDA:34,9,8,0
BRDA:50,10,0,0
BRDA:50,10,1,0
BRDA:53,11,0,0
BRDA:53,11,1,0
BRDA:61,12,0,0
BRDA:61,12,1,0
BRDA:69,13,0,0
BRDA:69,13,1,0
BRDA:70,14,0,0
BRDA:70,14,1,0
BRDA:70,14,2,0
BRDA:70,14,3,0
BRDA:70,14,4,0
BRDA:70,14,5,0
BRF:41
BRH:0
end_of_record
TN:
SF:src/utils/logger.ts
FN:7,(anonymous_0)
FN:11,(anonymous_1)
FN:36,shouldLog
FN:46,(anonymous_3)
FNF:4
FNH:1
FNDA:150,(anonymous_0)
FNDA:0,(anonymous_1)
FNDA:0,shouldLog
FNDA:0,(anonymous_3)
DA:1,25
DA:2,25
DA:3,25
DA:7,25
DA:11,150
DA:12,0
DA:13,0
DA:14,0
DA:15,0
DA:16,0
DA:17,0
DA:18,0
DA:20,0
DA:27,25
DA:37,0
DA:38,0
DA:41,0
DA:42,0
DA:44,0
DA:46,0
LF:20
LH:6
BRDA:3,0,0,25
BRDA:3,0,1,25
BRDA:12,1,0,0
BRDA:12,1,1,0
BRDA:12,2,0,0
BRDA:12,2,1,0
BRDA:13,3,0,0
BRDA:13,3,1,0
BRDA:14,4,0,0
BRDA:14,4,1,0
BRDA:15,5,0,0
BRDA:15,5,1,0
BRDA:15,6,0,0
BRDA:15,6,1,0
BRDA:15,6,2,0
BRDA:17,7,0,0
BRDA:17,7,1,0
BRDA:17,8,0,0
BRDA:17,8,1,0
BRDA:37,9,0,0
BRDA:37,9,1,0
BRDA:41,10,0,0
BRDA:41,10,1,0
BRF:23
BRH:2
end_of_record
TN:
SF:src/utils/map.ts
FN:5,mapAttachments
FN:28,mapFiles
FN:39,mapAssistants
FN:50,mapAgents
FN:61,mapPlugins
FN:62,(anonymous_5)
FN:69,(anonymous_6)
FN:89,processPlugins
FN:94,(anonymous_8)
FN:100,(anonymous_9)
FN:103,mapToolCalls
FN:107,(anonymous_11)
FNF:12
FNH:0
FNDA:0,mapAttachments
FNDA:0,mapFiles
FNDA:0,mapAssistants
FNDA:0,mapAgents
FNDA:0,mapPlugins
FNDA:0,(anonymous_5)
FNDA:0,(anonymous_6)
FNDA:0,processPlugins
FNDA:0,(anonymous_8)
FNDA:0,(anonymous_9)
FNDA:0,mapToolCalls
FNDA:0,(anonymous_11)
DA:6,0
DA:8,0
DA:9,0
DA:10,0
DA:12,0
DA:13,0
DA:14,0
DA:17,0
DA:18,0
DA:21,0
DA:24,0
DA:29,0
DA:31,0
DA:32,0
DA:35,0
DA:40,0
DA:42,0
DA:43,0
DA:46,0
DA:51,0
DA:53,0
DA:54,0
DA:57,0
DA:62,0
DA:63,0
DA:64,0
DA:69,25
DA:75,0
DA:76,0
DA:82,0
DA:93,0
DA:95,0
DA:96,0
DA:98,0
DA:100,0
DA:106,0
DA:108,0
DA:109,0
DA:110,0
DA:111,0
DA:113,0
LF:41
LH:1
BRDA:9,0,0,0
BRDA:9,0,1,0
BRDA:9,1,0,0
BRDA:9,1,1,0
BRDA:12,2,0,0
BRDA:12,2,1,0
BRDA:13,3,0,0
BRDA:13,3,1,0
BRDA:17,4,0,0
BRDA:17,4,1,0
BRDA:75,5,0,0
BRDA:75,5,1,0
BRDA:95,6,0,0
BRDA:95,6,1,0
BRDA:103,7,0,0
BRDA:108,8,0,0
BRDA:108,8,1,0
BRDA:108,9,0,0
BRDA:108,9,1,0
BRDA:109,10,0,0
BRDA:109,10,1,0
BRF:21
BRH:0
end_of_record
TN:
SF:src/utils/memory.ts
FN:13,handleMemoryArtifact
FN:24,(anonymous_1)
FNF:2
FNH:0
FNDA:0,handleMemoryArtifact
FNDA:0,(anonymous_1)
DA:17,0
DA:19,0
DA:20,0
DA:23,0
DA:24,0
DA:26,0
DA:27,0
DA:28,0
DA:31,0
DA:32,0
DA:33,0
DA:35,0
DA:36,0
DA:40,0
DA:48,0
DA:49,0
DA:50,0
DA:53,0
DA:54,0
DA:55,0
DA:57,0
DA:58,0
DA:65,0
DA:66,0
DA:77,0
DA:81,0
DA:89,0
LF:27
LH:0
BRDA:17,0,0,0
BRDA:19,1,0,0
BRDA:19,1,1,0
BRDA:19,2,0,0
BRDA:19,2,1,0
BRDA:26,3,0,0
BRDA:26,3,1,0
BRDA:27,4,0,0
BRDA:27,4,1,0
BRDA:35,5,0,0
BRDA:35,5,1,0
BRDA:36,6,0,0
BRDA:36,6,1,0
BRDA:48,7,0,0
BRDA:48,7,1,0
BRDA:53,8,0,0
BRDA:53,8,1,0
BRDA:54,9,0,0
BRDA:54,9,1,0
BRDA:77,10,0,0
BRDA:77,10,1,0
BRF:21
BRH:0
end_of_record
TN:
SF:src/utils/mermaid.ts
FN:210,(anonymous_0)
FN:220,(anonymous_1)
FNF:2
FNH:0
FNDA:0,(anonymous_0)
FNDA:0,(anonymous_1)
DA:3,0
DA:210,0
DA:211,0
DA:220,0
DA:221,0
LF:5
LH:0
BRF:0
BRH:0
end_of_record
TN:
SF:src/utils/messages.ts
FN:4,(anonymous_0)
FN:14,(anonymous_1)
FN:43,(anonymous_2)
FN:54,(anonymous_3)
FN:55,(anonymous_4)
FN:56,(anonymous_5)
FN:63,(anonymous_6)
FN:75,(anonymous_7)
FNF:8
FNH:0
FNDA:0,(anonymous_0)
FNDA:0,(anonymous_1)
FNDA:0,(anonymous_2)
FNDA:0,(anonymous_3)
FNDA:0,(anonymous_4)
FNDA:0,(anonymous_5)
FNDA:0,(anonymous_6)
FNDA:0,(anonymous_7)
DA:4,25
DA:5,0
DA:6,0
DA:9,0
DA:10,0
DA:11,0
DA:14,25
DA:15,0
DA:16,0
DA:18,0
DA:19,0
DA:21,0
DA:22,0
DA:23,0
DA:24,0
DA:25,0
DA:28,0
DA:29,0
DA:30,0
DA:31,0
DA:33,0
DA:36,0
DA:40,0
DA:43,25
DA:44,0
DA:45,0
DA:48,0
DA:49,0
DA:52,0
DA:53,0
DA:54,0
DA:55,0
DA:56,0
DA:60,0
DA:63,25
DA:64,0
DA:65,0
DA:67,0
DA:68,0
DA:75,25
DA:76,0
DA:77,0
DA:78,0
DA:79,0
DA:80,0
LF:45
LH:5
BRDA:5,0,0,0
BRDA:5,0,1,0
BRDA:5,1,0,0
BRDA:5,1,1,0
BRDA:15,2,0,0
BRDA:15,2,1,0
BRDA:18,3,0,0
BRDA:18,3,1,0
BRDA:21,4,0,0
BRDA:21,4,1,0
BRDA:21,5,0,0
BRDA:21,5,1,0
BRDA:24,6,0,0
BRDA:24,6,1,0
BRDA:24,7,0,0
BRDA:24,7,1,0
BRDA:28,8,0,0
BRDA:28,8,1,0
BRDA:28,9,0,0
BRDA:28,9,1,0
BRDA:29,10,0,0
BRDA:29,10,1,0
BRDA:30,11,0,0
BRDA:30,11,1,0
BRDA:44,12,0,0
BRDA:44,12,1,0
BRDA:48,13,0,0
BRDA:48,13,1,0
BRDA:52,14,0,0
BRDA:52,14,1,0
BRDA:52,15,0,0
BRDA:52,15,1,0
BRDA:55,16,0,0
BRDA:55,16,1,0
BRDA:55,17,0,0
BRDA:55,17,1,0
BRDA:64,18,0,0
BRDA:64,18,1,0
BRDA:68,19,0,0
BRDA:68,19,1,0
BRDA:71,20,0,0
BRDA:71,20,1,0
BRDA:77,21,0,0
BRDA:77,21,1,0
BRDA:79,22,0,0
BRDA:79,22,1,0
BRF:46
BRH:0
end_of_record
TN:
SF:src/utils/presets.ts
FN:3,(anonymous_0)
FN:39,(anonymous_1)
FN:54,(anonymous_2)
FN:62,(anonymous_3)
FN:72,(anonymous_4)
FNF:5
FNH:5
FNDA:20,(anonymous_0)
FNDA:4,(anonymous_1)
FNDA:7,(anonymous_2)
FNDA:11,(anonymous_3)
FNDA:6,(anonymous_4)
DA:3,26
DA:12,20
DA:13,20
DA:14,20
DA:15,20
DA:17,20
DA:18,14
DA:21,20
DA:27,1
DA:28,1
DA:29,19
DA:30,15
DA:33,20
DA:34,5
DA:40,4
DA:41,2
DA:43,2
DA:50,15
DA:54,26
DA:58,7
DA:60,7
DA:61,5
DA:64,11
DA:65,8
DA:67,3
DA:70,11
DA:73,6
DA:74,4
DA:76,2
DA:80,7
LF:30
LH:30
BRDA:13,0,0,20
BRDA:13,0,1,2
BRDA:17,1,0,14
BRDA:17,1,1,6
BRDA:21,2,0,1
BRDA:21,2,1,19
BRDA:22,3,0,20
BRDA:22,3,1,14
BRDA:22,3,2,13
BRDA:22,3,3,12
BRDA:29,4,0,15
BRDA:29,4,1,4
BRDA:29,5,0,19
BRDA:29,5,1,18
BRDA:29,5,2,16
BRDA:33,6,0,5
BRDA:33,6,1,15
BRDA:34,7,0,3
BRDA:34,7,1,2
BRDA:35,8,0,2
BRDA:35,8,1,3
BRDA:35,9,0,5
BRDA:35,9,1,2
BRDA:37,10,0,2
BRDA:37,10,1,3
BRDA:40,11,0,2
BRDA:40,11,1,2
BRDA:50,12,0,10
BRDA:50,12,1,5
BRDA:60,13,0,5
BRDA:60,13,1,2
BRDA:60,14,0,7
BRDA:60,14,1,6
BRDA:64,15,0,8
BRDA:64,15,1,3
BRDA:73,16,0,4
BRDA:73,16,1,2
BRF:37
BRH:37
end_of_record
TN:
SF:src/utils/promptGroups.ts
FN:19,(anonymous_0)
FN:27,(anonymous_1)
FN:27,(anonymous_2)
FN:31,(anonymous_3)
FN:39,(anonymous_4)
FN:39,(anonymous_5)
FN:43,(anonymous_6)
FN:50,(anonymous_7)
FN:50,(anonymous_8)
FN:54,(anonymous_9)
FN:68,(anonymous_10)
FN:72,(anonymous_11)
FN:83,(anonymous_12)
FN:87,(anonymous_13)
FN:100,(anonymous_14)
FNF:15
FNH:0
FNDA:0,(anonymous_0)
FNDA:0,(anonymous_1)
FNDA:0,(anonymous_2)
FNDA:0,(anonymous_3)
FNDA:0,(anonymous_4)
FNDA:0,(anonymous_5)
FNDA:0,(anonymous_6)
FNDA:0,(anonymous_7)
FNDA:0,(anonymous_8)
FNDA:0,(anonymous_9)
FNDA:0,(anonymous_10)
FNDA:0,(anonymous_11)
FNDA:0,(anonymous_12)
FNDA:0,(anonymous_13)
FNDA:0,(anonymous_14)
DA:19,25
DA:23,0
DA:27,0
DA:31,25
DA:35,0
DA:39,0
DA:43,25
DA:47,0
DA:50,0
DA:54,25
DA:59,0
DA:68,25
DA:69,0
DA:72,25
DA:76,0
DA:83,25
DA:84,0
DA:87,25
DA:91,0
DA:100,25
DA:101,0
LF:21
LH:9
BRDA:68,0,0,0
BRDA:69,1,0,0
BRDA:69,1,1,0
BRF:3
BRH:0
end_of_record
TN:
SF:src/utils/prompts.ts
FN:7,(anonymous_0)
FN:10,(anonymous_1)
FN:15,(anonymous_2)
FN:18,(anonymous_3)
FN:20,(anonymous_4)
FN:30,(anonymous_5)
FN:62,formatDateTime
FN:85,(anonymous_7)
FN:87,(anonymous_8)
FNF:9
FNH:0
FNDA:0,(anonymous_0)
FNDA:0,(anonymous_1)
FNDA:0,(anonymous_2)
FNDA:0,(anonymous_3)
FNDA:0,(anonymous_4)
FNDA:0,(anonymous_5)
FNDA:0,formatDateTime
FNDA:0,(anonymous_7)
FNDA:0,(anonymous_8)
DA:7,25
DA:9,0
DA:10,0
DA:11,0
DA:15,0
DA:18,25
DA:20,25
DA:21,0
DA:23,0
DA:24,0
DA:25,0
DA:27,0
DA:30,25
DA:31,0
DA:33,0
DA:34,0
DA:35,0
DA:36,0
DA:37,0
DA:39,0
DA:40,0
DA:41,0
DA:43,0
DA:44,0
DA:46,0
DA:47,0
DA:49,0
DA:50,0
DA:54,0
DA:63,0
DA:65,0
DA:66,0
DA:67,0
DA:68,0
DA:69,0
DA:70,0
DA:72,0
DA:73,0
DA:75,0
DA:77,0
DA:79,0
DA:80,0
DA:82,0
DA:85,25
DA:86,0
DA:88,0
DA:89,0
DA:91,0
DA:92,0
LF:49
LH:5
BRDA:43,0,0,0
BRDA:43,0,1,0
BRDA:46,1,0,0
BRDA:46,1,1,0
BRDA:75,2,0,0
BRDA:75,2,1,0
BRDA:77,3,0,0
BRDA:77,3,1,0
BRDA:88,4,0,0
BRDA:88,4,1,0
BRF:10
BRH:0
end_of_record
TN:
SF:src/utils/resetConvo.ts
FN:3,resetConvo
FN:7,(anonymous_1)
FNF:2
FNH:0
FNDA:0,resetConvo
FNDA:0,(anonymous_1)
DA:4,0
DA:5,0
DA:7,0
DA:8,0
DA:9,0
DA:10,0
DA:20,0
DA:23,0
LF:8
LH:0
BRDA:4,0,0,0
BRDA:4,0,1,0
BRDA:9,1,0,0
BRDA:9,1,1,0
BRF:4
BRH:0
end_of_record
TN:
SF:src/utils/scaleImage.ts
FN:1,scaleImage
FNF:1
FNH:0
FNDA:0,scaleImage
DA:10,0
DA:12,0
DA:13,0
DA:16,0
DA:17,0
DA:18,0
DA:20,0
LF:7
LH:0
BRDA:10,0,0,0
BRDA:10,0,1,0
BRDA:12,1,0,0
BRDA:12,1,1,0
BRDA:12,2,0,0
BRDA:12,2,1,0
BRDA:12,2,2,0
BRF:7
BRH:0
end_of_record
TN:
SF:src/utils/textarea.ts
FN:4,insertTextAtCursor
FN:34,(anonymous_1)
FN:45,(anonymous_2)
FN:67,removeCharIfLast
FN:82,(anonymous_4)
FNF:5
FNH:0
FNDA:0,insertTextAtCursor
FNDA:0,(anonymous_1)
FNDA:0,(anonymous_2)
FNDA:0,removeCharIfLast
FNDA:0,(anonymous_4)
DA:5,0
DA:8,0
DA:9,0
DA:11,0
DA:12,0
DA:13,0
DA:14,0
DA:15,0
DA:16,0
DA:17,0
DA:18,0
DA:19,0
DA:34,25
DA:35,0
DA:36,0
DA:38,0
DA:39,0
DA:45,25
DA:46,0
DA:47,0
DA:49,0
DA:50,0
DA:51,0
DA:52,0
DA:54,0
DA:55,0
DA:56,0
DA:57,0
DA:68,0
DA:69,0
DA:70,0
DA:71,0
DA:74,0
DA:82,25
DA:83,0
DA:84,0
DA:86,0
LF:37
LH:3
BRDA:8,0,0,0
BRDA:8,0,1,0
BRDA:8,1,0,0
BRDA:8,1,1,0
BRDA:35,2,0,0
BRDA:35,2,1,0
BRDA:46,3,0,0
BRDA:46,3,1,0
BRDA:51,4,0,0
BRDA:51,4,1,0
BRDA:68,5,0,0
BRDA:68,5,1,0
BRDA:83,6,0,0
BRDA:83,6,1,0
BRF:14
BRH:0
end_of_record
TN:
SF:src/utils/theme.ts
FN:1,(anonymous_0)
FN:24,(anonymous_1)
FNF:2
FNH:1
FNDA:0,(anonymous_0)
FNDA:19,(anonymous_1)
DA:1,25
DA:2,0
DA:3,0
DA:5,0
DA:7,0
DA:8,0
DA:10,0
DA:11,0
DA:13,0
DA:14,0
DA:16,0
DA:17,0
DA:19,0
DA:20,0
DA:24,25
DA:25,19
DA:26,19
DA:27,19
DA:28,0
DA:31,19
DA:32,19
DA:33,0
DA:37,19
LF:23
LH:8
BRDA:5,0,0,0
BRDA:5,0,1,0
BRDA:5,0,2,0
BRDA:5,0,3,0
BRDA:5,0,4,0
BRDA:25,1,0,19
BRDA:25,1,1,0
BRDA:25,2,0,19
BRDA:25,2,1,19
BRDA:27,3,0,0
BRDA:27,3,1,19
BRDA:32,4,0,0
BRDA:32,4,1,19
BRF:13
BRH:5
end_of_record
